akolla@snaps-computer:~/extdata/packages$ R

R version 3.6.3 (2020-02-29) -- "Holding the Windsock"
Copyright (C) 2020 The R Foundation for Statistical Computing
Platform: x86_64-pc-linux-gnu (64-bit)

R is free software and comes with ABSOLUTELY NO WARRANTY.
You are welcome to redistribute it under certain conditions.
Type 'license()' or 'licence()' for distribution details.

  Natural language support but running in an English locale

R is a collaborative project with many contributors.
Type 'contributors()' for more information and
'citation()' on how to cite R or R packages in publications.

Type 'demo()' for some demos, 'help()' for on-line help, or
'help.start()' for an HTML browser interface to help.
Type 'q()' to quit R.

> library(RcppDeepState)
> RcppDeepState::deepstate_getRcppExports()
   1 - /home/akolla/R/x86_64-pc-linux-gnu-library/3.6/RcppDeepState/extdata/packages/parallelDist_0.2.4.tar.gz
[1] "parallelDist"
We can't test the function - cpp_parallelDistVec - due to  datatypes fall out of the specified list
We can't test the function - cpp_parallelDistMatrixVec - due to  datatypes fall out of the specified list
Testharness created for 0 functions in the package
character(0)
[1] "Package cannot be tested using RcppDeepState!!"
   2 - /home/akolla/R/x86_64-pc-linux-gnu-library/3.6/RcppDeepState/extdata/packages/QRM_0.4-31.tar.gz
[1] "QRM"
Testharness created for 2 functions in the package
[1] "rfrank_DeepState_TestHarness.cpp" "rgig_DeepState_TestHarness.cpp"  
cd /home/akolla/R/x86_64-pc-linux-gnu-library/3.6/RcppDeepState/extdata/compileAttributes/QRM/inst/testfiles/rfrank && rm -f *.o && make
clang++ -g -I/usr/share/R/include -I/home/akolla/R/x86_64-pc-linux-gnu-library/3.6/Rcpp/include -I/home/akolla/R/x86_64-pc-linux-gnu-library/3.6/RcppArmadillo/include -I/home/akolla/R/x86_64-pc-linux-gnu-library/3.6/qs/include -I/home/akolla/R/x86_64-pc-linux-gnu-library/3.6/RInside/include -I/home/akolla/R/x86_64-pc-linux-gnu-library/3.6/RcppDeepState/include /home/akolla/R/x86_64-pc-linux-gnu-library/3.6/RcppDeepState/extdata/compileAttributes/QRM/inst/testfiles/rfrank/rfrank_DeepState_TestHarness.cpp -o /home/akolla/R/x86_64-pc-linux-gnu-library/3.6/RcppDeepState/extdata/compileAttributes/QRM/inst/testfiles/rfrank/rfrank_DeepState_TestHarness.o -c
clang++ -g -o /home/akolla/R/x86_64-pc-linux-gnu-library/3.6/RcppDeepState/extdata/compileAttributes/QRM/inst/testfiles/rfrank/rfrank_DeepState_TestHarness /home/akolla/R/x86_64-pc-linux-gnu-library/3.6/RcppDeepState/extdata/compileAttributes/QRM/inst/testfiles/rfrank/rfrank_DeepState_TestHarness.o -I/home/akolla/R/x86_64-pc-linux-gnu-library/3.6/RcppDeepState/include -I/home/akolla/.RcppDeepState/deepstate-master/build -I/home/akolla/.RcppDeepState/deepstate-master/src/include -L/home/akolla/R/x86_64-pc-linux-gnu-library/3.6/RInside/lib -Wl,-rpath=/home/akolla/R/x86_64-pc-linux-gnu-library/3.6/RInside/lib -L/usr/share/R/lib -Wl,-rpath=/usr/share/R/lib -L/home/akolla/.RcppDeepState/deepstate-master/build -Wl,-rpath=/home/akolla/.RcppDeepState/deepstate-master/build -lR -lRInside -ldeepstate -I/usr/share/R/include -I/home/akolla/R/x86_64-pc-linux-gnu-library/3.6/Rcpp/include -I/home/akolla/R/x86_64-pc-linux-gnu-library/3.6/RcppArmadillo/include -I/home/akolla/.RcppDeepState/deepstate-master/src/include /home/akolla/R/x86_64-pc-linux-gnu-library/3.6/RcppDeepState/extdata/compileAttributes/QRM/src/*.cpp
cd /home/akolla/R/x86_64-pc-linux-gnu-library/3.6/RcppDeepState/extdata/compileAttributes/QRM/inst/testfiles/rfrank && valgrind --xml=yes --xml-file=/home/akolla/R/x86_64-pc-linux-gnu-library/3.6/RcppDeepState/extdata/compileAttributes/QRM/inst/testfiles/rfrank/rfrank_log --tool=memcheck --leak-check=yes --track-origins=yes ./rfrank_DeepState_TestHarness --fuzz --fuzz_save_passing --output_test_dir /home/akolla/R/x86_64-pc-linux-gnu-library/3.6/RcppDeepState/extdata/compileAttributes/QRM/inst/testfiles/rfrank/rfrank_output > /home/akolla/R/x86_64-pc-linux-gnu-library/3.6/RcppDeepState/extdata/compileAttributes/QRM/inst/testfiles/rfrank/rfrank_log_text 2>&1 ; head /home/akolla/R/x86_64-pc-linux-gnu-library/3.6/RcppDeepState/extdata/compileAttributes/QRM/inst/testfiles/rfrank/rfrank_log_text > /dev/null
cd /home/akolla/R/x86_64-pc-linux-gnu-library/3.6/RcppDeepState/extdata/compileAttributes/QRM/inst/testfiles/rgig && rm -f *.o && make
clang++ -g -I/usr/share/R/include -I/home/akolla/R/x86_64-pc-linux-gnu-library/3.6/Rcpp/include -I/home/akolla/R/x86_64-pc-linux-gnu-library/3.6/RcppArmadillo/include -I/home/akolla/R/x86_64-pc-linux-gnu-library/3.6/qs/include -I/home/akolla/R/x86_64-pc-linux-gnu-library/3.6/RInside/include -I/home/akolla/R/x86_64-pc-linux-gnu-library/3.6/RcppDeepState/include /home/akolla/R/x86_64-pc-linux-gnu-library/3.6/RcppDeepState/extdata/compileAttributes/QRM/inst/testfiles/rgig/rgig_DeepState_TestHarness.cpp -o /home/akolla/R/x86_64-pc-linux-gnu-library/3.6/RcppDeepState/extdata/compileAttributes/QRM/inst/testfiles/rgig/rgig_DeepState_TestHarness.o -c
clang++ -g -o /home/akolla/R/x86_64-pc-linux-gnu-library/3.6/RcppDeepState/extdata/compileAttributes/QRM/inst/testfiles/rgig/rgig_DeepState_TestHarness /home/akolla/R/x86_64-pc-linux-gnu-library/3.6/RcppDeepState/extdata/compileAttributes/QRM/inst/testfiles/rgig/rgig_DeepState_TestHarness.o -I/home/akolla/R/x86_64-pc-linux-gnu-library/3.6/RcppDeepState/include -I/home/akolla/.RcppDeepState/deepstate-master/build -I/home/akolla/.RcppDeepState/deepstate-master/src/include -L/home/akolla/R/x86_64-pc-linux-gnu-library/3.6/RInside/lib -Wl,-rpath=/home/akolla/R/x86_64-pc-linux-gnu-library/3.6/RInside/lib -L/usr/share/R/lib -Wl,-rpath=/usr/share/R/lib -L/home/akolla/.RcppDeepState/deepstate-master/build -Wl,-rpath=/home/akolla/.RcppDeepState/deepstate-master/build -lR -lRInside -ldeepstate -I/usr/share/R/include -I/home/akolla/R/x86_64-pc-linux-gnu-library/3.6/Rcpp/include -I/home/akolla/R/x86_64-pc-linux-gnu-library/3.6/RcppArmadillo/include -I/home/akolla/.RcppDeepState/deepstate-master/src/include /home/akolla/R/x86_64-pc-linux-gnu-library/3.6/RcppDeepState/extdata/compileAttributes/QRM/src/*.cpp
cd /home/akolla/R/x86_64-pc-linux-gnu-library/3.6/RcppDeepState/extdata/compileAttributes/QRM/inst/testfiles/rgig && valgrind --xml=yes --xml-file=/home/akolla/R/x86_64-pc-linux-gnu-library/3.6/RcppDeepState/extdata/compileAttributes/QRM/inst/testfiles/rgig/rgig_log --tool=memcheck --leak-check=yes --track-origins=yes ./rgig_DeepState_TestHarness --fuzz --fuzz_save_passing --output_test_dir /home/akolla/R/x86_64-pc-linux-gnu-library/3.6/RcppDeepState/extdata/compileAttributes/QRM/inst/testfiles/rgig/rgig_output > /home/akolla/R/x86_64-pc-linux-gnu-library/3.6/RcppDeepState/extdata/compileAttributes/QRM/inst/testfiles/rgig/rgig_log_text 2>&1 ; head /home/akolla/R/x86_64-pc-linux-gnu-library/3.6/RcppDeepState/extdata/compileAttributes/QRM/inst/testfiles/rgig/rgig_log_text > /dev/null

analyzed binary - found no issues

analyzed binary - found no issues

analyzed binary - found no issues
^C
analyzed binary - found no issues
^C
analyzed binary - found no issues
^C
analyzed binary - found no issues
   3 - /home/akolla/R/x86_64-pc-linux-gnu-library/3.6/RcppDeepState/extdata/packages/qs_0.23.2.tar.gz
[1] "qs"
We can't test the function - zstd_compress_raw - due to  datatypes fall out of the specified list
We can't test the function - zstd_decompress_raw - due to  datatypes fall out of the specified list
We can't test the function - lz4_compress_raw - due to  datatypes fall out of the specified list
We can't test the function - lz4_decompress_raw - due to  datatypes fall out of the specified list
We can't test the function - blosc_shuffle_raw - due to  datatypes fall out of the specified list
We can't test the function - blosc_unshuffle_raw - due to  datatypes fall out of the specified list
We can't test the function - xxhash_raw - due to  datatypes fall out of the specified list
We can't test the function - convertToAlt - due to  datatypes fall out of the specified list
We can't test the function - base85_encode - due to  datatypes fall out of the specified list
We can't test the function - base85_decode - due to  datatypes fall out of the specified list
We can't test the function - base91_encode - due to  datatypes fall out of the specified list
We can't test the function - base91_decode - due to  datatypes fall out of the specified list
We can't test the function - c_qsave - due to  datatypes fall out of the specified list
We can't test the function - c_qsave_fd - due to  datatypes fall out of the specified list
We can't test the function - c_qsave_handle - due to  datatypes fall out of the specified list
We can't test the function - c_qserialize - due to  datatypes fall out of the specified list
We can't test the function - c_qread - due to  datatypes fall out of the specified list
We can't test the function - c_qread_fd - due to  datatypes fall out of the specified list
We can't test the function - c_qread_handle - due to  datatypes fall out of the specified list
We can't test the function - c_qread_ptr - due to  datatypes fall out of the specified list
We can't test the function - c_qdeserialize - due to  datatypes fall out of the specified list
We can't test the function - c_qdump - due to  datatypes fall out of the specified list
We can't test the function - openFd - due to  datatypes fall out of the specified list
We can't test the function - closeMmap - due to  datatypes fall out of the specified list
We can't test the function - openHandle - due to  datatypes fall out of the specified list
We can't test the function - closeHandle - due to  datatypes fall out of the specified list
We can't test the function - openWinFileMapping - due to  datatypes fall out of the specified list
We can't test the function - openWinMapView - due to  datatypes fall out of the specified list
We can't test the function - closeWinMapView - due to  datatypes fall out of the specified list
Testharness created for 6 functions in the package
[1] "randomStrings_DeepState_TestHarness.cpp"      
[2] "zstd_compress_bound_DeepState_TestHarness.cpp"
[3] "lz4_compress_bound_DeepState_TestHarness.cpp" 
[4] "readFdDirect_DeepState_TestHarness.cpp"       
[5] "closeFd_DeepState_TestHarness.cpp"            
[6] "openMmap_DeepState_TestHarness.cpp"           
cd /home/akolla/R/x86_64-pc-linux-gnu-library/3.6/RcppDeepState/extdata/compileAttributes/qs/inst/testfiles/randomStrings && rm -f *.o && make
clang++ -g -I/usr/share/R/include -I/home/akolla/R/x86_64-pc-linux-gnu-library/3.6/Rcpp/include -I/home/akolla/R/x86_64-pc-linux-gnu-library/3.6/RcppArmadillo/include -I/home/akolla/R/x86_64-pc-linux-gnu-library/3.6/qs/include -I/home/akolla/R/x86_64-pc-linux-gnu-library/3.6/RInside/include -I/home/akolla/R/x86_64-pc-linux-gnu-library/3.6/RcppDeepState/include /home/akolla/R/x86_64-pc-linux-gnu-library/3.6/RcppDeepState/extdata/compileAttributes/qs/inst/testfiles/randomStrings/randomStrings_DeepState_TestHarness.cpp -o /home/akolla/R/x86_64-pc-linux-gnu-library/3.6/RcppDeepState/extdata/compileAttributes/qs/inst/testfiles/randomStrings/randomStrings_DeepState_TestHarness.o -c
clang++ -g -o /home/akolla/R/x86_64-pc-linux-gnu-library/3.6/RcppDeepState/extdata/compileAttributes/qs/inst/testfiles/randomStrings/randomStrings_DeepState_TestHarness /home/akolla/R/x86_64-pc-linux-gnu-library/3.6/RcppDeepState/extdata/compileAttributes/qs/inst/testfiles/randomStrings/randomStrings_DeepState_TestHarness.o -I/home/akolla/R/x86_64-pc-linux-gnu-library/3.6/RcppDeepState/include -I/home/akolla/.RcppDeepState/deepstate-master/build -I/home/akolla/.RcppDeepState/deepstate-master/src/include -L/home/akolla/R/x86_64-pc-linux-gnu-library/3.6/RInside/lib -Wl,-rpath=/home/akolla/R/x86_64-pc-linux-gnu-library/3.6/RInside/lib -L/usr/share/R/lib -Wl,-rpath=/usr/share/R/lib -L/home/akolla/.RcppDeepState/deepstate-master/build -Wl,-rpath=/home/akolla/.RcppDeepState/deepstate-master/build -lR -lRInside -ldeepstate -I/usr/share/R/include -I/home/akolla/R/x86_64-pc-linux-gnu-library/3.6/Rcpp/include -I/home/akolla/R/x86_64-pc-linux-gnu-library/3.6/RcppArmadillo/include -I/home/akolla/.RcppDeepState/deepstate-master/src/include /home/akolla/R/x86_64-pc-linux-gnu-library/3.6/RcppDeepState/extdata/compileAttributes/qs/src/*.cpp
In file included from /home/akolla/R/x86_64-pc-linux-gnu-library/3.6/RcppDeepState/extdata/compileAttributes/qs/src/qs_functions.cpp:21:
/home/akolla/R/x86_64-pc-linux-gnu-library/3.6/RcppDeepState/extdata/compileAttributes/qs/src/qs_common.h:65:10: fatal error: 
      'RApiSerializeAPI.h' file not found
#include "RApiSerializeAPI.h"
         ^~~~~~~~~~~~~~~~~~~~
1 error generated.
make: *** [Makefile:8: /home/akolla/R/x86_64-pc-linux-gnu-library/3.6/RcppDeepState/extdata/compileAttributes/qs/inst/testfiles/randomStrings/randomStrings_DeepState_TestHarness] Error 1
cd /home/akolla/R/x86_64-pc-linux-gnu-library/3.6/RcppDeepState/extdata/compileAttributes/qs/inst/testfiles/zstd_compress_bound && rm -f *.o && make
clang++ -g -I/usr/share/R/include -I/home/akolla/R/x86_64-pc-linux-gnu-library/3.6/Rcpp/include -I/home/akolla/R/x86_64-pc-linux-gnu-library/3.6/RcppArmadillo/include -I/home/akolla/R/x86_64-pc-linux-gnu-library/3.6/qs/include -I/home/akolla/R/x86_64-pc-linux-gnu-library/3.6/RInside/include -I/home/akolla/R/x86_64-pc-linux-gnu-library/3.6/RcppDeepState/include /home/akolla/R/x86_64-pc-linux-gnu-library/3.6/RcppDeepState/extdata/compileAttributes/qs/inst/testfiles/zstd_compress_bound/zstd_compress_bound_DeepState_TestHarness.cpp -o /home/akolla/R/x86_64-pc-linux-gnu-library/3.6/RcppDeepState/extdata/compileAttributes/qs/inst/testfiles/zstd_compress_bound/zstd_compress_bound_DeepState_TestHarness.o -c
clang++ -g -o /home/akolla/R/x86_64-pc-linux-gnu-library/3.6/RcppDeepState/extdata/compileAttributes/qs/inst/testfiles/zstd_compress_bound/zstd_compress_bound_DeepState_TestHarness /home/akolla/R/x86_64-pc-linux-gnu-library/3.6/RcppDeepState/extdata/compileAttributes/qs/inst/testfiles/zstd_compress_bound/zstd_compress_bound_DeepState_TestHarness.o -I/home/akolla/R/x86_64-pc-linux-gnu-library/3.6/RcppDeepState/include -I/home/akolla/.RcppDeepState/deepstate-master/build -I/home/akolla/.RcppDeepState/deepstate-master/src/include -L/home/akolla/R/x86_64-pc-linux-gnu-library/3.6/RInside/lib -Wl,-rpath=/home/akolla/R/x86_64-pc-linux-gnu-library/3.6/RInside/lib -L/usr/share/R/lib -Wl,-rpath=/usr/share/R/lib -L/home/akolla/.RcppDeepState/deepstate-master/build -Wl,-rpath=/home/akolla/.RcppDeepState/deepstate-master/build -lR -lRInside -ldeepstate -I/usr/share/R/include -I/home/akolla/R/x86_64-pc-linux-gnu-library/3.6/Rcpp/include -I/home/akolla/R/x86_64-pc-linux-gnu-library/3.6/RcppArmadillo/include -I/home/akolla/.RcppDeepState/deepstate-master/src/include /home/akolla/R/x86_64-pc-linux-gnu-library/3.6/RcppDeepState/extdata/compileAttributes/qs/src/*.cpp
In file included from /home/akolla/R/x86_64-pc-linux-gnu-library/3.6/RcppDeepState/extdata/compileAttributes/qs/src/qs_functions.cpp:21:
/home/akolla/R/x86_64-pc-linux-gnu-library/3.6/RcppDeepState/extdata/compileAttributes/qs/src/qs_common.h:65:10: fatal error: 
      'RApiSerializeAPI.h' file not found
#include "RApiSerializeAPI.h"
         ^~~~~~~~~~~~~~~~~~~~
1 error generated.
make: *** [Makefile:8: /home/akolla/R/x86_64-pc-linux-gnu-library/3.6/RcppDeepState/extdata/compileAttributes/qs/inst/testfiles/zstd_compress_bound/zstd_compress_bound_DeepState_TestHarness] Error 1
cd /home/akolla/R/x86_64-pc-linux-gnu-library/3.6/RcppDeepState/extdata/compileAttributes/qs/inst/testfiles/lz4_compress_bound && rm -f *.o && make
clang++ -g -I/usr/share/R/include -I/home/akolla/R/x86_64-pc-linux-gnu-library/3.6/Rcpp/include -I/home/akolla/R/x86_64-pc-linux-gnu-library/3.6/RcppArmadillo/include -I/home/akolla/R/x86_64-pc-linux-gnu-library/3.6/qs/include -I/home/akolla/R/x86_64-pc-linux-gnu-library/3.6/RInside/include -I/home/akolla/R/x86_64-pc-linux-gnu-library/3.6/RcppDeepState/include /home/akolla/R/x86_64-pc-linux-gnu-library/3.6/RcppDeepState/extdata/compileAttributes/qs/inst/testfiles/lz4_compress_bound/lz4_compress_bound_DeepState_TestHarness.cpp -o /home/akolla/R/x86_64-pc-linux-gnu-library/3.6/RcppDeepState/extdata/compileAttributes/qs/inst/testfiles/lz4_compress_bound/lz4_compress_bound_DeepState_TestHarness.o -c
clang++ -g -o /home/akolla/R/x86_64-pc-linux-gnu-library/3.6/RcppDeepState/extdata/compileAttributes/qs/inst/testfiles/lz4_compress_bound/lz4_compress_bound_DeepState_TestHarness /home/akolla/R/x86_64-pc-linux-gnu-library/3.6/RcppDeepState/extdata/compileAttributes/qs/inst/testfiles/lz4_compress_bound/lz4_compress_bound_DeepState_TestHarness.o -I/home/akolla/R/x86_64-pc-linux-gnu-library/3.6/RcppDeepState/include -I/home/akolla/.RcppDeepState/deepstate-master/build -I/home/akolla/.RcppDeepState/deepstate-master/src/include -L/home/akolla/R/x86_64-pc-linux-gnu-library/3.6/RInside/lib -Wl,-rpath=/home/akolla/R/x86_64-pc-linux-gnu-library/3.6/RInside/lib -L/usr/share/R/lib -Wl,-rpath=/usr/share/R/lib -L/home/akolla/.RcppDeepState/deepstate-master/build -Wl,-rpath=/home/akolla/.RcppDeepState/deepstate-master/build -lR -lRInside -ldeepstate -I/usr/share/R/include -I/home/akolla/R/x86_64-pc-linux-gnu-library/3.6/Rcpp/include -I/home/akolla/R/x86_64-pc-linux-gnu-library/3.6/RcppArmadillo/include -I/home/akolla/.RcppDeepState/deepstate-master/src/include /home/akolla/R/x86_64-pc-linux-gnu-library/3.6/RcppDeepState/extdata/compileAttributes/qs/src/*.cpp
In file included from /home/akolla/R/x86_64-pc-linux-gnu-library/3.6/RcppDeepState/extdata/compileAttributes/qs/src/qs_functions.cpp:21:
/home/akolla/R/x86_64-pc-linux-gnu-library/3.6/RcppDeepState/extdata/compileAttributes/qs/src/qs_common.h:65:10: fatal error: 
      'RApiSerializeAPI.h' file not found
#include "RApiSerializeAPI.h"
         ^~~~~~~~~~~~~~~~~~~~
1 error generated.
make: *** [Makefile:8: /home/akolla/R/x86_64-pc-linux-gnu-library/3.6/RcppDeepState/extdata/compileAttributes/qs/inst/testfiles/lz4_compress_bound/lz4_compress_bound_DeepState_TestHarness] Error 1
cd /home/akolla/R/x86_64-pc-linux-gnu-library/3.6/RcppDeepState/extdata/compileAttributes/qs/inst/testfiles/readFdDirect && rm -f *.o && make
clang++ -g -I/usr/share/R/include -I/home/akolla/R/x86_64-pc-linux-gnu-library/3.6/Rcpp/include -I/home/akolla/R/x86_64-pc-linux-gnu-library/3.6/RcppArmadillo/include -I/home/akolla/R/x86_64-pc-linux-gnu-library/3.6/qs/include -I/home/akolla/R/x86_64-pc-linux-gnu-library/3.6/RInside/include -I/home/akolla/R/x86_64-pc-linux-gnu-library/3.6/RcppDeepState/include /home/akolla/R/x86_64-pc-linux-gnu-library/3.6/RcppDeepState/extdata/compileAttributes/qs/inst/testfiles/readFdDirect/readFdDirect_DeepState_TestHarness.cpp -o /home/akolla/R/x86_64-pc-linux-gnu-library/3.6/RcppDeepState/extdata/compileAttributes/qs/inst/testfiles/readFdDirect/readFdDirect_DeepState_TestHarness.o -c
clang++ -g -o /home/akolla/R/x86_64-pc-linux-gnu-library/3.6/RcppDeepState/extdata/compileAttributes/qs/inst/testfiles/readFdDirect/readFdDirect_DeepState_TestHarness /home/akolla/R/x86_64-pc-linux-gnu-library/3.6/RcppDeepState/extdata/compileAttributes/qs/inst/testfiles/readFdDirect/readFdDirect_DeepState_TestHarness.o -I/home/akolla/R/x86_64-pc-linux-gnu-library/3.6/RcppDeepState/include -I/home/akolla/.RcppDeepState/deepstate-master/build -I/home/akolla/.RcppDeepState/deepstate-master/src/include -L/home/akolla/R/x86_64-pc-linux-gnu-library/3.6/RInside/lib -Wl,-rpath=/home/akolla/R/x86_64-pc-linux-gnu-library/3.6/RInside/lib -L/usr/share/R/lib -Wl,-rpath=/usr/share/R/lib -L/home/akolla/.RcppDeepState/deepstate-master/build -Wl,-rpath=/home/akolla/.RcppDeepState/deepstate-master/build -lR -lRInside -ldeepstate -I/usr/share/R/include -I/home/akolla/R/x86_64-pc-linux-gnu-library/3.6/Rcpp/include -I/home/akolla/R/x86_64-pc-linux-gnu-library/3.6/RcppArmadillo/include -I/home/akolla/.RcppDeepState/deepstate-master/src/include /home/akolla/R/x86_64-pc-linux-gnu-library/3.6/RcppDeepState/extdata/compileAttributes/qs/src/*.cpp
In file included from /home/akolla/R/x86_64-pc-linux-gnu-library/3.6/RcppDeepState/extdata/compileAttributes/qs/src/qs_functions.cpp:21:
/home/akolla/R/x86_64-pc-linux-gnu-library/3.6/RcppDeepState/extdata/compileAttributes/qs/src/qs_common.h:65:10: fatal error: 
      'RApiSerializeAPI.h' file not found
#include "RApiSerializeAPI.h"
         ^~~~~~~~~~~~~~~~~~~~
1 error generated.
make: *** [Makefile:8: /home/akolla/R/x86_64-pc-linux-gnu-library/3.6/RcppDeepState/extdata/compileAttributes/qs/inst/testfiles/readFdDirect/readFdDirect_DeepState_TestHarness] Error 1
cd /home/akolla/R/x86_64-pc-linux-gnu-library/3.6/RcppDeepState/extdata/compileAttributes/qs/inst/testfiles/closeFd && rm -f *.o && make
clang++ -g -I/usr/share/R/include -I/home/akolla/R/x86_64-pc-linux-gnu-library/3.6/Rcpp/include -I/home/akolla/R/x86_64-pc-linux-gnu-library/3.6/RcppArmadillo/include -I/home/akolla/R/x86_64-pc-linux-gnu-library/3.6/qs/include -I/home/akolla/R/x86_64-pc-linux-gnu-library/3.6/RInside/include -I/home/akolla/R/x86_64-pc-linux-gnu-library/3.6/RcppDeepState/include /home/akolla/R/x86_64-pc-linux-gnu-library/3.6/RcppDeepState/extdata/compileAttributes/qs/inst/testfiles/closeFd/closeFd_DeepState_TestHarness.cpp -o /home/akolla/R/x86_64-pc-linux-gnu-library/3.6/RcppDeepState/extdata/compileAttributes/qs/inst/testfiles/closeFd/closeFd_DeepState_TestHarness.o -c
clang++ -g -o /home/akolla/R/x86_64-pc-linux-gnu-library/3.6/RcppDeepState/extdata/compileAttributes/qs/inst/testfiles/closeFd/closeFd_DeepState_TestHarness /home/akolla/R/x86_64-pc-linux-gnu-library/3.6/RcppDeepState/extdata/compileAttributes/qs/inst/testfiles/closeFd/closeFd_DeepState_TestHarness.o -I/home/akolla/R/x86_64-pc-linux-gnu-library/3.6/RcppDeepState/include -I/home/akolla/.RcppDeepState/deepstate-master/build -I/home/akolla/.RcppDeepState/deepstate-master/src/include -L/home/akolla/R/x86_64-pc-linux-gnu-library/3.6/RInside/lib -Wl,-rpath=/home/akolla/R/x86_64-pc-linux-gnu-library/3.6/RInside/lib -L/usr/share/R/lib -Wl,-rpath=/usr/share/R/lib -L/home/akolla/.RcppDeepState/deepstate-master/build -Wl,-rpath=/home/akolla/.RcppDeepState/deepstate-master/build -lR -lRInside -ldeepstate -I/usr/share/R/include -I/home/akolla/R/x86_64-pc-linux-gnu-library/3.6/Rcpp/include -I/home/akolla/R/x86_64-pc-linux-gnu-library/3.6/RcppArmadillo/include -I/home/akolla/.RcppDeepState/deepstate-master/src/include /home/akolla/R/x86_64-pc-linux-gnu-library/3.6/RcppDeepState/extdata/compileAttributes/qs/src/*.cpp
In file included from /home/akolla/R/x86_64-pc-linux-gnu-library/3.6/RcppDeepState/extdata/compileAttributes/qs/src/qs_functions.cpp:21:
/home/akolla/R/x86_64-pc-linux-gnu-library/3.6/RcppDeepState/extdata/compileAttributes/qs/src/qs_common.h:65:10: fatal error: 
      'RApiSerializeAPI.h' file not found
#include "RApiSerializeAPI.h"
         ^~~~~~~~~~~~~~~~~~~~
1 error generated.
make: *** [Makefile:8: /home/akolla/R/x86_64-pc-linux-gnu-library/3.6/RcppDeepState/extdata/compileAttributes/qs/inst/testfiles/closeFd/closeFd_DeepState_TestHarness] Error 1
cd /home/akolla/R/x86_64-pc-linux-gnu-library/3.6/RcppDeepState/extdata/compileAttributes/qs/inst/testfiles/openMmap && rm -f *.o && make
clang++ -g -I/usr/share/R/include -I/home/akolla/R/x86_64-pc-linux-gnu-library/3.6/Rcpp/include -I/home/akolla/R/x86_64-pc-linux-gnu-library/3.6/RcppArmadillo/include -I/home/akolla/R/x86_64-pc-linux-gnu-library/3.6/qs/include -I/home/akolla/R/x86_64-pc-linux-gnu-library/3.6/RInside/include -I/home/akolla/R/x86_64-pc-linux-gnu-library/3.6/RcppDeepState/include /home/akolla/R/x86_64-pc-linux-gnu-library/3.6/RcppDeepState/extdata/compileAttributes/qs/inst/testfiles/openMmap/openMmap_DeepState_TestHarness.cpp -o /home/akolla/R/x86_64-pc-linux-gnu-library/3.6/RcppDeepState/extdata/compileAttributes/qs/inst/testfiles/openMmap/openMmap_DeepState_TestHarness.o -c
clang++ -g -o /home/akolla/R/x86_64-pc-linux-gnu-library/3.6/RcppDeepState/extdata/compileAttributes/qs/inst/testfiles/openMmap/openMmap_DeepState_TestHarness /home/akolla/R/x86_64-pc-linux-gnu-library/3.6/RcppDeepState/extdata/compileAttributes/qs/inst/testfiles/openMmap/openMmap_DeepState_TestHarness.o -I/home/akolla/R/x86_64-pc-linux-gnu-library/3.6/RcppDeepState/include -I/home/akolla/.RcppDeepState/deepstate-master/build -I/home/akolla/.RcppDeepState/deepstate-master/src/include -L/home/akolla/R/x86_64-pc-linux-gnu-library/3.6/RInside/lib -Wl,-rpath=/home/akolla/R/x86_64-pc-linux-gnu-library/3.6/RInside/lib -L/usr/share/R/lib -Wl,-rpath=/usr/share/R/lib -L/home/akolla/.RcppDeepState/deepstate-master/build -Wl,-rpath=/home/akolla/.RcppDeepState/deepstate-master/build -lR -lRInside -ldeepstate -I/usr/share/R/include -I/home/akolla/R/x86_64-pc-linux-gnu-library/3.6/Rcpp/include -I/home/akolla/R/x86_64-pc-linux-gnu-library/3.6/RcppArmadillo/include -I/home/akolla/.RcppDeepState/deepstate-master/src/include /home/akolla/R/x86_64-pc-linux-gnu-library/3.6/RcppDeepState/extdata/compileAttributes/qs/src/*.cpp
In file included from /home/akolla/R/x86_64-pc-linux-gnu-library/3.6/RcppDeepState/extdata/compileAttributes/qs/src/qs_functions.cpp:21:
/home/akolla/R/x86_64-pc-linux-gnu-library/3.6/RcppDeepState/extdata/compileAttributes/qs/src/qs_common.h:65:10: fatal error: 
      'RApiSerializeAPI.h' file not found
#include "RApiSerializeAPI.h"
         ^~~~~~~~~~~~~~~~~~~~
1 error generated.
make: *** [Makefile:8: /home/akolla/R/x86_64-pc-linux-gnu-library/3.6/RcppDeepState/extdata/compileAttributes/qs/inst/testfiles/openMmap/openMmap_DeepState_TestHarness] Error 1
   4 - /home/akolla/R/x86_64-pc-linux-gnu-library/3.6/RcppDeepState/extdata/packages/qtl2_0.22-11.tar.gz
[1] "qtl2"
We can't test the function - arrange_genes - due to  datatypes fall out of the specified list
We can't test the function - R_bayes_int_plain - due to  datatypes fall out of the specified list
We can't test the function - calc_ll_binreg - due to  datatypes fall out of the specified list
We can't test the function - calc_coef_binreg - due to  datatypes fall out of the specified list
We can't test the function - calc_coefSE_binreg - due to  datatypes fall out of the specified list
We can't test the function - fit_binreg - due to  datatypes fall out of the specified list
We can't test the function - calc_ll_binreg_eigenchol - due to  datatypes fall out of the specified list
We can't test the function - calc_ll_binreg_eigenqr - due to  datatypes fall out of the specified list
We can't test the function - calc_coef_binreg_eigenqr - due to  datatypes fall out of the specified list
We can't test the function - calc_coefSE_binreg_eigenqr - due to  datatypes fall out of the specified list
We can't test the function - fit_binreg_eigenqr - due to  datatypes fall out of the specified list
We can't test the function - calc_ll_binreg_weighted - due to  datatypes fall out of the specified list
We can't test the function - calc_coef_binreg_weighted - due to  datatypes fall out of the specified list
We can't test the function - calc_coefSE_binreg_weighted - due to  datatypes fall out of the specified list
We can't test the function - fit_binreg_weighted - due to  datatypes fall out of the specified list
We can't test the function - calc_ll_binreg_weighted_eigenchol - due to  datatypes fall out of the specified list
We can't test the function - calc_ll_binreg_weighted_eigenqr - due to  datatypes fall out of the specified list
We can't test the function - calc_coef_binreg_weighted_eigenqr - due to  datatypes fall out of the specified list
We can't test the function - calc_coefSE_binreg_weighted_eigenqr - due to  datatypes fall out of the specified list
We can't test the function - fit_binreg_weighted_eigenqr - due to  datatypes fall out of the specified list
We can't test the function - calc_kinship - due to  datatypes fall out of the specified list
We can't test the function - crosstype_supported - due to  datatypes fall out of the specified list
We can't test the function - count_invalid_genotypes - due to  datatypes fall out of the specified list
We can't test the function - check_crossinfo - due to  datatypes fall out of the specified list
We can't test the function - check_is_female_vector - due to  datatypes fall out of the specified list
We can't test the function - check_handle_x_chr - due to  datatypes fall out of the specified list
We can't test the function - chisq_colpairs - due to  datatypes fall out of the specified list
We can't test the function - clean_genoprob - due to  datatypes fall out of the specified list
We can't test the function - compare_geno - due to  datatypes fall out of the specified list
We can't test the function - count_xo - due to  datatypes fall out of the specified list
We can't test the function - count_xo_3d - due to  datatypes fall out of the specified list
We can't test the function - mpp_encode_alleles - due to  datatypes fall out of the specified list
We can't test the function - mpp_decode_geno - due to  datatypes fall out of the specified list
We can't test the function - mpp_is_het - due to  datatypes fall out of the specified list
We can't test the function - mpp_geno_names - due to  datatypes fall out of the specified list
We can't test the function - is_phase_known - due to  datatypes fall out of the specified list
We can't test the function - find_ibd_segments - due to  datatypes fall out of the specified list
We can't test the function - R_find_peaks - due to  datatypes fall out of the specified list
We can't test the function - R_find_peaks_and_lodint - due to  datatypes fall out of the specified list
We can't test the function - R_find_peaks_and_bayesint - due to  datatypes fall out of the specified list
We can't test the function - fit1_binary_addcovar - due to  datatypes fall out of the specified list
We can't test the function - fit1_binary_intcovar - due to  datatypes fall out of the specified list
We can't test the function - fit1_hk_addcovar - due to  datatypes fall out of the specified list
We can't test the function - fit1_hk_intcovar - due to  datatypes fall out of the specified list
We can't test the function - fit1_pg_addcovar - due to  datatypes fall out of the specified list
We can't test the function - fit1_pg_intcovar - due to  datatypes fall out of the specified list
We can't test the function - geno_names - due to  datatypes fall out of the specified list
We can't test the function - nalleles - due to  datatypes fall out of the specified list
We can't test the function - genoprob_to_alleleprob - due to  datatypes fall out of the specified list
We can't test the function - get_x_covar - due to  datatypes fall out of the specified list
We can't test the function - guess_phase_f2A - due to  datatypes fall out of the specified list
We can't test the function - guess_phase_f2X - due to  datatypes fall out of the specified list
We can't test the function - guess_phase_A - due to  datatypes fall out of the specified list
We can't test the function - guess_phase_X - due to  datatypes fall out of the specified list
We can't test the function - calc_errorlod - due to  datatypes fall out of the specified list
We can't test the function - calc_genoprob - due to  datatypes fall out of the specified list
We can't test the function - calc_genoprob2 - due to  datatypes fall out of the specified list
We can't test the function - est_map - due to  datatypes fall out of the specified list
We can't test the function - est_map2 - due to  datatypes fall out of the specified list
We can't test the function - sim_geno - due to  datatypes fall out of the specified list
We can't test the function - sim_geno2 - due to  datatypes fall out of the specified list
We can't test the function - viterbi - due to  datatypes fall out of the specified list
We can't test the function - viterbi2 - due to  datatypes fall out of the specified list
We can't test the function - interp_genoprob_onechr - due to  datatypes fall out of the specified list
We can't test the function - interpolate_map - due to  datatypes fall out of the specified list
We can't test the function - find_intervals - due to  datatypes fall out of the specified list
We can't test the function - calc_rss_linreg - due to  datatypes fall out of the specified list
We can't test the function - calc_coef_linreg - due to  datatypes fall out of the specified list
We can't test the function - calc_coefSE_linreg - due to  datatypes fall out of the specified list
We can't test the function - calc_resid_linreg - due to  datatypes fall out of the specified list
We can't test the function - calc_resid_linreg_3d - due to  datatypes fall out of the specified list
We can't test the function - fit_linreg - due to  datatypes fall out of the specified list
We can't test the function - fit_linreg_eigenchol - due to  datatypes fall out of the specified list
We can't test the function - calc_coef_linreg_eigenchol - due to  datatypes fall out of the specified list
We can't test the function - calc_coefSE_linreg_eigenchol - due to  datatypes fall out of the specified list
We can't test the function - calc_rss_eigenchol - due to  datatypes fall out of the specified list
We can't test the function - calc_fitted_linreg_eigenchol - due to  datatypes fall out of the specified list
We can't test the function - fit_linreg_eigenqr - due to  datatypes fall out of the specified list
We can't test the function - calc_coef_linreg_eigenqr - due to  datatypes fall out of the specified list
We can't test the function - calc_coefSE_linreg_eigenqr - due to  datatypes fall out of the specified list
We can't test the function - calc_rss_eigenqr - due to  datatypes fall out of the specified list
We can't test the function - calc_fitted_linreg_eigenqr - due to  datatypes fall out of the specified list
We can't test the function - calc_mvrss_eigenchol - due to  datatypes fall out of the specified list
We can't test the function - calc_mvrss_eigenqr - due to  datatypes fall out of the specified list
We can't test the function - calc_resid_eigenchol - due to  datatypes fall out of the specified list
We can't test the function - calc_resid_eigenqr - due to  datatypes fall out of the specified list
We can't test the function - Rcpp_eigen_decomp - due to  datatypes fall out of the specified list
We can't test the function - Rcpp_eigen_rotation - due to  datatypes fall out of the specified list
We can't test the function - Rcpp_calc_logdetXpX - due to  datatypes fall out of the specified list
We can't test the function - Rcpp_calcLL - due to  datatypes fall out of the specified list
We can't test the function - Rcpp_calcLL_mat - due to  datatypes fall out of the specified list
We can't test the function - Rcpp_fitLMM - due to  datatypes fall out of the specified list
We can't test the function - Rcpp_fitLMM_mat - due to  datatypes fall out of the specified list
We can't test the function - locate_xo - due to  datatypes fall out of the specified list
We can't test the function - R_lod_int_plain - due to  datatypes fall out of the specified list
We can't test the function - find_matching_cols - due to  datatypes fall out of the specified list
We can't test the function - find_lin_indep_cols - due to  datatypes fall out of the specified list
We can't test the function - formX_intcovar - due to  datatypes fall out of the specified list
We can't test the function - expand_genoprobs_intcovar - due to  datatypes fall out of the specified list
We can't test the function - weighted_matrix - due to  datatypes fall out of the specified list
We can't test the function - weighted_3darray - due to  datatypes fall out of the specified list
We can't test the function - matrix_x_matrix - due to  datatypes fall out of the specified list
We can't test the function - matrix_x_vector - due to  datatypes fall out of the specified list
We can't test the function - matrix_x_3darray - due to  datatypes fall out of the specified list
We can't test the function - maxmarg - due to  datatypes fall out of the specified list
We can't test the function - predict_snpgeno - due to  datatypes fall out of the specified list
We can't test the function - permute_nvector_stratified - due to  datatypes fall out of the specified list
We can't test the function - permute_ivector_stratified - due to  datatypes fall out of the specified list
We can't test the function - reduce_markers - due to  datatypes fall out of the specified list
We can't test the function - scan_binary_onechr - due to  datatypes fall out of the specified list
We can't test the function - scan_binary_onechr_weighted - due to  datatypes fall out of the specified list
We can't test the function - scan_binary_onechr_intcovar_highmem - due to  datatypes fall out of the specified list
We can't test the function - scan_binary_onechr_intcovar_weighted_highmem - due to  datatypes fall out of the specified list
We can't test the function - scan_binary_onechr_intcovar_lowmem - due to  datatypes fall out of the specified list
We can't test the function - scan_binary_onechr_intcovar_weighted_lowmem - due to  datatypes fall out of the specified list
We can't test the function - scan_hk_onechr_nocovar - due to  datatypes fall out of the specified list
We can't test the function - scan_hk_onechr - due to  datatypes fall out of the specified list
We can't test the function - scan_hk_onechr_weighted - due to  datatypes fall out of the specified list
We can't test the function - scan_hk_onechr_intcovar_highmem - due to  datatypes fall out of the specified list
We can't test the function - scan_hk_onechr_intcovar_weighted_highmem - due to  datatypes fall out of the specified list
We can't test the function - scan_hk_onechr_intcovar_lowmem - due to  datatypes fall out of the specified list
We can't test the function - scan_hk_onechr_intcovar_weighted_lowmem - due to  datatypes fall out of the specified list
We can't test the function - scan_pg_onechr - due to  datatypes fall out of the specified list
We can't test the function - scan_pg_onechr_intcovar_highmem - due to  datatypes fall out of the specified list
We can't test the function - scan_pg_onechr_intcovar_lowmem - due to  datatypes fall out of the specified list
We can't test the function - scanblup - due to  datatypes fall out of the specified list
We can't test the function - scancoef_binary_addcovar - due to  datatypes fall out of the specified list
We can't test the function - scancoef_binary_intcovar - due to  datatypes fall out of the specified list
We can't test the function - scancoefSE_binary_addcovar - due to  datatypes fall out of the specified list
We can't test the function - scancoefSE_binary_intcovar - due to  datatypes fall out of the specified list
We can't test the function - scancoef_hk_addcovar - due to  datatypes fall out of the specified list
We can't test the function - scancoef_hk_intcovar - due to  datatypes fall out of the specified list
We can't test the function - scancoefSE_hk_addcovar - due to  datatypes fall out of the specified list
We can't test the function - scancoefSE_hk_intcovar - due to  datatypes fall out of the specified list
We can't test the function - scancoef_pg_addcovar - due to  datatypes fall out of the specified list
We can't test the function - scancoef_pg_intcovar - due to  datatypes fall out of the specified list
We can't test the function - scancoefSE_pg_addcovar - due to  datatypes fall out of the specified list
We can't test the function - scancoefSE_pg_intcovar - due to  datatypes fall out of the specified list
We can't test the function - calc_sdp - due to  datatypes fall out of the specified list
We can't test the function - invert_sdp - due to  datatypes fall out of the specified list
We can't test the function - alleleprob_to_snpprob - due to  datatypes fall out of the specified list
We can't test the function - genoprob_to_snpprob - due to  datatypes fall out of the specified list
We can't test the function - Xgenoprob_to_snpprob - due to  datatypes fall out of the specified list
We can't test the function - test_init - due to  datatypes fall out of the specified list
We can't test the function - test_emit - due to  datatypes fall out of the specified list
We can't test the function - test_step - due to  datatypes fall out of the specified list
We can't test the function - test_check_geno - due to  datatypes fall out of the specified list
We can't test the function - test_possible_gen - due to  datatypes fall out of the specified list
We can't test the function - test_ngen - due to  datatypes fall out of the specified list
We can't test the function - test_nrec - due to  datatypes fall out of the specified list
We can't test the function - test_founder_geno_values - due to  datatypes fall out of the specified list
We can't test the function - need_founder_geno - due to  datatypes fall out of the specified list
We can't test the function - check_founder_geno_size - due to  datatypes fall out of the specified list
We can't test the function - test_emitmatrix - due to  datatypes fall out of the specified list
We can't test the function - test_stepmatrix - due to  datatypes fall out of the specified list
We can't test the function - test_initvector - due to  datatypes fall out of the specified list
Testharness created for 9 functions in the package
[1] "invert_founder_index_DeepState_TestHarness.cpp"
[2] "addlog_DeepState_TestHarness.cpp"              
[3] "subtractlog_DeepState_TestHarness.cpp"         
[4] "random_int_DeepState_TestHarness.cpp"          
[5] "get_permutation_DeepState_TestHarness.cpp"     
[6] "permute_nvector_DeepState_TestHarness.cpp"     
[7] "permute_ivector_DeepState_TestHarness.cpp"     
[8] "genocol_to_snpcol_DeepState_TestHarness.cpp"   
[9] "Xgenocol_to_snpcol_DeepState_TestHarness.cpp"  
cd /home/akolla/R/x86_64-pc-linux-gnu-library/3.6/RcppDeepState/extdata/compileAttributes/qtl2/inst/testfiles/invert_founder_index && rm -f *.o && make
clang++ -g -I/usr/share/R/include -I/home/akolla/R/x86_64-pc-linux-gnu-library/3.6/Rcpp/include -I/home/akolla/R/x86_64-pc-linux-gnu-library/3.6/RcppArmadillo/include -I/home/akolla/R/x86_64-pc-linux-gnu-library/3.6/qs/include -I/home/akolla/R/x86_64-pc-linux-gnu-library/3.6/RInside/include -I/home/akolla/R/x86_64-pc-linux-gnu-library/3.6/RcppDeepState/include /home/akolla/R/x86_64-pc-linux-gnu-library/3.6/RcppDeepState/extdata/compileAttributes/qtl2/inst/testfiles/invert_founder_index/invert_founder_index_DeepState_TestHarness.cpp -o /home/akolla/R/x86_64-pc-linux-gnu-library/3.6/RcppDeepState/extdata/compileAttributes/qtl2/inst/testfiles/invert_founder_index/invert_founder_index_DeepState_TestHarness.o -c
clang++ -g -o /home/akolla/R/x86_64-pc-linux-gnu-library/3.6/RcppDeepState/extdata/compileAttributes/qtl2/inst/testfiles/invert_founder_index/invert_founder_index_DeepState_TestHarness /home/akolla/R/x86_64-pc-linux-gnu-library/3.6/RcppDeepState/extdata/compileAttributes/qtl2/inst/testfiles/invert_founder_index/invert_founder_index_DeepState_TestHarness.o -I/home/akolla/R/x86_64-pc-linux-gnu-library/3.6/RcppDeepState/include -I/home/akolla/.RcppDeepState/deepstate-master/build -I/home/akolla/.RcppDeepState/deepstate-master/src/include -L/home/akolla/R/x86_64-pc-linux-gnu-library/3.6/RInside/lib -Wl,-rpath=/home/akolla/R/x86_64-pc-linux-gnu-library/3.6/RInside/lib -L/usr/share/R/lib -Wl,-rpath=/usr/share/R/lib -L/home/akolla/.RcppDeepState/deepstate-master/build -Wl,-rpath=/home/akolla/.RcppDeepState/deepstate-master/build -lR -lRInside -ldeepstate -I/usr/share/R/include -I/home/akolla/R/x86_64-pc-linux-gnu-library/3.6/Rcpp/include -I/home/akolla/R/x86_64-pc-linux-gnu-library/3.6/RcppArmadillo/include -I/home/akolla/.RcppDeepState/deepstate-master/src/include /home/akolla/R/x86_64-pc-linux-gnu-library/3.6/RcppDeepState/extdata/compileAttributes/qtl2/src/*.cpp
In file included from /home/akolla/R/x86_64-pc-linux-gnu-library/3.6/RcppDeepState/extdata/compileAttributes/qtl2/src/binreg.cpp:5:
/home/akolla/R/x86_64-pc-linux-gnu-library/3.6/RcppDeepState/extdata/compileAttributes/qtl2/src/binreg.h:5:10: fatal error: 'RcppEigen.h' file
      not found
#include <RcppEigen.h>
         ^~~~~~~~~~~~~
1 error generated.
In file included from /home/akolla/R/x86_64-pc-linux-gnu-library/3.6/RcppDeepState/extdata/compileAttributes/qtl2/src/binreg_eigen.cpp:5:
/home/akolla/R/x86_64-pc-linux-gnu-library/3.6/RcppDeepState/extdata/compileAttributes/qtl2/src/binreg_eigen.h:5:10: fatal error: 
      'RcppEigen.h' file not found
#include <RcppEigen.h>
         ^~~~~~~~~~~~~
1 error generated.
In file included from /home/akolla/R/x86_64-pc-linux-gnu-library/3.6/RcppDeepState/extdata/compileAttributes/qtl2/src/binreg_weighted.cpp:5:
/home/akolla/R/x86_64-pc-linux-gnu-library/3.6/RcppDeepState/extdata/compileAttributes/qtl2/src/binreg_weighted.h:5:10: fatal error: 
      'RcppEigen.h' file not found
#include <RcppEigen.h>
         ^~~~~~~~~~~~~
1 error generated.
In file included from /home/akolla/R/x86_64-pc-linux-gnu-library/3.6/RcppDeepState/extdata/compileAttributes/qtl2/src/binreg_weighted_eigen.cpp:5:
/home/akolla/R/x86_64-pc-linux-gnu-library/3.6/RcppDeepState/extdata/compileAttributes/qtl2/src/binreg_weighted_eigen.h:5:10: fatal error: 
      'RcppEigen.h' file not found
#include <RcppEigen.h>
         ^~~~~~~~~~~~~
1 error generated.
In file included from /home/akolla/R/x86_64-pc-linux-gnu-library/3.6/RcppDeepState/extdata/compileAttributes/qtl2/src/debug_util.cpp:3:
/home/akolla/R/x86_64-pc-linux-gnu-library/3.6/RcppDeepState/extdata/compileAttributes/qtl2/src/debug_util.h:5:10: fatal error: 'RcppEigen.h'
      file not found
#include <RcppEigen.h>
         ^~~~~~~~~~~~~
1 error generated.
In file included from /home/akolla/R/x86_64-pc-linux-gnu-library/3.6/RcppDeepState/extdata/compileAttributes/qtl2/src/fit1_binary.cpp:8:
/home/akolla/R/x86_64-pc-linux-gnu-library/3.6/RcppDeepState/extdata/compileAttributes/qtl2/src/binreg.h:5:10: fatal error: 'RcppEigen.h' file
      not found
#include <RcppEigen.h>
         ^~~~~~~~~~~~~
1 error generated.
In file included from /home/akolla/R/x86_64-pc-linux-gnu-library/3.6/RcppDeepState/extdata/compileAttributes/qtl2/src/fit1_hk.cpp:8:
/home/akolla/R/x86_64-pc-linux-gnu-library/3.6/RcppDeepState/extdata/compileAttributes/qtl2/src/linreg.h:5:10: fatal error: 'RcppEigen.h' file
      not found
#include <RcppEigen.h>
         ^~~~~~~~~~~~~
1 error generated.
In file included from /home/akolla/R/x86_64-pc-linux-gnu-library/3.6/RcppDeepState/extdata/compileAttributes/qtl2/src/fit1_pg.cpp:8:
/home/akolla/R/x86_64-pc-linux-gnu-library/3.6/RcppDeepState/extdata/compileAttributes/qtl2/src/linreg.h:5:10: fatal error: 'RcppEigen.h' file
      not found
#include <RcppEigen.h>
         ^~~~~~~~~~~~~
1 error generated.
In file included from /home/akolla/R/x86_64-pc-linux-gnu-library/3.6/RcppDeepState/extdata/compileAttributes/qtl2/src/linreg.cpp:5:
/home/akolla/R/x86_64-pc-linux-gnu-library/3.6/RcppDeepState/extdata/compileAttributes/qtl2/src/linreg.h:5:10: fatal error: 'RcppEigen.h' file
      not found
#include <RcppEigen.h>
         ^~~~~~~~~~~~~
1 error generated.
In file included from /home/akolla/R/x86_64-pc-linux-gnu-library/3.6/RcppDeepState/extdata/compileAttributes/qtl2/src/linreg_eigen.cpp:5:
/home/akolla/R/x86_64-pc-linux-gnu-library/3.6/RcppDeepState/extdata/compileAttributes/qtl2/src/linreg_eigen.h:5:10: fatal error: 
      'RcppEigen.h' file not found
#include <RcppEigen.h>
         ^~~~~~~~~~~~~
1 error generated.
In file included from /home/akolla/R/x86_64-pc-linux-gnu-library/3.6/RcppDeepState/extdata/compileAttributes/qtl2/src/lmm.cpp:8:
/home/akolla/R/x86_64-pc-linux-gnu-library/3.6/RcppDeepState/extdata/compileAttributes/qtl2/src/lmm.h:10:10: fatal error: 'RcppEigen.h' file
      not found
#include <RcppEigen.h>
         ^~~~~~~~~~~~~
1 error generated.
In file included from /home/akolla/R/x86_64-pc-linux-gnu-library/3.6/RcppDeepState/extdata/compileAttributes/qtl2/src/matrix.cpp:5:
/home/akolla/R/x86_64-pc-linux-gnu-library/3.6/RcppDeepState/extdata/compileAttributes/qtl2/src/matrix.h:5:10: fatal error: 'RcppEigen.h' file
      not found
#include <RcppEigen.h>
         ^~~~~~~~~~~~~
1 error generated.
In file included from /home/akolla/R/x86_64-pc-linux-gnu-library/3.6/RcppDeepState/extdata/compileAttributes/qtl2/src/scan1_binary.cpp:8:
/home/akolla/R/x86_64-pc-linux-gnu-library/3.6/RcppDeepState/extdata/compileAttributes/qtl2/src/binreg.h:5:10: fatal error: 'RcppEigen.h' file
      not found
#include <RcppEigen.h>
         ^~~~~~~~~~~~~
1 error generated.
In file included from /home/akolla/R/x86_64-pc-linux-gnu-library/3.6/RcppDeepState/extdata/compileAttributes/qtl2/src/scan1_hk.cpp:8:
/home/akolla/R/x86_64-pc-linux-gnu-library/3.6/RcppDeepState/extdata/compileAttributes/qtl2/src/linreg.h:5:10: fatal error: 'RcppEigen.h' file
      not found
#include <RcppEigen.h>
         ^~~~~~~~~~~~~
1 error generated.
/home/akolla/R/x86_64-pc-linux-gnu-library/3.6/RcppDeepState/extdata/compileAttributes/qtl2/src/scan1_pg.cpp:6:10: fatal error: 'RcppEigen.h'
      file not found
#include <RcppEigen.h>
         ^~~~~~~~~~~~~
1 error generated.
/home/akolla/R/x86_64-pc-linux-gnu-library/3.6/RcppDeepState/extdata/compileAttributes/qtl2/src/scan1blup.cpp:4:10: fatal error: 
      'RcppEigen.h' file not found
#include <RcppEigen.h>
         ^~~~~~~~~~~~~
1 error generated.
In file included from /home/akolla/R/x86_64-pc-linux-gnu-library/3.6/RcppDeepState/extdata/compileAttributes/qtl2/src/scan1coef_binary.cpp:8:
/home/akolla/R/x86_64-pc-linux-gnu-library/3.6/RcppDeepState/extdata/compileAttributes/qtl2/src/binreg.h:5:10: fatal error: 'RcppEigen.h' file
      not found
#include <RcppEigen.h>
         ^~~~~~~~~~~~~
1 error generated.
In file included from /home/akolla/R/x86_64-pc-linux-gnu-library/3.6/RcppDeepState/extdata/compileAttributes/qtl2/src/scan1coef_hk.cpp:8:
/home/akolla/R/x86_64-pc-linux-gnu-library/3.6/RcppDeepState/extdata/compileAttributes/qtl2/src/linreg.h:5:10: fatal error: 'RcppEigen.h' file
      not found
#include <RcppEigen.h>
         ^~~~~~~~~~~~~
1 error generated.
In file included from /home/akolla/R/x86_64-pc-linux-gnu-library/3.6/RcppDeepState/extdata/compileAttributes/qtl2/src/scan1coef_pg.cpp:8:
/home/akolla/R/x86_64-pc-linux-gnu-library/3.6/RcppDeepState/extdata/compileAttributes/qtl2/src/linreg.h:5:10: fatal error: 'RcppEigen.h' file
      not found
#include <RcppEigen.h>
         ^~~~~~~~~~~~~
1 error generated.
make: *** [Makefile:8: /home/akolla/R/x86_64-pc-linux-gnu-library/3.6/RcppDeepState/extdata/compileAttributes/qtl2/inst/testfiles/invert_founder_index/invert_founder_index_DeepState_TestHarness] Error 1
cd /home/akolla/R/x86_64-pc-linux-gnu-library/3.6/RcppDeepState/extdata/compileAttributes/qtl2/inst/testfiles/addlog && rm -f *.o && make
clang++ -g -I/usr/share/R/include -I/home/akolla/R/x86_64-pc-linux-gnu-library/3.6/Rcpp/include -I/home/akolla/R/x86_64-pc-linux-gnu-library/3.6/RcppArmadillo/include -I/home/akolla/R/x86_64-pc-linux-gnu-library/3.6/qs/include -I/home/akolla/R/x86_64-pc-linux-gnu-library/3.6/RInside/include -I/home/akolla/R/x86_64-pc-linux-gnu-library/3.6/RcppDeepState/include /home/akolla/R/x86_64-pc-linux-gnu-library/3.6/RcppDeepState/extdata/compileAttributes/qtl2/inst/testfiles/addlog/addlog_DeepState_TestHarness.cpp -o /home/akolla/R/x86_64-pc-linux-gnu-library/3.6/RcppDeepState/extdata/compileAttributes/qtl2/inst/testfiles/addlog/addlog_DeepState_TestHarness.o -c
clang++ -g -o /home/akolla/R/x86_64-pc-linux-gnu-library/3.6/RcppDeepState/extdata/compileAttributes/qtl2/inst/testfiles/addlog/addlog_DeepState_TestHarness /home/akolla/R/x86_64-pc-linux-gnu-library/3.6/RcppDeepState/extdata/compileAttributes/qtl2/inst/testfiles/addlog/addlog_DeepState_TestHarness.o -I/home/akolla/R/x86_64-pc-linux-gnu-library/3.6/RcppDeepState/include -I/home/akolla/.RcppDeepState/deepstate-master/build -I/home/akolla/.RcppDeepState/deepstate-master/src/include -L/home/akolla/R/x86_64-pc-linux-gnu-library/3.6/RInside/lib -Wl,-rpath=/home/akolla/R/x86_64-pc-linux-gnu-library/3.6/RInside/lib -L/usr/share/R/lib -Wl,-rpath=/usr/share/R/lib -L/home/akolla/.RcppDeepState/deepstate-master/build -Wl,-rpath=/home/akolla/.RcppDeepState/deepstate-master/build -lR -lRInside -ldeepstate -I/usr/share/R/include -I/home/akolla/R/x86_64-pc-linux-gnu-library/3.6/Rcpp/include -I/home/akolla/R/x86_64-pc-linux-gnu-library/3.6/RcppArmadillo/include -I/home/akolla/.RcppDeepState/deepstate-master/src/include /home/akolla/R/x86_64-pc-linux-gnu-library/3.6/RcppDeepState/extdata/compileAttributes/qtl2/src/*.cpp
In file included from /home/akolla/R/x86_64-pc-linux-gnu-library/3.6/RcppDeepState/extdata/compileAttributes/qtl2/src/binreg.cpp:5:
/home/akolla/R/x86_64-pc-linux-gnu-library/3.6/RcppDeepState/extdata/compileAttributes/qtl2/src/binreg.h:5:10: fatal error: 'RcppEigen.h' file
      not found
#include <RcppEigen.h>
         ^~~~~~~~~~~~~
1 error generated.
In file included from /home/akolla/R/x86_64-pc-linux-gnu-library/3.6/RcppDeepState/extdata/compileAttributes/qtl2/src/binreg_eigen.cpp:5:
/home/akolla/R/x86_64-pc-linux-gnu-library/3.6/RcppDeepState/extdata/compileAttributes/qtl2/src/binreg_eigen.h:5:10: fatal error: 
      'RcppEigen.h' file not found
#include <RcppEigen.h>
         ^~~~~~~~~~~~~
1 error generated.
In file included from /home/akolla/R/x86_64-pc-linux-gnu-library/3.6/RcppDeepState/extdata/compileAttributes/qtl2/src/binreg_weighted.cpp:5:
/home/akolla/R/x86_64-pc-linux-gnu-library/3.6/RcppDeepState/extdata/compileAttributes/qtl2/src/binreg_weighted.h:5:10: fatal error: 
      'RcppEigen.h' file not found
#include <RcppEigen.h>
         ^~~~~~~~~~~~~
1 error generated.
In file included from /home/akolla/R/x86_64-pc-linux-gnu-library/3.6/RcppDeepState/extdata/compileAttributes/qtl2/src/binreg_weighted_eigen.cpp:5:
/home/akolla/R/x86_64-pc-linux-gnu-library/3.6/RcppDeepState/extdata/compileAttributes/qtl2/src/binreg_weighted_eigen.h:5:10: fatal error: 
      'RcppEigen.h' file not found
#include <RcppEigen.h>
         ^~~~~~~~~~~~~
1 error generated.
In file included from /home/akolla/R/x86_64-pc-linux-gnu-library/3.6/RcppDeepState/extdata/compileAttributes/qtl2/src/debug_util.cpp:3:
/home/akolla/R/x86_64-pc-linux-gnu-library/3.6/RcppDeepState/extdata/compileAttributes/qtl2/src/debug_util.h:5:10: fatal error: 'RcppEigen.h'
      file not found
#include <RcppEigen.h>
         ^~~~~~~~~~~~~
1 error generated.
In file included from /home/akolla/R/x86_64-pc-linux-gnu-library/3.6/RcppDeepState/extdata/compileAttributes/qtl2/src/fit1_binary.cpp:8:
/home/akolla/R/x86_64-pc-linux-gnu-library/3.6/RcppDeepState/extdata/compileAttributes/qtl2/src/binreg.h:5:10: fatal error: 'RcppEigen.h' file
      not found
#include <RcppEigen.h>
         ^~~~~~~~~~~~~
1 error generated.
In file included from /home/akolla/R/x86_64-pc-linux-gnu-library/3.6/RcppDeepState/extdata/compileAttributes/qtl2/src/fit1_hk.cpp:8:
/home/akolla/R/x86_64-pc-linux-gnu-library/3.6/RcppDeepState/extdata/compileAttributes/qtl2/src/linreg.h:5:10: fatal error: 'RcppEigen.h' file
      not found
#include <RcppEigen.h>
         ^~~~~~~~~~~~~
1 error generated.
In file included from /home/akolla/R/x86_64-pc-linux-gnu-library/3.6/RcppDeepState/extdata/compileAttributes/qtl2/src/fit1_pg.cpp:8:
/home/akolla/R/x86_64-pc-linux-gnu-library/3.6/RcppDeepState/extdata/compileAttributes/qtl2/src/linreg.h:5:10: fatal error: 'RcppEigen.h' file
      not found
#include <RcppEigen.h>
         ^~~~~~~~~~~~~
1 error generated.
In file included from /home/akolla/R/x86_64-pc-linux-gnu-library/3.6/RcppDeepState/extdata/compileAttributes/qtl2/src/linreg.cpp:5:
/home/akolla/R/x86_64-pc-linux-gnu-library/3.6/RcppDeepState/extdata/compileAttributes/qtl2/src/linreg.h:5:10: fatal error: 'RcppEigen.h' file
      not found
#include <RcppEigen.h>
         ^~~~~~~~~~~~~
1 error generated.
In file included from /home/akolla/R/x86_64-pc-linux-gnu-library/3.6/RcppDeepState/extdata/compileAttributes/qtl2/src/linreg_eigen.cpp:5:
/home/akolla/R/x86_64-pc-linux-gnu-library/3.6/RcppDeepState/extdata/compileAttributes/qtl2/src/linreg_eigen.h:5:10: fatal error: 
      'RcppEigen.h' file not found
#include <RcppEigen.h>
         ^~~~~~~~~~~~~
1 error generated.
In file included from /home/akolla/R/x86_64-pc-linux-gnu-library/3.6/RcppDeepState/extdata/compileAttributes/qtl2/src/lmm.cpp:8:
/home/akolla/R/x86_64-pc-linux-gnu-library/3.6/RcppDeepState/extdata/compileAttributes/qtl2/src/lmm.h:10:10: fatal error: 'RcppEigen.h' file
      not found
#include <RcppEigen.h>
         ^~~~~~~~~~~~~
1 error generated.
In file included from /home/akolla/R/x86_64-pc-linux-gnu-library/3.6/RcppDeepState/extdata/compileAttributes/qtl2/src/matrix.cpp:5:
/home/akolla/R/x86_64-pc-linux-gnu-library/3.6/RcppDeepState/extdata/compileAttributes/qtl2/src/matrix.h:5:10: fatal error: 'RcppEigen.h' file
      not found
#include <RcppEigen.h>
         ^~~~~~~~~~~~~
1 error generated.
In file included from /home/akolla/R/x86_64-pc-linux-gnu-library/3.6/RcppDeepState/extdata/compileAttributes/qtl2/src/scan1_binary.cpp:8:
/home/akolla/R/x86_64-pc-linux-gnu-library/3.6/RcppDeepState/extdata/compileAttributes/qtl2/src/binreg.h:5:10: fatal error: 'RcppEigen.h' file
      not found
#include <RcppEigen.h>
         ^~~~~~~~~~~~~
1 error generated.
In file included from /home/akolla/R/x86_64-pc-linux-gnu-library/3.6/RcppDeepState/extdata/compileAttributes/qtl2/src/scan1_hk.cpp:8:
/home/akolla/R/x86_64-pc-linux-gnu-library/3.6/RcppDeepState/extdata/compileAttributes/qtl2/src/linreg.h:5:10: fatal error: 'RcppEigen.h' file
      not found
#include <RcppEigen.h>
         ^~~~~~~~~~~~~
1 error generated.
/home/akolla/R/x86_64-pc-linux-gnu-library/3.6/RcppDeepState/extdata/compileAttributes/qtl2/src/scan1_pg.cpp:6:10: fatal error: 'RcppEigen.h'
      file not found
#include <RcppEigen.h>
         ^~~~~~~~~~~~~
1 error generated.
/home/akolla/R/x86_64-pc-linux-gnu-library/3.6/RcppDeepState/extdata/compileAttributes/qtl2/src/scan1blup.cpp:4:10: fatal error: 
      'RcppEigen.h' file not found
#include <RcppEigen.h>
         ^~~~~~~~~~~~~
1 error generated.
In file included from /home/akolla/R/x86_64-pc-linux-gnu-library/3.6/RcppDeepState/extdata/compileAttributes/qtl2/src/scan1coef_binary.cpp:8:
/home/akolla/R/x86_64-pc-linux-gnu-library/3.6/RcppDeepState/extdata/compileAttributes/qtl2/src/binreg.h:5:10: fatal error: 'RcppEigen.h' file
      not found
#include <RcppEigen.h>
         ^~~~~~~~~~~~~
1 error generated.
In file included from /home/akolla/R/x86_64-pc-linux-gnu-library/3.6/RcppDeepState/extdata/compileAttributes/qtl2/src/scan1coef_hk.cpp:8:
/home/akolla/R/x86_64-pc-linux-gnu-library/3.6/RcppDeepState/extdata/compileAttributes/qtl2/src/linreg.h:5:10: fatal error: 'RcppEigen.h' file
      not found
#include <RcppEigen.h>
         ^~~~~~~~~~~~~
1 error generated.
In file included from /home/akolla/R/x86_64-pc-linux-gnu-library/3.6/RcppDeepState/extdata/compileAttributes/qtl2/src/scan1coef_pg.cpp:8:
/home/akolla/R/x86_64-pc-linux-gnu-library/3.6/RcppDeepState/extdata/compileAttributes/qtl2/src/linreg.h:5:10: fatal error: 'RcppEigen.h' file
      not found
#include <RcppEigen.h>
         ^~~~~~~~~~~~~
1 error generated.
make: *** [Makefile:8: /home/akolla/R/x86_64-pc-linux-gnu-library/3.6/RcppDeepState/extdata/compileAttributes/qtl2/inst/testfiles/addlog/addlog_DeepState_TestHarness] Error 1
cd /home/akolla/R/x86_64-pc-linux-gnu-library/3.6/RcppDeepState/extdata/compileAttributes/qtl2/inst/testfiles/subtractlog && rm -f *.o && make
clang++ -g -I/usr/share/R/include -I/home/akolla/R/x86_64-pc-linux-gnu-library/3.6/Rcpp/include -I/home/akolla/R/x86_64-pc-linux-gnu-library/3.6/RcppArmadillo/include -I/home/akolla/R/x86_64-pc-linux-gnu-library/3.6/qs/include -I/home/akolla/R/x86_64-pc-linux-gnu-library/3.6/RInside/include -I/home/akolla/R/x86_64-pc-linux-gnu-library/3.6/RcppDeepState/include /home/akolla/R/x86_64-pc-linux-gnu-library/3.6/RcppDeepState/extdata/compileAttributes/qtl2/inst/testfiles/subtractlog/subtractlog_DeepState_TestHarness.cpp -o /home/akolla/R/x86_64-pc-linux-gnu-library/3.6/RcppDeepState/extdata/compileAttributes/qtl2/inst/testfiles/subtractlog/subtractlog_DeepState_TestHarness.o -c
clang++ -g -o /home/akolla/R/x86_64-pc-linux-gnu-library/3.6/RcppDeepState/extdata/compileAttributes/qtl2/inst/testfiles/subtractlog/subtractlog_DeepState_TestHarness /home/akolla/R/x86_64-pc-linux-gnu-library/3.6/RcppDeepState/extdata/compileAttributes/qtl2/inst/testfiles/subtractlog/subtractlog_DeepState_TestHarness.o -I/home/akolla/R/x86_64-pc-linux-gnu-library/3.6/RcppDeepState/include -I/home/akolla/.RcppDeepState/deepstate-master/build -I/home/akolla/.RcppDeepState/deepstate-master/src/include -L/home/akolla/R/x86_64-pc-linux-gnu-library/3.6/RInside/lib -Wl,-rpath=/home/akolla/R/x86_64-pc-linux-gnu-library/3.6/RInside/lib -L/usr/share/R/lib -Wl,-rpath=/usr/share/R/lib -L/home/akolla/.RcppDeepState/deepstate-master/build -Wl,-rpath=/home/akolla/.RcppDeepState/deepstate-master/build -lR -lRInside -ldeepstate -I/usr/share/R/include -I/home/akolla/R/x86_64-pc-linux-gnu-library/3.6/Rcpp/include -I/home/akolla/R/x86_64-pc-linux-gnu-library/3.6/RcppArmadillo/include -I/home/akolla/.RcppDeepState/deepstate-master/src/include /home/akolla/R/x86_64-pc-linux-gnu-library/3.6/RcppDeepState/extdata/compileAttributes/qtl2/src/*.cpp
In file included from /home/akolla/R/x86_64-pc-linux-gnu-library/3.6/RcppDeepState/extdata/compileAttributes/qtl2/src/binreg.cpp:5:
/home/akolla/R/x86_64-pc-linux-gnu-library/3.6/RcppDeepState/extdata/compileAttributes/qtl2/src/binreg.h:5:10: fatal error: 'RcppEigen.h' file
      not found
#include <RcppEigen.h>
         ^~~~~~~~~~~~~
1 error generated.
In file included from /home/akolla/R/x86_64-pc-linux-gnu-library/3.6/RcppDeepState/extdata/compileAttributes/qtl2/src/binreg_eigen.cpp:5:
/home/akolla/R/x86_64-pc-linux-gnu-library/3.6/RcppDeepState/extdata/compileAttributes/qtl2/src/binreg_eigen.h:5:10: fatal error: 
      'RcppEigen.h' file not found
#include <RcppEigen.h>
         ^~~~~~~~~~~~~
1 error generated.
In file included from /home/akolla/R/x86_64-pc-linux-gnu-library/3.6/RcppDeepState/extdata/compileAttributes/qtl2/src/binreg_weighted.cpp:5:
/home/akolla/R/x86_64-pc-linux-gnu-library/3.6/RcppDeepState/extdata/compileAttributes/qtl2/src/binreg_weighted.h:5:10: fatal error: 
      'RcppEigen.h' file not found
#include <RcppEigen.h>
         ^~~~~~~~~~~~~
1 error generated.
In file included from /home/akolla/R/x86_64-pc-linux-gnu-library/3.6/RcppDeepState/extdata/compileAttributes/qtl2/src/binreg_weighted_eigen.cpp:5:
/home/akolla/R/x86_64-pc-linux-gnu-library/3.6/RcppDeepState/extdata/compileAttributes/qtl2/src/binreg_weighted_eigen.h:5:10: fatal error: 
      'RcppEigen.h' file not found
#include <RcppEigen.h>
         ^~~~~~~~~~~~~
1 error generated.
In file included from /home/akolla/R/x86_64-pc-linux-gnu-library/3.6/RcppDeepState/extdata/compileAttributes/qtl2/src/debug_util.cpp:3:
/home/akolla/R/x86_64-pc-linux-gnu-library/3.6/RcppDeepState/extdata/compileAttributes/qtl2/src/debug_util.h:5:10: fatal error: 'RcppEigen.h'
      file not found
#include <RcppEigen.h>
         ^~~~~~~~~~~~~
1 error generated.
In file included from /home/akolla/R/x86_64-pc-linux-gnu-library/3.6/RcppDeepState/extdata/compileAttributes/qtl2/src/fit1_binary.cpp:8:
/home/akolla/R/x86_64-pc-linux-gnu-library/3.6/RcppDeepState/extdata/compileAttributes/qtl2/src/binreg.h:5:10: fatal error: 'RcppEigen.h' file
      not found
#include <RcppEigen.h>
         ^~~~~~~~~~~~~
1 error generated.
In file included from /home/akolla/R/x86_64-pc-linux-gnu-library/3.6/RcppDeepState/extdata/compileAttributes/qtl2/src/fit1_hk.cpp:8:
/home/akolla/R/x86_64-pc-linux-gnu-library/3.6/RcppDeepState/extdata/compileAttributes/qtl2/src/linreg.h:5:10: fatal error: 'RcppEigen.h' file
      not found
#include <RcppEigen.h>
         ^~~~~~~~~~~~~
1 error generated.
In file included from /home/akolla/R/x86_64-pc-linux-gnu-library/3.6/RcppDeepState/extdata/compileAttributes/qtl2/src/fit1_pg.cpp:8:
/home/akolla/R/x86_64-pc-linux-gnu-library/3.6/RcppDeepState/extdata/compileAttributes/qtl2/src/linreg.h:5:10: fatal error: 'RcppEigen.h' file
      not found
#include <RcppEigen.h>
         ^~~~~~~~~~~~~
1 error generated.
In file included from /home/akolla/R/x86_64-pc-linux-gnu-library/3.6/RcppDeepState/extdata/compileAttributes/qtl2/src/linreg.cpp:5:
/home/akolla/R/x86_64-pc-linux-gnu-library/3.6/RcppDeepState/extdata/compileAttributes/qtl2/src/linreg.h:5:10: fatal error: 'RcppEigen.h' file
      not found
#include <RcppEigen.h>
         ^~~~~~~~~~~~~
1 error generated.
In file included from /home/akolla/R/x86_64-pc-linux-gnu-library/3.6/RcppDeepState/extdata/compileAttributes/qtl2/src/linreg_eigen.cpp:5:
/home/akolla/R/x86_64-pc-linux-gnu-library/3.6/RcppDeepState/extdata/compileAttributes/qtl2/src/linreg_eigen.h:5:10: fatal error: 
      'RcppEigen.h' file not found
#include <RcppEigen.h>
         ^~~~~~~~~~~~~
1 error generated.
In file included from /home/akolla/R/x86_64-pc-linux-gnu-library/3.6/RcppDeepState/extdata/compileAttributes/qtl2/src/lmm.cpp:8:
/home/akolla/R/x86_64-pc-linux-gnu-library/3.6/RcppDeepState/extdata/compileAttributes/qtl2/src/lmm.h:10:10: fatal error: 'RcppEigen.h' file
      not found
#include <RcppEigen.h>
         ^~~~~~~~~~~~~
1 error generated.
In file included from /home/akolla/R/x86_64-pc-linux-gnu-library/3.6/RcppDeepState/extdata/compileAttributes/qtl2/src/matrix.cpp:5:
/home/akolla/R/x86_64-pc-linux-gnu-library/3.6/RcppDeepState/extdata/compileAttributes/qtl2/src/matrix.h:5:10: fatal error: 'RcppEigen.h' file
      not found
#include <RcppEigen.h>
         ^~~~~~~~~~~~~
1 error generated.
In file included from /home/akolla/R/x86_64-pc-linux-gnu-library/3.6/RcppDeepState/extdata/compileAttributes/qtl2/src/scan1_binary.cpp:8:
/home/akolla/R/x86_64-pc-linux-gnu-library/3.6/RcppDeepState/extdata/compileAttributes/qtl2/src/binreg.h:5:10: fatal error: 'RcppEigen.h' file
      not found
#include <RcppEigen.h>
         ^~~~~~~~~~~~~
1 error generated.
In file included from /home/akolla/R/x86_64-pc-linux-gnu-library/3.6/RcppDeepState/extdata/compileAttributes/qtl2/src/scan1_hk.cpp:8:
/home/akolla/R/x86_64-pc-linux-gnu-library/3.6/RcppDeepState/extdata/compileAttributes/qtl2/src/linreg.h:5:10: fatal error: 'RcppEigen.h' file
      not found
#include <RcppEigen.h>
         ^~~~~~~~~~~~~
1 error generated.
/home/akolla/R/x86_64-pc-linux-gnu-library/3.6/RcppDeepState/extdata/compileAttributes/qtl2/src/scan1_pg.cpp:6:10: fatal error: 'RcppEigen.h'
      file not found
#include <RcppEigen.h>
         ^~~~~~~~~~~~~
1 error generated.
/home/akolla/R/x86_64-pc-linux-gnu-library/3.6/RcppDeepState/extdata/compileAttributes/qtl2/src/scan1blup.cpp:4:10: fatal error: 
      'RcppEigen.h' file not found
#include <RcppEigen.h>
         ^~~~~~~~~~~~~
1 error generated.
In file included from /home/akolla/R/x86_64-pc-linux-gnu-library/3.6/RcppDeepState/extdata/compileAttributes/qtl2/src/scan1coef_binary.cpp:8:
/home/akolla/R/x86_64-pc-linux-gnu-library/3.6/RcppDeepState/extdata/compileAttributes/qtl2/src/binreg.h:5:10: fatal error: 'RcppEigen.h' file
      not found
#include <RcppEigen.h>
         ^~~~~~~~~~~~~
1 error generated.
In file included from /home/akolla/R/x86_64-pc-linux-gnu-library/3.6/RcppDeepState/extdata/compileAttributes/qtl2/src/scan1coef_hk.cpp:8:
/home/akolla/R/x86_64-pc-linux-gnu-library/3.6/RcppDeepState/extdata/compileAttributes/qtl2/src/linreg.h:5:10: fatal error: 'RcppEigen.h' file
      not found
#include <RcppEigen.h>
         ^~~~~~~~~~~~~
1 error generated.
In file included from /home/akolla/R/x86_64-pc-linux-gnu-library/3.6/RcppDeepState/extdata/compileAttributes/qtl2/src/scan1coef_pg.cpp:8:
/home/akolla/R/x86_64-pc-linux-gnu-library/3.6/RcppDeepState/extdata/compileAttributes/qtl2/src/linreg.h:5:10: fatal error: 'RcppEigen.h' file
      not found
#include <RcppEigen.h>
         ^~~~~~~~~~~~~
1 error generated.
make: *** [Makefile:8: /home/akolla/R/x86_64-pc-linux-gnu-library/3.6/RcppDeepState/extdata/compileAttributes/qtl2/inst/testfiles/subtractlog/subtractlog_DeepState_TestHarness] Error 1
cd /home/akolla/R/x86_64-pc-linux-gnu-library/3.6/RcppDeepState/extdata/compileAttributes/qtl2/inst/testfiles/random_int && rm -f *.o && make
clang++ -g -I/usr/share/R/include -I/home/akolla/R/x86_64-pc-linux-gnu-library/3.6/Rcpp/include -I/home/akolla/R/x86_64-pc-linux-gnu-library/3.6/RcppArmadillo/include -I/home/akolla/R/x86_64-pc-linux-gnu-library/3.6/qs/include -I/home/akolla/R/x86_64-pc-linux-gnu-library/3.6/RInside/include -I/home/akolla/R/x86_64-pc-linux-gnu-library/3.6/RcppDeepState/include /home/akolla/R/x86_64-pc-linux-gnu-library/3.6/RcppDeepState/extdata/compileAttributes/qtl2/inst/testfiles/random_int/random_int_DeepState_TestHarness.cpp -o /home/akolla/R/x86_64-pc-linux-gnu-library/3.6/RcppDeepState/extdata/compileAttributes/qtl2/inst/testfiles/random_int/random_int_DeepState_TestHarness.o -c
clang++ -g -o /home/akolla/R/x86_64-pc-linux-gnu-library/3.6/RcppDeepState/extdata/compileAttributes/qtl2/inst/testfiles/random_int/random_int_DeepState_TestHarness /home/akolla/R/x86_64-pc-linux-gnu-library/3.6/RcppDeepState/extdata/compileAttributes/qtl2/inst/testfiles/random_int/random_int_DeepState_TestHarness.o -I/home/akolla/R/x86_64-pc-linux-gnu-library/3.6/RcppDeepState/include -I/home/akolla/.RcppDeepState/deepstate-master/build -I/home/akolla/.RcppDeepState/deepstate-master/src/include -L/home/akolla/R/x86_64-pc-linux-gnu-library/3.6/RInside/lib -Wl,-rpath=/home/akolla/R/x86_64-pc-linux-gnu-library/3.6/RInside/lib -L/usr/share/R/lib -Wl,-rpath=/usr/share/R/lib -L/home/akolla/.RcppDeepState/deepstate-master/build -Wl,-rpath=/home/akolla/.RcppDeepState/deepstate-master/build -lR -lRInside -ldeepstate -I/usr/share/R/include -I/home/akolla/R/x86_64-pc-linux-gnu-library/3.6/Rcpp/include -I/home/akolla/R/x86_64-pc-linux-gnu-library/3.6/RcppArmadillo/include -I/home/akolla/.RcppDeepState/deepstate-master/src/include /home/akolla/R/x86_64-pc-linux-gnu-library/3.6/RcppDeepState/extdata/compileAttributes/qtl2/src/*.cpp
In file included from /home/akolla/R/x86_64-pc-linux-gnu-library/3.6/RcppDeepState/extdata/compileAttributes/qtl2/src/binreg.cpp:5:
/home/akolla/R/x86_64-pc-linux-gnu-library/3.6/RcppDeepState/extdata/compileAttributes/qtl2/src/binreg.h:5:10: fatal error: 'RcppEigen.h' file
      not found
#include <RcppEigen.h>
         ^~~~~~~~~~~~~
1 error generated.
In file included from /home/akolla/R/x86_64-pc-linux-gnu-library/3.6/RcppDeepState/extdata/compileAttributes/qtl2/src/binreg_eigen.cpp:5:
/home/akolla/R/x86_64-pc-linux-gnu-library/3.6/RcppDeepState/extdata/compileAttributes/qtl2/src/binreg_eigen.h:5:10: fatal error: 
      'RcppEigen.h' file not found
#include <RcppEigen.h>
         ^~~~~~~~~~~~~
1 error generated.
In file included from /home/akolla/R/x86_64-pc-linux-gnu-library/3.6/RcppDeepState/extdata/compileAttributes/qtl2/src/binreg_weighted.cpp:5:
/home/akolla/R/x86_64-pc-linux-gnu-library/3.6/RcppDeepState/extdata/compileAttributes/qtl2/src/binreg_weighted.h:5:10: fatal error: 
      'RcppEigen.h' file not found
#include <RcppEigen.h>
         ^~~~~~~~~~~~~
1 error generated.
In file included from /home/akolla/R/x86_64-pc-linux-gnu-library/3.6/RcppDeepState/extdata/compileAttributes/qtl2/src/binreg_weighted_eigen.cpp:5:
/home/akolla/R/x86_64-pc-linux-gnu-library/3.6/RcppDeepState/extdata/compileAttributes/qtl2/src/binreg_weighted_eigen.h:5:10: fatal error: 
      'RcppEigen.h' file not found
#include <RcppEigen.h>
         ^~~~~~~~~~~~~
1 error generated.
In file included from /home/akolla/R/x86_64-pc-linux-gnu-library/3.6/RcppDeepState/extdata/compileAttributes/qtl2/src/debug_util.cpp:3:
/home/akolla/R/x86_64-pc-linux-gnu-library/3.6/RcppDeepState/extdata/compileAttributes/qtl2/src/debug_util.h:5:10: fatal error: 'RcppEigen.h'
      file not found
#include <RcppEigen.h>
         ^~~~~~~~~~~~~
1 error generated.
In file included from /home/akolla/R/x86_64-pc-linux-gnu-library/3.6/RcppDeepState/extdata/compileAttributes/qtl2/src/fit1_binary.cpp:8:
/home/akolla/R/x86_64-pc-linux-gnu-library/3.6/RcppDeepState/extdata/compileAttributes/qtl2/src/binreg.h:5:10: fatal error: 'RcppEigen.h' file
      not found
#include <RcppEigen.h>
         ^~~~~~~~~~~~~
1 error generated.
In file included from /home/akolla/R/x86_64-pc-linux-gnu-library/3.6/RcppDeepState/extdata/compileAttributes/qtl2/src/fit1_hk.cpp:8:
/home/akolla/R/x86_64-pc-linux-gnu-library/3.6/RcppDeepState/extdata/compileAttributes/qtl2/src/linreg.h:5:10: fatal error: 'RcppEigen.h' file
      not found
#include <RcppEigen.h>
         ^~~~~~~~~~~~~
1 error generated.
In file included from /home/akolla/R/x86_64-pc-linux-gnu-library/3.6/RcppDeepState/extdata/compileAttributes/qtl2/src/fit1_pg.cpp:8:
/home/akolla/R/x86_64-pc-linux-gnu-library/3.6/RcppDeepState/extdata/compileAttributes/qtl2/src/linreg.h:5:10: fatal error: 'RcppEigen.h' file
      not found
#include <RcppEigen.h>
         ^~~~~~~~~~~~~
1 error generated.
In file included from /home/akolla/R/x86_64-pc-linux-gnu-library/3.6/RcppDeepState/extdata/compileAttributes/qtl2/src/linreg.cpp:5:
/home/akolla/R/x86_64-pc-linux-gnu-library/3.6/RcppDeepState/extdata/compileAttributes/qtl2/src/linreg.h:5:10: fatal error: 'RcppEigen.h' file
      not found
#include <RcppEigen.h>
         ^~~~~~~~~~~~~
1 error generated.
In file included from /home/akolla/R/x86_64-pc-linux-gnu-library/3.6/RcppDeepState/extdata/compileAttributes/qtl2/src/linreg_eigen.cpp:5:
/home/akolla/R/x86_64-pc-linux-gnu-library/3.6/RcppDeepState/extdata/compileAttributes/qtl2/src/linreg_eigen.h:5:10: fatal error: 
      'RcppEigen.h' file not found
#include <RcppEigen.h>
         ^~~~~~~~~~~~~
1 error generated.
In file included from /home/akolla/R/x86_64-pc-linux-gnu-library/3.6/RcppDeepState/extdata/compileAttributes/qtl2/src/lmm.cpp:8:
/home/akolla/R/x86_64-pc-linux-gnu-library/3.6/RcppDeepState/extdata/compileAttributes/qtl2/src/lmm.h:10:10: fatal error: 'RcppEigen.h' file
      not found
#include <RcppEigen.h>
         ^~~~~~~~~~~~~
1 error generated.
In file included from /home/akolla/R/x86_64-pc-linux-gnu-library/3.6/RcppDeepState/extdata/compileAttributes/qtl2/src/matrix.cpp:5:
/home/akolla/R/x86_64-pc-linux-gnu-library/3.6/RcppDeepState/extdata/compileAttributes/qtl2/src/matrix.h:5:10: fatal error: 'RcppEigen.h' file
      not found
#include <RcppEigen.h>
         ^~~~~~~~~~~~~
1 error generated.
In file included from /home/akolla/R/x86_64-pc-linux-gnu-library/3.6/RcppDeepState/extdata/compileAttributes/qtl2/src/scan1_binary.cpp:8:
/home/akolla/R/x86_64-pc-linux-gnu-library/3.6/RcppDeepState/extdata/compileAttributes/qtl2/src/binreg.h:5:10: fatal error: 'RcppEigen.h' file
      not found
#include <RcppEigen.h>
         ^~~~~~~~~~~~~
1 error generated.
In file included from /home/akolla/R/x86_64-pc-linux-gnu-library/3.6/RcppDeepState/extdata/compileAttributes/qtl2/src/scan1_hk.cpp:8:
/home/akolla/R/x86_64-pc-linux-gnu-library/3.6/RcppDeepState/extdata/compileAttributes/qtl2/src/linreg.h:5:10: fatal error: 'RcppEigen.h' file
      not found
#include <RcppEigen.h>
         ^~~~~~~~~~~~~
1 error generated.
/home/akolla/R/x86_64-pc-linux-gnu-library/3.6/RcppDeepState/extdata/compileAttributes/qtl2/src/scan1_pg.cpp:6:10: fatal error: 'RcppEigen.h'
      file not found
#include <RcppEigen.h>
         ^~~~~~~~~~~~~
1 error generated.
/home/akolla/R/x86_64-pc-linux-gnu-library/3.6/RcppDeepState/extdata/compileAttributes/qtl2/src/scan1blup.cpp:4:10: fatal error: 
      'RcppEigen.h' file not found
#include <RcppEigen.h>
         ^~~~~~~~~~~~~
1 error generated.
In file included from /home/akolla/R/x86_64-pc-linux-gnu-library/3.6/RcppDeepState/extdata/compileAttributes/qtl2/src/scan1coef_binary.cpp:8:
/home/akolla/R/x86_64-pc-linux-gnu-library/3.6/RcppDeepState/extdata/compileAttributes/qtl2/src/binreg.h:5:10: fatal error: 'RcppEigen.h' file
      not found
#include <RcppEigen.h>
         ^~~~~~~~~~~~~
1 error generated.
In file included from /home/akolla/R/x86_64-pc-linux-gnu-library/3.6/RcppDeepState/extdata/compileAttributes/qtl2/src/scan1coef_hk.cpp:8:
/home/akolla/R/x86_64-pc-linux-gnu-library/3.6/RcppDeepState/extdata/compileAttributes/qtl2/src/linreg.h:5:10: fatal error: 'RcppEigen.h' file
      not found
#include <RcppEigen.h>
         ^~~~~~~~~~~~~
1 error generated.
In file included from /home/akolla/R/x86_64-pc-linux-gnu-library/3.6/RcppDeepState/extdata/compileAttributes/qtl2/src/scan1coef_pg.cpp:8:
/home/akolla/R/x86_64-pc-linux-gnu-library/3.6/RcppDeepState/extdata/compileAttributes/qtl2/src/linreg.h:5:10: fatal error: 'RcppEigen.h' file
      not found
#include <RcppEigen.h>
         ^~~~~~~~~~~~~
1 error generated.
make: *** [Makefile:8: /home/akolla/R/x86_64-pc-linux-gnu-library/3.6/RcppDeepState/extdata/compileAttributes/qtl2/inst/testfiles/random_int/random_int_DeepState_TestHarness] Error 1
cd /home/akolla/R/x86_64-pc-linux-gnu-library/3.6/RcppDeepState/extdata/compileAttributes/qtl2/inst/testfiles/get_permutation && rm -f *.o && make
clang++ -g -I/usr/share/R/include -I/home/akolla/R/x86_64-pc-linux-gnu-library/3.6/Rcpp/include -I/home/akolla/R/x86_64-pc-linux-gnu-library/3.6/RcppArmadillo/include -I/home/akolla/R/x86_64-pc-linux-gnu-library/3.6/qs/include -I/home/akolla/R/x86_64-pc-linux-gnu-library/3.6/RInside/include -I/home/akolla/R/x86_64-pc-linux-gnu-library/3.6/RcppDeepState/include /home/akolla/R/x86_64-pc-linux-gnu-library/3.6/RcppDeepState/extdata/compileAttributes/qtl2/inst/testfiles/get_permutation/get_permutation_DeepState_TestHarness.cpp -o /home/akolla/R/x86_64-pc-linux-gnu-library/3.6/RcppDeepState/extdata/compileAttributes/qtl2/inst/testfiles/get_permutation/get_permutation_DeepState_TestHarness.o -c
clang++ -g -o /home/akolla/R/x86_64-pc-linux-gnu-library/3.6/RcppDeepState/extdata/compileAttributes/qtl2/inst/testfiles/get_permutation/get_permutation_DeepState_TestHarness /home/akolla/R/x86_64-pc-linux-gnu-library/3.6/RcppDeepState/extdata/compileAttributes/qtl2/inst/testfiles/get_permutation/get_permutation_DeepState_TestHarness.o -I/home/akolla/R/x86_64-pc-linux-gnu-library/3.6/RcppDeepState/include -I/home/akolla/.RcppDeepState/deepstate-master/build -I/home/akolla/.RcppDeepState/deepstate-master/src/include -L/home/akolla/R/x86_64-pc-linux-gnu-library/3.6/RInside/lib -Wl,-rpath=/home/akolla/R/x86_64-pc-linux-gnu-library/3.6/RInside/lib -L/usr/share/R/lib -Wl,-rpath=/usr/share/R/lib -L/home/akolla/.RcppDeepState/deepstate-master/build -Wl,-rpath=/home/akolla/.RcppDeepState/deepstate-master/build -lR -lRInside -ldeepstate -I/usr/share/R/include -I/home/akolla/R/x86_64-pc-linux-gnu-library/3.6/Rcpp/include -I/home/akolla/R/x86_64-pc-linux-gnu-library/3.6/RcppArmadillo/include -I/home/akolla/.RcppDeepState/deepstate-master/src/include /home/akolla/R/x86_64-pc-linux-gnu-library/3.6/RcppDeepState/extdata/compileAttributes/qtl2/src/*.cpp
In file included from /home/akolla/R/x86_64-pc-linux-gnu-library/3.6/RcppDeepState/extdata/compileAttributes/qtl2/src/binreg.cpp:5:
/home/akolla/R/x86_64-pc-linux-gnu-library/3.6/RcppDeepState/extdata/compileAttributes/qtl2/src/binreg.h:5:10: fatal error: 'RcppEigen.h' file
      not found
#include <RcppEigen.h>
         ^~~~~~~~~~~~~
1 error generated.
In file included from /home/akolla/R/x86_64-pc-linux-gnu-library/3.6/RcppDeepState/extdata/compileAttributes/qtl2/src/binreg_eigen.cpp:5:
/home/akolla/R/x86_64-pc-linux-gnu-library/3.6/RcppDeepState/extdata/compileAttributes/qtl2/src/binreg_eigen.h:5:10: fatal error: 
      'RcppEigen.h' file not found
#include <RcppEigen.h>
         ^~~~~~~~~~~~~
1 error generated.
In file included from /home/akolla/R/x86_64-pc-linux-gnu-library/3.6/RcppDeepState/extdata/compileAttributes/qtl2/src/binreg_weighted.cpp:5:
/home/akolla/R/x86_64-pc-linux-gnu-library/3.6/RcppDeepState/extdata/compileAttributes/qtl2/src/binreg_weighted.h:5:10: fatal error: 
      'RcppEigen.h' file not found
#include <RcppEigen.h>
         ^~~~~~~~~~~~~
1 error generated.
In file included from /home/akolla/R/x86_64-pc-linux-gnu-library/3.6/RcppDeepState/extdata/compileAttributes/qtl2/src/binreg_weighted_eigen.cpp:5:
/home/akolla/R/x86_64-pc-linux-gnu-library/3.6/RcppDeepState/extdata/compileAttributes/qtl2/src/binreg_weighted_eigen.h:5:10: fatal error: 
      'RcppEigen.h' file not found
#include <RcppEigen.h>
         ^~~~~~~~~~~~~
1 error generated.
In file included from /home/akolla/R/x86_64-pc-linux-gnu-library/3.6/RcppDeepState/extdata/compileAttributes/qtl2/src/debug_util.cpp:3:
/home/akolla/R/x86_64-pc-linux-gnu-library/3.6/RcppDeepState/extdata/compileAttributes/qtl2/src/debug_util.h:5:10: fatal error: 'RcppEigen.h'
      file not found
#include <RcppEigen.h>
         ^~~~~~~~~~~~~
1 error generated.
In file included from /home/akolla/R/x86_64-pc-linux-gnu-library/3.6/RcppDeepState/extdata/compileAttributes/qtl2/src/fit1_binary.cpp:8:
/home/akolla/R/x86_64-pc-linux-gnu-library/3.6/RcppDeepState/extdata/compileAttributes/qtl2/src/binreg.h:5:10: fatal error: 'RcppEigen.h' file
      not found
#include <RcppEigen.h>
         ^~~~~~~~~~~~~
1 error generated.
In file included from /home/akolla/R/x86_64-pc-linux-gnu-library/3.6/RcppDeepState/extdata/compileAttributes/qtl2/src/fit1_hk.cpp:8:
/home/akolla/R/x86_64-pc-linux-gnu-library/3.6/RcppDeepState/extdata/compileAttributes/qtl2/src/linreg.h:5:10: fatal error: 'RcppEigen.h' file
      not found
#include <RcppEigen.h>
         ^~~~~~~~~~~~~
1 error generated.
In file included from /home/akolla/R/x86_64-pc-linux-gnu-library/3.6/RcppDeepState/extdata/compileAttributes/qtl2/src/fit1_pg.cpp:8:
/home/akolla/R/x86_64-pc-linux-gnu-library/3.6/RcppDeepState/extdata/compileAttributes/qtl2/src/linreg.h:5:10: fatal error: 'RcppEigen.h' file
      not found
#include <RcppEigen.h>
         ^~~~~~~~~~~~~
1 error generated.
In file included from /home/akolla/R/x86_64-pc-linux-gnu-library/3.6/RcppDeepState/extdata/compileAttributes/qtl2/src/linreg.cpp:5:
/home/akolla/R/x86_64-pc-linux-gnu-library/3.6/RcppDeepState/extdata/compileAttributes/qtl2/src/linreg.h:5:10: fatal error: 'RcppEigen.h' file
      not found
#include <RcppEigen.h>
         ^~~~~~~~~~~~~
1 error generated.
In file included from /home/akolla/R/x86_64-pc-linux-gnu-library/3.6/RcppDeepState/extdata/compileAttributes/qtl2/src/linreg_eigen.cpp:5:
/home/akolla/R/x86_64-pc-linux-gnu-library/3.6/RcppDeepState/extdata/compileAttributes/qtl2/src/linreg_eigen.h:5:10: fatal error: 
      'RcppEigen.h' file not found
#include <RcppEigen.h>
         ^~~~~~~~~~~~~
1 error generated.
In file included from /home/akolla/R/x86_64-pc-linux-gnu-library/3.6/RcppDeepState/extdata/compileAttributes/qtl2/src/lmm.cpp:8:
/home/akolla/R/x86_64-pc-linux-gnu-library/3.6/RcppDeepState/extdata/compileAttributes/qtl2/src/lmm.h:10:10: fatal error: 'RcppEigen.h' file
      not found
#include <RcppEigen.h>
         ^~~~~~~~~~~~~
1 error generated.
In file included from /home/akolla/R/x86_64-pc-linux-gnu-library/3.6/RcppDeepState/extdata/compileAttributes/qtl2/src/matrix.cpp:5:
/home/akolla/R/x86_64-pc-linux-gnu-library/3.6/RcppDeepState/extdata/compileAttributes/qtl2/src/matrix.h:5:10: fatal error: 'RcppEigen.h' file
      not found
#include <RcppEigen.h>
         ^~~~~~~~~~~~~
1 error generated.
In file included from /home/akolla/R/x86_64-pc-linux-gnu-library/3.6/RcppDeepState/extdata/compileAttributes/qtl2/src/scan1_binary.cpp:8:
/home/akolla/R/x86_64-pc-linux-gnu-library/3.6/RcppDeepState/extdata/compileAttributes/qtl2/src/binreg.h:5:10: fatal error: 'RcppEigen.h' file
      not found
#include <RcppEigen.h>
         ^~~~~~~~~~~~~
1 error generated.
In file included from /home/akolla/R/x86_64-pc-linux-gnu-library/3.6/RcppDeepState/extdata/compileAttributes/qtl2/src/scan1_hk.cpp:8:
/home/akolla/R/x86_64-pc-linux-gnu-library/3.6/RcppDeepState/extdata/compileAttributes/qtl2/src/linreg.h:5:10: fatal error: 'RcppEigen.h' file
      not found
#include <RcppEigen.h>
         ^~~~~~~~~~~~~
1 error generated.
/home/akolla/R/x86_64-pc-linux-gnu-library/3.6/RcppDeepState/extdata/compileAttributes/qtl2/src/scan1_pg.cpp:6:10: fatal error: 'RcppEigen.h'
      file not found
#include <RcppEigen.h>
         ^~~~~~~~~~~~~
1 error generated.
/home/akolla/R/x86_64-pc-linux-gnu-library/3.6/RcppDeepState/extdata/compileAttributes/qtl2/src/scan1blup.cpp:4:10: fatal error: 
      'RcppEigen.h' file not found
#include <RcppEigen.h>
         ^~~~~~~~~~~~~
1 error generated.
In file included from /home/akolla/R/x86_64-pc-linux-gnu-library/3.6/RcppDeepState/extdata/compileAttributes/qtl2/src/scan1coef_binary.cpp:8:
/home/akolla/R/x86_64-pc-linux-gnu-library/3.6/RcppDeepState/extdata/compileAttributes/qtl2/src/binreg.h:5:10: fatal error: 'RcppEigen.h' file
      not found
#include <RcppEigen.h>
         ^~~~~~~~~~~~~
1 error generated.
In file included from /home/akolla/R/x86_64-pc-linux-gnu-library/3.6/RcppDeepState/extdata/compileAttributes/qtl2/src/scan1coef_hk.cpp:8:
/home/akolla/R/x86_64-pc-linux-gnu-library/3.6/RcppDeepState/extdata/compileAttributes/qtl2/src/linreg.h:5:10: fatal error: 'RcppEigen.h' file
      not found
#include <RcppEigen.h>
         ^~~~~~~~~~~~~
1 error generated.
In file included from /home/akolla/R/x86_64-pc-linux-gnu-library/3.6/RcppDeepState/extdata/compileAttributes/qtl2/src/scan1coef_pg.cpp:8:
/home/akolla/R/x86_64-pc-linux-gnu-library/3.6/RcppDeepState/extdata/compileAttributes/qtl2/src/linreg.h:5:10: fatal error: 'RcppEigen.h' file
      not found
#include <RcppEigen.h>
         ^~~~~~~~~~~~~
1 error generated.
make: *** [Makefile:8: /home/akolla/R/x86_64-pc-linux-gnu-library/3.6/RcppDeepState/extdata/compileAttributes/qtl2/inst/testfiles/get_permutation/get_permutation_DeepState_TestHarness] Error 1
cd /home/akolla/R/x86_64-pc-linux-gnu-library/3.6/RcppDeepState/extdata/compileAttributes/qtl2/inst/testfiles/permute_nvector && rm -f *.o && make
clang++ -g -I/usr/share/R/include -I/home/akolla/R/x86_64-pc-linux-gnu-library/3.6/Rcpp/include -I/home/akolla/R/x86_64-pc-linux-gnu-library/3.6/RcppArmadillo/include -I/home/akolla/R/x86_64-pc-linux-gnu-library/3.6/qs/include -I/home/akolla/R/x86_64-pc-linux-gnu-library/3.6/RInside/include -I/home/akolla/R/x86_64-pc-linux-gnu-library/3.6/RcppDeepState/include /home/akolla/R/x86_64-pc-linux-gnu-library/3.6/RcppDeepState/extdata/compileAttributes/qtl2/inst/testfiles/permute_nvector/permute_nvector_DeepState_TestHarness.cpp -o /home/akolla/R/x86_64-pc-linux-gnu-library/3.6/RcppDeepState/extdata/compileAttributes/qtl2/inst/testfiles/permute_nvector/permute_nvector_DeepState_TestHarness.o -c
clang++ -g -o /home/akolla/R/x86_64-pc-linux-gnu-library/3.6/RcppDeepState/extdata/compileAttributes/qtl2/inst/testfiles/permute_nvector/permute_nvector_DeepState_TestHarness /home/akolla/R/x86_64-pc-linux-gnu-library/3.6/RcppDeepState/extdata/compileAttributes/qtl2/inst/testfiles/permute_nvector/permute_nvector_DeepState_TestHarness.o -I/home/akolla/R/x86_64-pc-linux-gnu-library/3.6/RcppDeepState/include -I/home/akolla/.RcppDeepState/deepstate-master/build -I/home/akolla/.RcppDeepState/deepstate-master/src/include -L/home/akolla/R/x86_64-pc-linux-gnu-library/3.6/RInside/lib -Wl,-rpath=/home/akolla/R/x86_64-pc-linux-gnu-library/3.6/RInside/lib -L/usr/share/R/lib -Wl,-rpath=/usr/share/R/lib -L/home/akolla/.RcppDeepState/deepstate-master/build -Wl,-rpath=/home/akolla/.RcppDeepState/deepstate-master/build -lR -lRInside -ldeepstate -I/usr/share/R/include -I/home/akolla/R/x86_64-pc-linux-gnu-library/3.6/Rcpp/include -I/home/akolla/R/x86_64-pc-linux-gnu-library/3.6/RcppArmadillo/include -I/home/akolla/.RcppDeepState/deepstate-master/src/include /home/akolla/R/x86_64-pc-linux-gnu-library/3.6/RcppDeepState/extdata/compileAttributes/qtl2/src/*.cpp
In file included from /home/akolla/R/x86_64-pc-linux-gnu-library/3.6/RcppDeepState/extdata/compileAttributes/qtl2/src/binreg.cpp:5:
/home/akolla/R/x86_64-pc-linux-gnu-library/3.6/RcppDeepState/extdata/compileAttributes/qtl2/src/binreg.h:5:10: fatal error: 'RcppEigen.h' file
      not found
#include <RcppEigen.h>
         ^~~~~~~~~~~~~
1 error generated.
In file included from /home/akolla/R/x86_64-pc-linux-gnu-library/3.6/RcppDeepState/extdata/compileAttributes/qtl2/src/binreg_eigen.cpp:5:
/home/akolla/R/x86_64-pc-linux-gnu-library/3.6/RcppDeepState/extdata/compileAttributes/qtl2/src/binreg_eigen.h:5:10: fatal error: 
      'RcppEigen.h' file not found
#include <RcppEigen.h>
         ^~~~~~~~~~~~~
1 error generated.
In file included from /home/akolla/R/x86_64-pc-linux-gnu-library/3.6/RcppDeepState/extdata/compileAttributes/qtl2/src/binreg_weighted.cpp:5:
/home/akolla/R/x86_64-pc-linux-gnu-library/3.6/RcppDeepState/extdata/compileAttributes/qtl2/src/binreg_weighted.h:5:10: fatal error: 
      'RcppEigen.h' file not found
#include <RcppEigen.h>
         ^~~~~~~~~~~~~
1 error generated.
In file included from /home/akolla/R/x86_64-pc-linux-gnu-library/3.6/RcppDeepState/extdata/compileAttributes/qtl2/src/binreg_weighted_eigen.cpp:5:
/home/akolla/R/x86_64-pc-linux-gnu-library/3.6/RcppDeepState/extdata/compileAttributes/qtl2/src/binreg_weighted_eigen.h:5:10: fatal error: 
      'RcppEigen.h' file not found
#include <RcppEigen.h>
         ^~~~~~~~~~~~~
1 error generated.
In file included from /home/akolla/R/x86_64-pc-linux-gnu-library/3.6/RcppDeepState/extdata/compileAttributes/qtl2/src/debug_util.cpp:3:
/home/akolla/R/x86_64-pc-linux-gnu-library/3.6/RcppDeepState/extdata/compileAttributes/qtl2/src/debug_util.h:5:10: fatal error: 'RcppEigen.h'
      file not found
#include <RcppEigen.h>
         ^~~~~~~~~~~~~
1 error generated.
In file included from /home/akolla/R/x86_64-pc-linux-gnu-library/3.6/RcppDeepState/extdata/compileAttributes/qtl2/src/fit1_binary.cpp:8:
/home/akolla/R/x86_64-pc-linux-gnu-library/3.6/RcppDeepState/extdata/compileAttributes/qtl2/src/binreg.h:5:10: fatal error: 'RcppEigen.h' file
      not found
#include <RcppEigen.h>
         ^~~~~~~~~~~~~
1 error generated.
In file included from /home/akolla/R/x86_64-pc-linux-gnu-library/3.6/RcppDeepState/extdata/compileAttributes/qtl2/src/fit1_hk.cpp:8:
/home/akolla/R/x86_64-pc-linux-gnu-library/3.6/RcppDeepState/extdata/compileAttributes/qtl2/src/linreg.h:5:10: fatal error: 'RcppEigen.h' file
      not found
#include <RcppEigen.h>
         ^~~~~~~~~~~~~
1 error generated.
In file included from /home/akolla/R/x86_64-pc-linux-gnu-library/3.6/RcppDeepState/extdata/compileAttributes/qtl2/src/fit1_pg.cpp:8:
/home/akolla/R/x86_64-pc-linux-gnu-library/3.6/RcppDeepState/extdata/compileAttributes/qtl2/src/linreg.h:5:10: fatal error: 'RcppEigen.h' file
      not found
#include <RcppEigen.h>
         ^~~~~~~~~~~~~
1 error generated.
In file included from /home/akolla/R/x86_64-pc-linux-gnu-library/3.6/RcppDeepState/extdata/compileAttributes/qtl2/src/linreg.cpp:5:
/home/akolla/R/x86_64-pc-linux-gnu-library/3.6/RcppDeepState/extdata/compileAttributes/qtl2/src/linreg.h:5:10: fatal error: 'RcppEigen.h' file
      not found
#include <RcppEigen.h>
         ^~~~~~~~~~~~~
1 error generated.
In file included from /home/akolla/R/x86_64-pc-linux-gnu-library/3.6/RcppDeepState/extdata/compileAttributes/qtl2/src/linreg_eigen.cpp:5:
/home/akolla/R/x86_64-pc-linux-gnu-library/3.6/RcppDeepState/extdata/compileAttributes/qtl2/src/linreg_eigen.h:5:10: fatal error: 
      'RcppEigen.h' file not found
#include <RcppEigen.h>
         ^~~~~~~~~~~~~
1 error generated.
In file included from /home/akolla/R/x86_64-pc-linux-gnu-library/3.6/RcppDeepState/extdata/compileAttributes/qtl2/src/lmm.cpp:8:
/home/akolla/R/x86_64-pc-linux-gnu-library/3.6/RcppDeepState/extdata/compileAttributes/qtl2/src/lmm.h:10:10: fatal error: 'RcppEigen.h' file
      not found
#include <RcppEigen.h>
         ^~~~~~~~~~~~~
1 error generated.
In file included from /home/akolla/R/x86_64-pc-linux-gnu-library/3.6/RcppDeepState/extdata/compileAttributes/qtl2/src/matrix.cpp:5:
/home/akolla/R/x86_64-pc-linux-gnu-library/3.6/RcppDeepState/extdata/compileAttributes/qtl2/src/matrix.h:5:10: fatal error: 'RcppEigen.h' file
      not found
#include <RcppEigen.h>
         ^~~~~~~~~~~~~
1 error generated.
In file included from /home/akolla/R/x86_64-pc-linux-gnu-library/3.6/RcppDeepState/extdata/compileAttributes/qtl2/src/scan1_binary.cpp:8:
/home/akolla/R/x86_64-pc-linux-gnu-library/3.6/RcppDeepState/extdata/compileAttributes/qtl2/src/binreg.h:5:10: fatal error: 'RcppEigen.h' file
      not found
#include <RcppEigen.h>
         ^~~~~~~~~~~~~
1 error generated.
In file included from /home/akolla/R/x86_64-pc-linux-gnu-library/3.6/RcppDeepState/extdata/compileAttributes/qtl2/src/scan1_hk.cpp:8:
/home/akolla/R/x86_64-pc-linux-gnu-library/3.6/RcppDeepState/extdata/compileAttributes/qtl2/src/linreg.h:5:10: fatal error: 'RcppEigen.h' file
      not found
#include <RcppEigen.h>
         ^~~~~~~~~~~~~
1 error generated.
/home/akolla/R/x86_64-pc-linux-gnu-library/3.6/RcppDeepState/extdata/compileAttributes/qtl2/src/scan1_pg.cpp:6:10: fatal error: 'RcppEigen.h'
      file not found
#include <RcppEigen.h>
         ^~~~~~~~~~~~~
1 error generated.
/home/akolla/R/x86_64-pc-linux-gnu-library/3.6/RcppDeepState/extdata/compileAttributes/qtl2/src/scan1blup.cpp:4:10: fatal error: 
      'RcppEigen.h' file not found
#include <RcppEigen.h>
         ^~~~~~~~~~~~~
1 error generated.
In file included from /home/akolla/R/x86_64-pc-linux-gnu-library/3.6/RcppDeepState/extdata/compileAttributes/qtl2/src/scan1coef_binary.cpp:8:
/home/akolla/R/x86_64-pc-linux-gnu-library/3.6/RcppDeepState/extdata/compileAttributes/qtl2/src/binreg.h:5:10: fatal error: 'RcppEigen.h' file
      not found
#include <RcppEigen.h>
         ^~~~~~~~~~~~~
1 error generated.
In file included from /home/akolla/R/x86_64-pc-linux-gnu-library/3.6/RcppDeepState/extdata/compileAttributes/qtl2/src/scan1coef_hk.cpp:8:
/home/akolla/R/x86_64-pc-linux-gnu-library/3.6/RcppDeepState/extdata/compileAttributes/qtl2/src/linreg.h:5:10: fatal error: 'RcppEigen.h' file
      not found
#include <RcppEigen.h>
         ^~~~~~~~~~~~~
1 error generated.
In file included from /home/akolla/R/x86_64-pc-linux-gnu-library/3.6/RcppDeepState/extdata/compileAttributes/qtl2/src/scan1coef_pg.cpp:8:
/home/akolla/R/x86_64-pc-linux-gnu-library/3.6/RcppDeepState/extdata/compileAttributes/qtl2/src/linreg.h:5:10: fatal error: 'RcppEigen.h' file
      not found
#include <RcppEigen.h>
         ^~~~~~~~~~~~~
1 error generated.
make: *** [Makefile:8: /home/akolla/R/x86_64-pc-linux-gnu-library/3.6/RcppDeepState/extdata/compileAttributes/qtl2/inst/testfiles/permute_nvector/permute_nvector_DeepState_TestHarness] Error 1
cd /home/akolla/R/x86_64-pc-linux-gnu-library/3.6/RcppDeepState/extdata/compileAttributes/qtl2/inst/testfiles/permute_ivector && rm -f *.o && make
clang++ -g -I/usr/share/R/include -I/home/akolla/R/x86_64-pc-linux-gnu-library/3.6/Rcpp/include -I/home/akolla/R/x86_64-pc-linux-gnu-library/3.6/RcppArmadillo/include -I/home/akolla/R/x86_64-pc-linux-gnu-library/3.6/qs/include -I/home/akolla/R/x86_64-pc-linux-gnu-library/3.6/RInside/include -I/home/akolla/R/x86_64-pc-linux-gnu-library/3.6/RcppDeepState/include /home/akolla/R/x86_64-pc-linux-gnu-library/3.6/RcppDeepState/extdata/compileAttributes/qtl2/inst/testfiles/permute_ivector/permute_ivector_DeepState_TestHarness.cpp -o /home/akolla/R/x86_64-pc-linux-gnu-library/3.6/RcppDeepState/extdata/compileAttributes/qtl2/inst/testfiles/permute_ivector/permute_ivector_DeepState_TestHarness.o -c
clang++ -g -o /home/akolla/R/x86_64-pc-linux-gnu-library/3.6/RcppDeepState/extdata/compileAttributes/qtl2/inst/testfiles/permute_ivector/permute_ivector_DeepState_TestHarness /home/akolla/R/x86_64-pc-linux-gnu-library/3.6/RcppDeepState/extdata/compileAttributes/qtl2/inst/testfiles/permute_ivector/permute_ivector_DeepState_TestHarness.o -I/home/akolla/R/x86_64-pc-linux-gnu-library/3.6/RcppDeepState/include -I/home/akolla/.RcppDeepState/deepstate-master/build -I/home/akolla/.RcppDeepState/deepstate-master/src/include -L/home/akolla/R/x86_64-pc-linux-gnu-library/3.6/RInside/lib -Wl,-rpath=/home/akolla/R/x86_64-pc-linux-gnu-library/3.6/RInside/lib -L/usr/share/R/lib -Wl,-rpath=/usr/share/R/lib -L/home/akolla/.RcppDeepState/deepstate-master/build -Wl,-rpath=/home/akolla/.RcppDeepState/deepstate-master/build -lR -lRInside -ldeepstate -I/usr/share/R/include -I/home/akolla/R/x86_64-pc-linux-gnu-library/3.6/Rcpp/include -I/home/akolla/R/x86_64-pc-linux-gnu-library/3.6/RcppArmadillo/include -I/home/akolla/.RcppDeepState/deepstate-master/src/include /home/akolla/R/x86_64-pc-linux-gnu-library/3.6/RcppDeepState/extdata/compileAttributes/qtl2/src/*.cpp
In file included from /home/akolla/R/x86_64-pc-linux-gnu-library/3.6/RcppDeepState/extdata/compileAttributes/qtl2/src/binreg.cpp:5:
/home/akolla/R/x86_64-pc-linux-gnu-library/3.6/RcppDeepState/extdata/compileAttributes/qtl2/src/binreg.h:5:10: fatal error: 'RcppEigen.h' file
      not found
#include <RcppEigen.h>
         ^~~~~~~~~~~~~
1 error generated.
In file included from /home/akolla/R/x86_64-pc-linux-gnu-library/3.6/RcppDeepState/extdata/compileAttributes/qtl2/src/binreg_eigen.cpp:5:
/home/akolla/R/x86_64-pc-linux-gnu-library/3.6/RcppDeepState/extdata/compileAttributes/qtl2/src/binreg_eigen.h:5:10: fatal error: 
      'RcppEigen.h' file not found
#include <RcppEigen.h>
         ^~~~~~~~~~~~~
1 error generated.
In file included from /home/akolla/R/x86_64-pc-linux-gnu-library/3.6/RcppDeepState/extdata/compileAttributes/qtl2/src/binreg_weighted.cpp:5:
/home/akolla/R/x86_64-pc-linux-gnu-library/3.6/RcppDeepState/extdata/compileAttributes/qtl2/src/binreg_weighted.h:5:10: fatal error: 
      'RcppEigen.h' file not found
#include <RcppEigen.h>
         ^~~~~~~~~~~~~
1 error generated.
In file included from /home/akolla/R/x86_64-pc-linux-gnu-library/3.6/RcppDeepState/extdata/compileAttributes/qtl2/src/binreg_weighted_eigen.cpp:5:
/home/akolla/R/x86_64-pc-linux-gnu-library/3.6/RcppDeepState/extdata/compileAttributes/qtl2/src/binreg_weighted_eigen.h:5:10: fatal error: 
      'RcppEigen.h' file not found
#include <RcppEigen.h>
         ^~~~~~~~~~~~~
1 error generated.
In file included from /home/akolla/R/x86_64-pc-linux-gnu-library/3.6/RcppDeepState/extdata/compileAttributes/qtl2/src/debug_util.cpp:3:
/home/akolla/R/x86_64-pc-linux-gnu-library/3.6/RcppDeepState/extdata/compileAttributes/qtl2/src/debug_util.h:5:10: fatal error: 'RcppEigen.h'
      file not found
#include <RcppEigen.h>
         ^~~~~~~~~~~~~
1 error generated.
In file included from /home/akolla/R/x86_64-pc-linux-gnu-library/3.6/RcppDeepState/extdata/compileAttributes/qtl2/src/fit1_binary.cpp:8:
/home/akolla/R/x86_64-pc-linux-gnu-library/3.6/RcppDeepState/extdata/compileAttributes/qtl2/src/binreg.h:5:10: fatal error: 'RcppEigen.h' file
      not found
#include <RcppEigen.h>
         ^~~~~~~~~~~~~
1 error generated.
In file included from /home/akolla/R/x86_64-pc-linux-gnu-library/3.6/RcppDeepState/extdata/compileAttributes/qtl2/src/fit1_hk.cpp:8:
/home/akolla/R/x86_64-pc-linux-gnu-library/3.6/RcppDeepState/extdata/compileAttributes/qtl2/src/linreg.h:5:10: fatal error: 'RcppEigen.h' file
      not found
#include <RcppEigen.h>
         ^~~~~~~~~~~~~
1 error generated.
In file included from /home/akolla/R/x86_64-pc-linux-gnu-library/3.6/RcppDeepState/extdata/compileAttributes/qtl2/src/fit1_pg.cpp:8:
/home/akolla/R/x86_64-pc-linux-gnu-library/3.6/RcppDeepState/extdata/compileAttributes/qtl2/src/linreg.h:5:10: fatal error: 'RcppEigen.h' file
      not found
#include <RcppEigen.h>
         ^~~~~~~~~~~~~
1 error generated.
In file included from /home/akolla/R/x86_64-pc-linux-gnu-library/3.6/RcppDeepState/extdata/compileAttributes/qtl2/src/linreg.cpp:5:
/home/akolla/R/x86_64-pc-linux-gnu-library/3.6/RcppDeepState/extdata/compileAttributes/qtl2/src/linreg.h:5:10: fatal error: 'RcppEigen.h' file
      not found
#include <RcppEigen.h>
         ^~~~~~~~~~~~~
1 error generated.
In file included from /home/akolla/R/x86_64-pc-linux-gnu-library/3.6/RcppDeepState/extdata/compileAttributes/qtl2/src/linreg_eigen.cpp:5:
/home/akolla/R/x86_64-pc-linux-gnu-library/3.6/RcppDeepState/extdata/compileAttributes/qtl2/src/linreg_eigen.h:5:10: fatal error: 
      'RcppEigen.h' file not found
#include <RcppEigen.h>
         ^~~~~~~~~~~~~
1 error generated.
In file included from /home/akolla/R/x86_64-pc-linux-gnu-library/3.6/RcppDeepState/extdata/compileAttributes/qtl2/src/lmm.cpp:8:
/home/akolla/R/x86_64-pc-linux-gnu-library/3.6/RcppDeepState/extdata/compileAttributes/qtl2/src/lmm.h:10:10: fatal error: 'RcppEigen.h' file
      not found
#include <RcppEigen.h>
         ^~~~~~~~~~~~~
1 error generated.
In file included from /home/akolla/R/x86_64-pc-linux-gnu-library/3.6/RcppDeepState/extdata/compileAttributes/qtl2/src/matrix.cpp:5:
/home/akolla/R/x86_64-pc-linux-gnu-library/3.6/RcppDeepState/extdata/compileAttributes/qtl2/src/matrix.h:5:10: fatal error: 'RcppEigen.h' file
      not found
#include <RcppEigen.h>
         ^~~~~~~~~~~~~
1 error generated.
In file included from /home/akolla/R/x86_64-pc-linux-gnu-library/3.6/RcppDeepState/extdata/compileAttributes/qtl2/src/scan1_binary.cpp:8:
/home/akolla/R/x86_64-pc-linux-gnu-library/3.6/RcppDeepState/extdata/compileAttributes/qtl2/src/binreg.h:5:10: fatal error: 'RcppEigen.h' file
      not found
#include <RcppEigen.h>
         ^~~~~~~~~~~~~
1 error generated.
In file included from /home/akolla/R/x86_64-pc-linux-gnu-library/3.6/RcppDeepState/extdata/compileAttributes/qtl2/src/scan1_hk.cpp:8:
/home/akolla/R/x86_64-pc-linux-gnu-library/3.6/RcppDeepState/extdata/compileAttributes/qtl2/src/linreg.h:5:10: fatal error: 'RcppEigen.h' file
      not found
#include <RcppEigen.h>
         ^~~~~~~~~~~~~
1 error generated.
/home/akolla/R/x86_64-pc-linux-gnu-library/3.6/RcppDeepState/extdata/compileAttributes/qtl2/src/scan1_pg.cpp:6:10: fatal error: 'RcppEigen.h'
      file not found
#include <RcppEigen.h>
         ^~~~~~~~~~~~~
1 error generated.
/home/akolla/R/x86_64-pc-linux-gnu-library/3.6/RcppDeepState/extdata/compileAttributes/qtl2/src/scan1blup.cpp:4:10: fatal error: 
      'RcppEigen.h' file not found
#include <RcppEigen.h>
         ^~~~~~~~~~~~~
1 error generated.
In file included from /home/akolla/R/x86_64-pc-linux-gnu-library/3.6/RcppDeepState/extdata/compileAttributes/qtl2/src/scan1coef_binary.cpp:8:
/home/akolla/R/x86_64-pc-linux-gnu-library/3.6/RcppDeepState/extdata/compileAttributes/qtl2/src/binreg.h:5:10: fatal error: 'RcppEigen.h' file
      not found
#include <RcppEigen.h>
         ^~~~~~~~~~~~~
1 error generated.
In file included from /home/akolla/R/x86_64-pc-linux-gnu-library/3.6/RcppDeepState/extdata/compileAttributes/qtl2/src/scan1coef_hk.cpp:8:
/home/akolla/R/x86_64-pc-linux-gnu-library/3.6/RcppDeepState/extdata/compileAttributes/qtl2/src/linreg.h:5:10: fatal error: 'RcppEigen.h' file
      not found
#include <RcppEigen.h>
         ^~~~~~~~~~~~~
1 error generated.
In file included from /home/akolla/R/x86_64-pc-linux-gnu-library/3.6/RcppDeepState/extdata/compileAttributes/qtl2/src/scan1coef_pg.cpp:8:
/home/akolla/R/x86_64-pc-linux-gnu-library/3.6/RcppDeepState/extdata/compileAttributes/qtl2/src/linreg.h:5:10: fatal error: 'RcppEigen.h' file
      not found
#include <RcppEigen.h>
         ^~~~~~~~~~~~~
1 error generated.
make: *** [Makefile:8: /home/akolla/R/x86_64-pc-linux-gnu-library/3.6/RcppDeepState/extdata/compileAttributes/qtl2/inst/testfiles/permute_ivector/permute_ivector_DeepState_TestHarness] Error 1
cd /home/akolla/R/x86_64-pc-linux-gnu-library/3.6/RcppDeepState/extdata/compileAttributes/qtl2/inst/testfiles/genocol_to_snpcol && rm -f *.o && make
clang++ -g -I/usr/share/R/include -I/home/akolla/R/x86_64-pc-linux-gnu-library/3.6/Rcpp/include -I/home/akolla/R/x86_64-pc-linux-gnu-library/3.6/RcppArmadillo/include -I/home/akolla/R/x86_64-pc-linux-gnu-library/3.6/qs/include -I/home/akolla/R/x86_64-pc-linux-gnu-library/3.6/RInside/include -I/home/akolla/R/x86_64-pc-linux-gnu-library/3.6/RcppDeepState/include /home/akolla/R/x86_64-pc-linux-gnu-library/3.6/RcppDeepState/extdata/compileAttributes/qtl2/inst/testfiles/genocol_to_snpcol/genocol_to_snpcol_DeepState_TestHarness.cpp -o /home/akolla/R/x86_64-pc-linux-gnu-library/3.6/RcppDeepState/extdata/compileAttributes/qtl2/inst/testfiles/genocol_to_snpcol/genocol_to_snpcol_DeepState_TestHarness.o -c
clang++ -g -o /home/akolla/R/x86_64-pc-linux-gnu-library/3.6/RcppDeepState/extdata/compileAttributes/qtl2/inst/testfiles/genocol_to_snpcol/genocol_to_snpcol_DeepState_TestHarness /home/akolla/R/x86_64-pc-linux-gnu-library/3.6/RcppDeepState/extdata/compileAttributes/qtl2/inst/testfiles/genocol_to_snpcol/genocol_to_snpcol_DeepState_TestHarness.o -I/home/akolla/R/x86_64-pc-linux-gnu-library/3.6/RcppDeepState/include -I/home/akolla/.RcppDeepState/deepstate-master/build -I/home/akolla/.RcppDeepState/deepstate-master/src/include -L/home/akolla/R/x86_64-pc-linux-gnu-library/3.6/RInside/lib -Wl,-rpath=/home/akolla/R/x86_64-pc-linux-gnu-library/3.6/RInside/lib -L/usr/share/R/lib -Wl,-rpath=/usr/share/R/lib -L/home/akolla/.RcppDeepState/deepstate-master/build -Wl,-rpath=/home/akolla/.RcppDeepState/deepstate-master/build -lR -lRInside -ldeepstate -I/usr/share/R/include -I/home/akolla/R/x86_64-pc-linux-gnu-library/3.6/Rcpp/include -I/home/akolla/R/x86_64-pc-linux-gnu-library/3.6/RcppArmadillo/include -I/home/akolla/.RcppDeepState/deepstate-master/src/include /home/akolla/R/x86_64-pc-linux-gnu-library/3.6/RcppDeepState/extdata/compileAttributes/qtl2/src/*.cpp
In file included from /home/akolla/R/x86_64-pc-linux-gnu-library/3.6/RcppDeepState/extdata/compileAttributes/qtl2/src/binreg.cpp:5:
/home/akolla/R/x86_64-pc-linux-gnu-library/3.6/RcppDeepState/extdata/compileAttributes/qtl2/src/binreg.h:5:10: fatal error: 'RcppEigen.h' file
      not found
#include <RcppEigen.h>
         ^~~~~~~~~~~~~
1 error generated.
In file included from /home/akolla/R/x86_64-pc-linux-gnu-library/3.6/RcppDeepState/extdata/compileAttributes/qtl2/src/binreg_eigen.cpp:5:
/home/akolla/R/x86_64-pc-linux-gnu-library/3.6/RcppDeepState/extdata/compileAttributes/qtl2/src/binreg_eigen.h:5:10: fatal error: 
      'RcppEigen.h' file not found
#include <RcppEigen.h>
         ^~~~~~~~~~~~~
1 error generated.
In file included from /home/akolla/R/x86_64-pc-linux-gnu-library/3.6/RcppDeepState/extdata/compileAttributes/qtl2/src/binreg_weighted.cpp:5:
/home/akolla/R/x86_64-pc-linux-gnu-library/3.6/RcppDeepState/extdata/compileAttributes/qtl2/src/binreg_weighted.h:5:10: fatal error: 
      'RcppEigen.h' file not found
#include <RcppEigen.h>
         ^~~~~~~~~~~~~
1 error generated.
In file included from /home/akolla/R/x86_64-pc-linux-gnu-library/3.6/RcppDeepState/extdata/compileAttributes/qtl2/src/binreg_weighted_eigen.cpp:5:
/home/akolla/R/x86_64-pc-linux-gnu-library/3.6/RcppDeepState/extdata/compileAttributes/qtl2/src/binreg_weighted_eigen.h:5:10: fatal error: 
      'RcppEigen.h' file not found
#include <RcppEigen.h>
         ^~~~~~~~~~~~~
1 error generated.
In file included from /home/akolla/R/x86_64-pc-linux-gnu-library/3.6/RcppDeepState/extdata/compileAttributes/qtl2/src/debug_util.cpp:3:
/home/akolla/R/x86_64-pc-linux-gnu-library/3.6/RcppDeepState/extdata/compileAttributes/qtl2/src/debug_util.h:5:10: fatal error: 'RcppEigen.h'
      file not found
#include <RcppEigen.h>
         ^~~~~~~~~~~~~
1 error generated.
In file included from /home/akolla/R/x86_64-pc-linux-gnu-library/3.6/RcppDeepState/extdata/compileAttributes/qtl2/src/fit1_binary.cpp:8:
/home/akolla/R/x86_64-pc-linux-gnu-library/3.6/RcppDeepState/extdata/compileAttributes/qtl2/src/binreg.h:5:10: fatal error: 'RcppEigen.h' file
      not found
#include <RcppEigen.h>
         ^~~~~~~~~~~~~
1 error generated.
In file included from /home/akolla/R/x86_64-pc-linux-gnu-library/3.6/RcppDeepState/extdata/compileAttributes/qtl2/src/fit1_hk.cpp:8:
/home/akolla/R/x86_64-pc-linux-gnu-library/3.6/RcppDeepState/extdata/compileAttributes/qtl2/src/linreg.h:5:10: fatal error: 'RcppEigen.h' file
      not found
#include <RcppEigen.h>
         ^~~~~~~~~~~~~
1 error generated.
In file included from /home/akolla/R/x86_64-pc-linux-gnu-library/3.6/RcppDeepState/extdata/compileAttributes/qtl2/src/fit1_pg.cpp:8:
/home/akolla/R/x86_64-pc-linux-gnu-library/3.6/RcppDeepState/extdata/compileAttributes/qtl2/src/linreg.h:5:10: fatal error: 'RcppEigen.h' file
      not found
#include <RcppEigen.h>
         ^~~~~~~~~~~~~
1 error generated.
In file included from /home/akolla/R/x86_64-pc-linux-gnu-library/3.6/RcppDeepState/extdata/compileAttributes/qtl2/src/linreg.cpp:5:
/home/akolla/R/x86_64-pc-linux-gnu-library/3.6/RcppDeepState/extdata/compileAttributes/qtl2/src/linreg.h:5:10: fatal error: 'RcppEigen.h' file
      not found
#include <RcppEigen.h>
         ^~~~~~~~~~~~~
1 error generated.
In file included from /home/akolla/R/x86_64-pc-linux-gnu-library/3.6/RcppDeepState/extdata/compileAttributes/qtl2/src/linreg_eigen.cpp:5:
/home/akolla/R/x86_64-pc-linux-gnu-library/3.6/RcppDeepState/extdata/compileAttributes/qtl2/src/linreg_eigen.h:5:10: fatal error: 
      'RcppEigen.h' file not found
#include <RcppEigen.h>
         ^~~~~~~~~~~~~
1 error generated.
In file included from /home/akolla/R/x86_64-pc-linux-gnu-library/3.6/RcppDeepState/extdata/compileAttributes/qtl2/src/lmm.cpp:8:
/home/akolla/R/x86_64-pc-linux-gnu-library/3.6/RcppDeepState/extdata/compileAttributes/qtl2/src/lmm.h:10:10: fatal error: 'RcppEigen.h' file
      not found
#include <RcppEigen.h>
         ^~~~~~~~~~~~~
1 error generated.
In file included from /home/akolla/R/x86_64-pc-linux-gnu-library/3.6/RcppDeepState/extdata/compileAttributes/qtl2/src/matrix.cpp:5:
/home/akolla/R/x86_64-pc-linux-gnu-library/3.6/RcppDeepState/extdata/compileAttributes/qtl2/src/matrix.h:5:10: fatal error: 'RcppEigen.h' file
      not found
#include <RcppEigen.h>
         ^~~~~~~~~~~~~
1 error generated.
In file included from /home/akolla/R/x86_64-pc-linux-gnu-library/3.6/RcppDeepState/extdata/compileAttributes/qtl2/src/scan1_binary.cpp:8:
/home/akolla/R/x86_64-pc-linux-gnu-library/3.6/RcppDeepState/extdata/compileAttributes/qtl2/src/binreg.h:5:10: fatal error: 'RcppEigen.h' file
      not found
#include <RcppEigen.h>
         ^~~~~~~~~~~~~
1 error generated.
In file included from /home/akolla/R/x86_64-pc-linux-gnu-library/3.6/RcppDeepState/extdata/compileAttributes/qtl2/src/scan1_hk.cpp:8:
/home/akolla/R/x86_64-pc-linux-gnu-library/3.6/RcppDeepState/extdata/compileAttributes/qtl2/src/linreg.h:5:10: fatal error: 'RcppEigen.h' file
      not found
#include <RcppEigen.h>
         ^~~~~~~~~~~~~
1 error generated.
/home/akolla/R/x86_64-pc-linux-gnu-library/3.6/RcppDeepState/extdata/compileAttributes/qtl2/src/scan1_pg.cpp:6:10: fatal error: 'RcppEigen.h'
      file not found
#include <RcppEigen.h>
         ^~~~~~~~~~~~~
1 error generated.
/home/akolla/R/x86_64-pc-linux-gnu-library/3.6/RcppDeepState/extdata/compileAttributes/qtl2/src/scan1blup.cpp:4:10: fatal error: 
      'RcppEigen.h' file not found
#include <RcppEigen.h>
         ^~~~~~~~~~~~~
1 error generated.
In file included from /home/akolla/R/x86_64-pc-linux-gnu-library/3.6/RcppDeepState/extdata/compileAttributes/qtl2/src/scan1coef_binary.cpp:8:
/home/akolla/R/x86_64-pc-linux-gnu-library/3.6/RcppDeepState/extdata/compileAttributes/qtl2/src/binreg.h:5:10: fatal error: 'RcppEigen.h' file
      not found
#include <RcppEigen.h>
         ^~~~~~~~~~~~~
1 error generated.
In file included from /home/akolla/R/x86_64-pc-linux-gnu-library/3.6/RcppDeepState/extdata/compileAttributes/qtl2/src/scan1coef_hk.cpp:8:
/home/akolla/R/x86_64-pc-linux-gnu-library/3.6/RcppDeepState/extdata/compileAttributes/qtl2/src/linreg.h:5:10: fatal error: 'RcppEigen.h' file
      not found
#include <RcppEigen.h>
         ^~~~~~~~~~~~~
1 error generated.
In file included from /home/akolla/R/x86_64-pc-linux-gnu-library/3.6/RcppDeepState/extdata/compileAttributes/qtl2/src/scan1coef_pg.cpp:8:
/home/akolla/R/x86_64-pc-linux-gnu-library/3.6/RcppDeepState/extdata/compileAttributes/qtl2/src/linreg.h:5:10: fatal error: 'RcppEigen.h' file
      not found
#include <RcppEigen.h>
         ^~~~~~~~~~~~~
1 error generated.
make: *** [Makefile:8: /home/akolla/R/x86_64-pc-linux-gnu-library/3.6/RcppDeepState/extdata/compileAttributes/qtl2/inst/testfiles/genocol_to_snpcol/genocol_to_snpcol_DeepState_TestHarness] Error 1
cd /home/akolla/R/x86_64-pc-linux-gnu-library/3.6/RcppDeepState/extdata/compileAttributes/qtl2/inst/testfiles/Xgenocol_to_snpcol && rm -f *.o && make
clang++ -g -I/usr/share/R/include -I/home/akolla/R/x86_64-pc-linux-gnu-library/3.6/Rcpp/include -I/home/akolla/R/x86_64-pc-linux-gnu-library/3.6/RcppArmadillo/include -I/home/akolla/R/x86_64-pc-linux-gnu-library/3.6/qs/include -I/home/akolla/R/x86_64-pc-linux-gnu-library/3.6/RInside/include -I/home/akolla/R/x86_64-pc-linux-gnu-library/3.6/RcppDeepState/include /home/akolla/R/x86_64-pc-linux-gnu-library/3.6/RcppDeepState/extdata/compileAttributes/qtl2/inst/testfiles/Xgenocol_to_snpcol/Xgenocol_to_snpcol_DeepState_TestHarness.cpp -o /home/akolla/R/x86_64-pc-linux-gnu-library/3.6/RcppDeepState/extdata/compileAttributes/qtl2/inst/testfiles/Xgenocol_to_snpcol/Xgenocol_to_snpcol_DeepState_TestHarness.o -c
clang++ -g -o /home/akolla/R/x86_64-pc-linux-gnu-library/3.6/RcppDeepState/extdata/compileAttributes/qtl2/inst/testfiles/Xgenocol_to_snpcol/Xgenocol_to_snpcol_DeepState_TestHarness /home/akolla/R/x86_64-pc-linux-gnu-library/3.6/RcppDeepState/extdata/compileAttributes/qtl2/inst/testfiles/Xgenocol_to_snpcol/Xgenocol_to_snpcol_DeepState_TestHarness.o -I/home/akolla/R/x86_64-pc-linux-gnu-library/3.6/RcppDeepState/include -I/home/akolla/.RcppDeepState/deepstate-master/build -I/home/akolla/.RcppDeepState/deepstate-master/src/include -L/home/akolla/R/x86_64-pc-linux-gnu-library/3.6/RInside/lib -Wl,-rpath=/home/akolla/R/x86_64-pc-linux-gnu-library/3.6/RInside/lib -L/usr/share/R/lib -Wl,-rpath=/usr/share/R/lib -L/home/akolla/.RcppDeepState/deepstate-master/build -Wl,-rpath=/home/akolla/.RcppDeepState/deepstate-master/build -lR -lRInside -ldeepstate -I/usr/share/R/include -I/home/akolla/R/x86_64-pc-linux-gnu-library/3.6/Rcpp/include -I/home/akolla/R/x86_64-pc-linux-gnu-library/3.6/RcppArmadillo/include -I/home/akolla/.RcppDeepState/deepstate-master/src/include /home/akolla/R/x86_64-pc-linux-gnu-library/3.6/RcppDeepState/extdata/compileAttributes/qtl2/src/*.cpp
In file included from /home/akolla/R/x86_64-pc-linux-gnu-library/3.6/RcppDeepState/extdata/compileAttributes/qtl2/src/binreg.cpp:5:
/home/akolla/R/x86_64-pc-linux-gnu-library/3.6/RcppDeepState/extdata/compileAttributes/qtl2/src/binreg.h:5:10: fatal error: 'RcppEigen.h' file
      not found
#include <RcppEigen.h>
         ^~~~~~~~~~~~~
1 error generated.
In file included from /home/akolla/R/x86_64-pc-linux-gnu-library/3.6/RcppDeepState/extdata/compileAttributes/qtl2/src/binreg_eigen.cpp:5:
/home/akolla/R/x86_64-pc-linux-gnu-library/3.6/RcppDeepState/extdata/compileAttributes/qtl2/src/binreg_eigen.h:5:10: fatal error: 
      'RcppEigen.h' file not found
#include <RcppEigen.h>
         ^~~~~~~~~~~~~
1 error generated.
In file included from /home/akolla/R/x86_64-pc-linux-gnu-library/3.6/RcppDeepState/extdata/compileAttributes/qtl2/src/binreg_weighted.cpp:5:
/home/akolla/R/x86_64-pc-linux-gnu-library/3.6/RcppDeepState/extdata/compileAttributes/qtl2/src/binreg_weighted.h:5:10: fatal error: 
      'RcppEigen.h' file not found
#include <RcppEigen.h>
         ^~~~~~~~~~~~~
1 error generated.
In file included from /home/akolla/R/x86_64-pc-linux-gnu-library/3.6/RcppDeepState/extdata/compileAttributes/qtl2/src/binreg_weighted_eigen.cpp:5:
/home/akolla/R/x86_64-pc-linux-gnu-library/3.6/RcppDeepState/extdata/compileAttributes/qtl2/src/binreg_weighted_eigen.h:5:10: fatal error: 
      'RcppEigen.h' file not found
#include <RcppEigen.h>
         ^~~~~~~~~~~~~
1 error generated.
In file included from /home/akolla/R/x86_64-pc-linux-gnu-library/3.6/RcppDeepState/extdata/compileAttributes/qtl2/src/debug_util.cpp:3:
/home/akolla/R/x86_64-pc-linux-gnu-library/3.6/RcppDeepState/extdata/compileAttributes/qtl2/src/debug_util.h:5:10: fatal error: 'RcppEigen.h'
      file not found
#include <RcppEigen.h>
         ^~~~~~~~~~~~~
1 error generated.
In file included from /home/akolla/R/x86_64-pc-linux-gnu-library/3.6/RcppDeepState/extdata/compileAttributes/qtl2/src/fit1_binary.cpp:8:
/home/akolla/R/x86_64-pc-linux-gnu-library/3.6/RcppDeepState/extdata/compileAttributes/qtl2/src/binreg.h:5:10: fatal error: 'RcppEigen.h' file
      not found
#include <RcppEigen.h>
         ^~~~~~~~~~~~~
1 error generated.
In file included from /home/akolla/R/x86_64-pc-linux-gnu-library/3.6/RcppDeepState/extdata/compileAttributes/qtl2/src/fit1_hk.cpp:8:
/home/akolla/R/x86_64-pc-linux-gnu-library/3.6/RcppDeepState/extdata/compileAttributes/qtl2/src/linreg.h:5:10: fatal error: 'RcppEigen.h' file
      not found
#include <RcppEigen.h>
         ^~~~~~~~~~~~~
1 error generated.
In file included from /home/akolla/R/x86_64-pc-linux-gnu-library/3.6/RcppDeepState/extdata/compileAttributes/qtl2/src/fit1_pg.cpp:8:
/home/akolla/R/x86_64-pc-linux-gnu-library/3.6/RcppDeepState/extdata/compileAttributes/qtl2/src/linreg.h:5:10: fatal error: 'RcppEigen.h' file
      not found
#include <RcppEigen.h>
         ^~~~~~~~~~~~~
1 error generated.
In file included from /home/akolla/R/x86_64-pc-linux-gnu-library/3.6/RcppDeepState/extdata/compileAttributes/qtl2/src/linreg.cpp:5:
/home/akolla/R/x86_64-pc-linux-gnu-library/3.6/RcppDeepState/extdata/compileAttributes/qtl2/src/linreg.h:5:10: fatal error: 'RcppEigen.h' file
      not found
#include <RcppEigen.h>
         ^~~~~~~~~~~~~
1 error generated.
In file included from /home/akolla/R/x86_64-pc-linux-gnu-library/3.6/RcppDeepState/extdata/compileAttributes/qtl2/src/linreg_eigen.cpp:5:
/home/akolla/R/x86_64-pc-linux-gnu-library/3.6/RcppDeepState/extdata/compileAttributes/qtl2/src/linreg_eigen.h:5:10: fatal error: 
      'RcppEigen.h' file not found
#include <RcppEigen.h>
         ^~~~~~~~~~~~~
1 error generated.
In file included from /home/akolla/R/x86_64-pc-linux-gnu-library/3.6/RcppDeepState/extdata/compileAttributes/qtl2/src/lmm.cpp:8:
/home/akolla/R/x86_64-pc-linux-gnu-library/3.6/RcppDeepState/extdata/compileAttributes/qtl2/src/lmm.h:10:10: fatal error: 'RcppEigen.h' file
      not found
#include <RcppEigen.h>
         ^~~~~~~~~~~~~
1 error generated.
In file included from /home/akolla/R/x86_64-pc-linux-gnu-library/3.6/RcppDeepState/extdata/compileAttributes/qtl2/src/matrix.cpp:5:
/home/akolla/R/x86_64-pc-linux-gnu-library/3.6/RcppDeepState/extdata/compileAttributes/qtl2/src/matrix.h:5:10: fatal error: 'RcppEigen.h' file
      not found
#include <RcppEigen.h>
         ^~~~~~~~~~~~~
1 error generated.
In file included from /home/akolla/R/x86_64-pc-linux-gnu-library/3.6/RcppDeepState/extdata/compileAttributes/qtl2/src/scan1_binary.cpp:8:
/home/akolla/R/x86_64-pc-linux-gnu-library/3.6/RcppDeepState/extdata/compileAttributes/qtl2/src/binreg.h:5:10: fatal error: 'RcppEigen.h' file
      not found
#include <RcppEigen.h>
         ^~~~~~~~~~~~~
1 error generated.
In file included from /home/akolla/R/x86_64-pc-linux-gnu-library/3.6/RcppDeepState/extdata/compileAttributes/qtl2/src/scan1_hk.cpp:8:
/home/akolla/R/x86_64-pc-linux-gnu-library/3.6/RcppDeepState/extdata/compileAttributes/qtl2/src/linreg.h:5:10: fatal error: 'RcppEigen.h' file
      not found
#include <RcppEigen.h>
         ^~~~~~~~~~~~~
1 error generated.
/home/akolla/R/x86_64-pc-linux-gnu-library/3.6/RcppDeepState/extdata/compileAttributes/qtl2/src/scan1_pg.cpp:6:10: fatal error: 'RcppEigen.h'
      file not found
#include <RcppEigen.h>
         ^~~~~~~~~~~~~
1 error generated.
/home/akolla/R/x86_64-pc-linux-gnu-library/3.6/RcppDeepState/extdata/compileAttributes/qtl2/src/scan1blup.cpp:4:10: fatal error: 
      'RcppEigen.h' file not found
#include <RcppEigen.h>
         ^~~~~~~~~~~~~
1 error generated.
In file included from /home/akolla/R/x86_64-pc-linux-gnu-library/3.6/RcppDeepState/extdata/compileAttributes/qtl2/src/scan1coef_binary.cpp:8:
/home/akolla/R/x86_64-pc-linux-gnu-library/3.6/RcppDeepState/extdata/compileAttributes/qtl2/src/binreg.h:5:10: fatal error: 'RcppEigen.h' file
      not found
#include <RcppEigen.h>
         ^~~~~~~~~~~~~
1 error generated.
In file included from /home/akolla/R/x86_64-pc-linux-gnu-library/3.6/RcppDeepState/extdata/compileAttributes/qtl2/src/scan1coef_hk.cpp:8:
/home/akolla/R/x86_64-pc-linux-gnu-library/3.6/RcppDeepState/extdata/compileAttributes/qtl2/src/linreg.h:5:10: fatal error: 'RcppEigen.h' file
      not found
#include <RcppEigen.h>
         ^~~~~~~~~~~~~
1 error generated.
In file included from /home/akolla/R/x86_64-pc-linux-gnu-library/3.6/RcppDeepState/extdata/compileAttributes/qtl2/src/scan1coef_pg.cpp:8:
/home/akolla/R/x86_64-pc-linux-gnu-library/3.6/RcppDeepState/extdata/compileAttributes/qtl2/src/linreg.h:5:10: fatal error: 'RcppEigen.h' file
      not found
#include <RcppEigen.h>
         ^~~~~~~~~~~~~
1 error generated.
make: *** [Makefile:8: /home/akolla/R/x86_64-pc-linux-gnu-library/3.6/RcppDeepState/extdata/compileAttributes/qtl2/inst/testfiles/Xgenocol_to_snpcol/Xgenocol_to_snpcol_DeepState_TestHarness] Error 1
   5 - /home/akolla/R/x86_64-pc-linux-gnu-library/3.6/RcppDeepState/extdata/packages/qtl2convert_0.22-7.tar.gz
[1] "qtl2convert"
We can't test the function - count_unique_geno - due to  datatypes fall out of the specified list
We can't test the function - encode_geno - due to  datatypes fall out of the specified list
We can't test the function - find_consensus_geno - due to  datatypes fall out of the specified list
We can't test the function - find_unique_geno - due to  datatypes fall out of the specified list
Testharness created for 0 functions in the package
character(0)
[1] "Package cannot be tested using RcppDeepState!!"
   6 - /home/akolla/R/x86_64-pc-linux-gnu-library/3.6/RcppDeepState/extdata/packages/qtl2pleio_1.3.0.tar.gz
[1] "qtl2pleio"
We can't test the function - rcppeigen_sqrt - due to  datatypes fall out of the specified list
We can't test the function - rcppeigen_invsqrt - due to  datatypes fall out of the specified list
We can't test the function - find_matching_cols - due to  datatypes fall out of the specified list
We can't test the function - find_lin_indep_cols - due to  datatypes fall out of the specified list
We can't test the function - formX_intcovar - due to  datatypes fall out of the specified list
We can't test the function - expand_genoprobs_intcovar - due to  datatypes fall out of the specified list
We can't test the function - weighted_matrix - due to  datatypes fall out of the specified list
We can't test the function - weighted_3darray - due to  datatypes fall out of the specified list
We can't test the function - matrix_x_matrix - due to  datatypes fall out of the specified list
We can't test the function - matrix_x_vector - due to  datatypes fall out of the specified list
We can't test the function - matrix_x_3darray - due to  datatypes fall out of the specified list
We can't test the function - rcpp_ols - due to  datatypes fall out of the specified list
We can't test the function - rcpp_gls - due to  datatypes fall out of the specified list
We can't test the function - rcppeigen_invert_matrix - due to  datatypes fall out of the specified list
We can't test the function - rcppeigen_get_diag - due to  datatypes fall out of the specified list
We can't test the function - rcppeigen_get_det - due to  datatypes fall out of the specified list
We can't test the function - rcppeigen_get_chol - due to  datatypes fall out of the specified list
We can't test the function - rcppeigen_get_chol_stable - due to  datatypes fall out of the specified list
We can't test the function - rcppeigen_get_chol_diag - due to  datatypes fall out of the specified list
Testharness created for 1 functions in the package
[1] "timesTwo_DeepState_TestHarness.cpp"
cd /home/akolla/R/x86_64-pc-linux-gnu-library/3.6/RcppDeepState/extdata/compileAttributes/qtl2pleio/inst/testfiles/timesTwo && rm -f *.o && make
clang++ -g -I/usr/share/R/include -I/home/akolla/R/x86_64-pc-linux-gnu-library/3.6/Rcpp/include -I/home/akolla/R/x86_64-pc-linux-gnu-library/3.6/RcppArmadillo/include -I/home/akolla/R/x86_64-pc-linux-gnu-library/3.6/qs/include -I/home/akolla/R/x86_64-pc-linux-gnu-library/3.6/RInside/include -I/home/akolla/R/x86_64-pc-linux-gnu-library/3.6/RcppDeepState/include /home/akolla/R/x86_64-pc-linux-gnu-library/3.6/RcppDeepState/extdata/compileAttributes/qtl2pleio/inst/testfiles/timesTwo/timesTwo_DeepState_TestHarness.cpp -o /home/akolla/R/x86_64-pc-linux-gnu-library/3.6/RcppDeepState/extdata/compileAttributes/qtl2pleio/inst/testfiles/timesTwo/timesTwo_DeepState_TestHarness.o -c
clang++ -g -o /home/akolla/R/x86_64-pc-linux-gnu-library/3.6/RcppDeepState/extdata/compileAttributes/qtl2pleio/inst/testfiles/timesTwo/timesTwo_DeepState_TestHarness /home/akolla/R/x86_64-pc-linux-gnu-library/3.6/RcppDeepState/extdata/compileAttributes/qtl2pleio/inst/testfiles/timesTwo/timesTwo_DeepState_TestHarness.o -I/home/akolla/R/x86_64-pc-linux-gnu-library/3.6/RcppDeepState/include -I/home/akolla/.RcppDeepState/deepstate-master/build -I/home/akolla/.RcppDeepState/deepstate-master/src/include -L/home/akolla/R/x86_64-pc-linux-gnu-library/3.6/RInside/lib -Wl,-rpath=/home/akolla/R/x86_64-pc-linux-gnu-library/3.6/RInside/lib -L/usr/share/R/lib -Wl,-rpath=/usr/share/R/lib -L/home/akolla/.RcppDeepState/deepstate-master/build -Wl,-rpath=/home/akolla/.RcppDeepState/deepstate-master/build -lR -lRInside -ldeepstate -I/usr/share/R/include -I/home/akolla/R/x86_64-pc-linux-gnu-library/3.6/Rcpp/include -I/home/akolla/R/x86_64-pc-linux-gnu-library/3.6/RcppArmadillo/include -I/home/akolla/.RcppDeepState/deepstate-master/src/include /home/akolla/R/x86_64-pc-linux-gnu-library/3.6/RcppDeepState/extdata/compileAttributes/qtl2pleio/src/*.cpp
/home/akolla/R/x86_64-pc-linux-gnu-library/3.6/RcppDeepState/extdata/compileAttributes/qtl2pleio/src/RcppExports.cpp:9:1: error: use of
      undeclared identifier 'Eigen'
Eigen::MatrixXd rcppeigen_sqrt(const Eigen::Map<Eigen::MatrixXd>& A);
^
/home/akolla/R/x86_64-pc-linux-gnu-library/3.6/RcppDeepState/extdata/compileAttributes/qtl2pleio/src/RcppExports.cpp:9:38: error: use of
      undeclared identifier 'Eigen'
Eigen::MatrixXd rcppeigen_sqrt(const Eigen::Map<Eigen::MatrixXd>& A);
                                     ^
/home/akolla/R/x86_64-pc-linux-gnu-library/3.6/RcppDeepState/extdata/compileAttributes/qtl2pleio/src/RcppExports.cpp:9:49: error: use of
      undeclared identifier 'Eigen'
Eigen::MatrixXd rcppeigen_sqrt(const Eigen::Map<Eigen::MatrixXd>& A);
                                                ^
/home/akolla/R/x86_64-pc-linux-gnu-library/3.6/RcppDeepState/extdata/compileAttributes/qtl2pleio/src/RcppExports.cpp:14:42: error: use of
      undeclared identifier 'Eigen'
    Rcpp::traits::input_parameter< const Eigen::Map<Eigen::MatrixXd>& >::type A(ASEXP);
                                         ^
/home/akolla/R/x86_64-pc-linux-gnu-library/3.6/RcppDeepState/extdata/compileAttributes/qtl2pleio/src/RcppExports.cpp:14:53: error: use of
      undeclared identifier 'Eigen'
    Rcpp::traits::input_parameter< const Eigen::Map<Eigen::MatrixXd>& >::type A(ASEXP);
                                                    ^
/home/akolla/R/x86_64-pc-linux-gnu-library/3.6/RcppDeepState/extdata/compileAttributes/qtl2pleio/src/RcppExports.cpp:14:74: error: no type
      named 'type' in the global namespace
    Rcpp::traits::input_parameter< const Eigen::Map<Eigen::MatrixXd>& >::type A(ASEXP);
                                                                       ~~^
/home/akolla/R/x86_64-pc-linux-gnu-library/3.6/RcppDeepState/extdata/compileAttributes/qtl2pleio/src/RcppExports.cpp:20:1: error: use of
      undeclared identifier 'Eigen'
Eigen::MatrixXd rcppeigen_invsqrt(const Eigen::Map<Eigen::MatrixXd>& A);
^
/home/akolla/R/x86_64-pc-linux-gnu-library/3.6/RcppDeepState/extdata/compileAttributes/qtl2pleio/src/RcppExports.cpp:20:41: error: use of
      undeclared identifier 'Eigen'
Eigen::MatrixXd rcppeigen_invsqrt(const Eigen::Map<Eigen::MatrixXd>& A);
                                        ^
/home/akolla/R/x86_64-pc-linux-gnu-library/3.6/RcppDeepState/extdata/compileAttributes/qtl2pleio/src/RcppExports.cpp:20:52: error: use of
      undeclared identifier 'Eigen'
Eigen::MatrixXd rcppeigen_invsqrt(const Eigen::Map<Eigen::MatrixXd>& A);
                                                   ^
/home/akolla/R/x86_64-pc-linux-gnu-library/3.6/RcppDeepState/extdata/compileAttributes/qtl2pleio/src/RcppExports.cpp:25:42: error: use of
      undeclared identifier 'Eigen'
    Rcpp::traits::input_parameter< const Eigen::Map<Eigen::MatrixXd>& >::type A(ASEXP);
                                         ^
/home/akolla/R/x86_64-pc-linux-gnu-library/3.6/RcppDeepState/extdata/compileAttributes/qtl2pleio/src/RcppExports.cpp:25:53: error: use of
      undeclared identifier 'Eigen'
    Rcpp::traits::input_parameter< const Eigen::Map<Eigen::MatrixXd>& >::type A(ASEXP);
                                                    ^
/home/akolla/R/x86_64-pc-linux-gnu-library/3.6/RcppDeepState/extdata/compileAttributes/qtl2pleio/src/RcppExports.cpp:25:74: error: no type
      named 'type' in the global namespace
    Rcpp::traits::input_parameter< const Eigen::Map<Eigen::MatrixXd>& >::type A(ASEXP);
                                                                       ~~^
/home/akolla/R/x86_64-pc-linux-gnu-library/3.6/RcppDeepState/extdata/compileAttributes/qtl2pleio/src/RcppExports.cpp:153:1: error: use of
      undeclared identifier 'Eigen'
Eigen::MatrixXd rcpp_ols(const Eigen::Map<Eigen::MatrixXd>& X, const Eigen::Map<Eigen::MatrixXd>& Y);
^
/home/akolla/R/x86_64-pc-linux-gnu-library/3.6/RcppDeepState/extdata/compileAttributes/qtl2pleio/src/RcppExports.cpp:153:32: error: use of
      undeclared identifier 'Eigen'
Eigen::MatrixXd rcpp_ols(const Eigen::Map<Eigen::MatrixXd>& X, const Eigen::Map<Eigen::MatrixXd>& Y);
                               ^
/home/akolla/R/x86_64-pc-linux-gnu-library/3.6/RcppDeepState/extdata/compileAttributes/qtl2pleio/src/RcppExports.cpp:153:43: error: use of
      undeclared identifier 'Eigen'
Eigen::MatrixXd rcpp_ols(const Eigen::Map<Eigen::MatrixXd>& X, const Eigen::Map<Eigen::MatrixXd>& Y);
                                          ^
/home/akolla/R/x86_64-pc-linux-gnu-library/3.6/RcppDeepState/extdata/compileAttributes/qtl2pleio/src/RcppExports.cpp:153:70: error: use of
      undeclared identifier 'Eigen'
Eigen::MatrixXd rcpp_ols(const Eigen::Map<Eigen::MatrixXd>& X, const Eigen::Map<Eigen::MatrixXd>& Y);
                                                                     ^
/home/akolla/R/x86_64-pc-linux-gnu-library/3.6/RcppDeepState/extdata/compileAttributes/qtl2pleio/src/RcppExports.cpp:153:81: error: use of
      undeclared identifier 'Eigen'
Eigen::MatrixXd rcpp_ols(const Eigen::Map<Eigen::MatrixXd>& X, const Eigen::Map<Eigen::MatrixXd>& Y);
                                                                                ^
/home/akolla/R/x86_64-pc-linux-gnu-library/3.6/RcppDeepState/extdata/compileAttributes/qtl2pleio/src/RcppExports.cpp:158:42: error: use of
      undeclared identifier 'Eigen'
    Rcpp::traits::input_parameter< const Eigen::Map<Eigen::MatrixXd>& >::type X(XSEXP);
                                         ^
/home/akolla/R/x86_64-pc-linux-gnu-library/3.6/RcppDeepState/extdata/compileAttributes/qtl2pleio/src/RcppExports.cpp:158:53: error: use of
      undeclared identifier 'Eigen'
    Rcpp::traits::input_parameter< const Eigen::Map<Eigen::MatrixXd>& >::type X(XSEXP);
                                                    ^
fatal error: too many errors emitted, stopping now [-ferror-limit=]
20 errors generated.
/home/akolla/R/x86_64-pc-linux-gnu-library/3.6/RcppDeepState/extdata/compileAttributes/qtl2pleio/src/eigen_sqrt.cpp:2:10: fatal error: 
      'Eigen/Eigenvalues' file not found
#include <Eigen/Eigenvalues>
         ^~~~~~~~~~~~~~~~~~~
1 error generated.
In file included from /home/akolla/R/x86_64-pc-linux-gnu-library/3.6/RcppDeepState/extdata/compileAttributes/qtl2pleio/src/matrix.cpp:5:
/home/akolla/R/x86_64-pc-linux-gnu-library/3.6/RcppDeepState/extdata/compileAttributes/qtl2pleio/src/matrix.h:5:10: fatal error: 
      'RcppEigen.h' file not found
#include <RcppEigen.h>
         ^~~~~~~~~~~~~
1 error generated.
/home/akolla/R/x86_64-pc-linux-gnu-library/3.6/RcppDeepState/extdata/compileAttributes/qtl2pleio/src/rcpp_ols.cpp:2:10: fatal error: 
      'RcppEigen.h' file not found
#include <RcppEigen.h>
         ^~~~~~~~~~~~~
1 error generated.
/home/akolla/R/x86_64-pc-linux-gnu-library/3.6/RcppDeepState/extdata/compileAttributes/qtl2pleio/src/rcppeigen.cpp:4:10: fatal error: 
      'RcppEigen.h' file not found
#include <RcppEigen.h>
         ^~~~~~~~~~~~~
1 error generated.
/home/akolla/R/x86_64-pc-linux-gnu-library/3.6/RcppDeepState/extdata/compileAttributes/qtl2pleio/src/test-example.cpp:12:10: fatal error: 
      'testthat.h' file not found
#include <testthat.h>
         ^~~~~~~~~~~~
1 error generated.
/home/akolla/R/x86_64-pc-linux-gnu-library/3.6/RcppDeepState/extdata/compileAttributes/qtl2pleio/src/test-runner.cpp:7:10: fatal error: 
      'testthat.h' file not found
#include <testthat.h>
         ^~~~~~~~~~~~
1 error generated.
make: *** [Makefile:8: /home/akolla/R/x86_64-pc-linux-gnu-library/3.6/RcppDeepState/extdata/compileAttributes/qtl2pleio/inst/testfiles/timesTwo/timesTwo_DeepState_TestHarness] Error 1
   7 - /home/akolla/R/x86_64-pc-linux-gnu-library/3.6/RcppDeepState/extdata/packages/QTL.gCIMapping_3.3.tar.gz
[1] "QTL.gCIMapping"
Testharness created for 1 functions in the package
[1] "markerinsert_DeepState_TestHarness.cpp"
cd /home/akolla/R/x86_64-pc-linux-gnu-library/3.6/RcppDeepState/extdata/compileAttributes/QTL.gCIMapping/inst/testfiles/markerinsert && rm -f *.o && make
clang++ -g -I/usr/share/R/include -I/home/akolla/R/x86_64-pc-linux-gnu-library/3.6/Rcpp/include -I/home/akolla/R/x86_64-pc-linux-gnu-library/3.6/RcppArmadillo/include -I/home/akolla/R/x86_64-pc-linux-gnu-library/3.6/qs/include -I/home/akolla/R/x86_64-pc-linux-gnu-library/3.6/RInside/include -I/home/akolla/R/x86_64-pc-linux-gnu-library/3.6/RcppDeepState/include /home/akolla/R/x86_64-pc-linux-gnu-library/3.6/RcppDeepState/extdata/compileAttributes/QTL.gCIMapping/inst/testfiles/markerinsert/markerinsert_DeepState_TestHarness.cpp -o /home/akolla/R/x86_64-pc-linux-gnu-library/3.6/RcppDeepState/extdata/compileAttributes/QTL.gCIMapping/inst/testfiles/markerinsert/markerinsert_DeepState_TestHarness.o -c
/home/akolla/R/x86_64-pc-linux-gnu-library/3.6/RcppDeepState/extdata/compileAttributes/QTL.gCIMapping/inst/testfiles/markerinsert/markerinsert_DeepState_TestHarness.cpp:10:1: error: 
      variable has incomplete type 'void'
TEST(QTL.gCIMapping_deepstate_test,markerinsert_test){
^
/home/akolla/R/x86_64-pc-linux-gnu-library/3.6/RcppDeepState/include/DeepState.hpp:679:5: note: expanded from macro 'TEST'
    DeepState_EntryPoint(category ## _ ## name)
    ^
/home/akolla/R/x86_64-pc-linux-gnu-library/3.6/RcppDeepState/include/DeepState.h:446:5: note: expanded from macro 'DeepState_EntryPoint'
    _DeepState_EntryPoint(test_name, __FILE__, __LINE__)
    ^
/home/akolla/R/x86_64-pc-linux-gnu-library/3.6/RcppDeepState/include/DeepState.h:476:17: note: expanded from macro '_DeepState_EntryPoint'
    static void DeepState_Test_ ## test_name (void); \
                ^
<scratch space>:254:1: note: expanded from here
DeepState_Test_QTL
^
/home/akolla/R/x86_64-pc-linux-gnu-library/3.6/RcppDeepState/extdata/compileAttributes/QTL.gCIMapping/inst/testfiles/markerinsert/markerinsert_DeepState_TestHarness.cpp:10:9: error: 
      expected ';' after top level declarator
TEST(QTL.gCIMapping_deepstate_test,markerinsert_test){
        ^
/home/akolla/R/x86_64-pc-linux-gnu-library/3.6/RcppDeepState/extdata/compileAttributes/QTL.gCIMapping/inst/testfiles/markerinsert/markerinsert_DeepState_TestHarness.cpp:10:1: error: 
      variable has incomplete type 'void'
TEST(QTL.gCIMapping_deepstate_test,markerinsert_test){
^
/home/akolla/R/x86_64-pc-linux-gnu-library/3.6/RcppDeepState/include/DeepState.hpp:679:5: note: expanded from macro 'TEST'
    DeepState_EntryPoint(category ## _ ## name)
    ^
/home/akolla/R/x86_64-pc-linux-gnu-library/3.6/RcppDeepState/include/DeepState.h:446:5: note: expanded from macro 'DeepState_EntryPoint'
    _DeepState_EntryPoint(test_name, __FILE__, __LINE__)
    ^
/home/akolla/R/x86_64-pc-linux-gnu-library/3.6/RcppDeepState/include/DeepState.h:477:17: note: expanded from macro '_DeepState_EntryPoint'
    static void DeepState_Run_ ## test_name (void) { \
                ^
<scratch space>:255:1: note: expanded from here
DeepState_Run_QTL
^
/home/akolla/R/x86_64-pc-linux-gnu-library/3.6/RcppDeepState/extdata/compileAttributes/QTL.gCIMapping/inst/testfiles/markerinsert/markerinsert_DeepState_TestHarness.cpp:10:9: error: 
      expected ';' after top level declarator
TEST(QTL.gCIMapping_deepstate_test,markerinsert_test){
        ^
/home/akolla/R/x86_64-pc-linux-gnu-library/3.6/RcppDeepState/extdata/compileAttributes/QTL.gCIMapping/inst/testfiles/markerinsert/markerinsert_DeepState_TestHarness.cpp:10:1: error: 
      variable has incomplete type 'void'
TEST(QTL.gCIMapping_deepstate_test,markerinsert_test){
^
/home/akolla/R/x86_64-pc-linux-gnu-library/3.6/RcppDeepState/include/DeepState.hpp:679:5: note: expanded from macro 'TEST'
    DeepState_EntryPoint(category ## _ ## name)
    ^
/home/akolla/R/x86_64-pc-linux-gnu-library/3.6/RcppDeepState/include/DeepState.h:446:5: note: expanded from macro 'DeepState_EntryPoint'
    _DeepState_EntryPoint(test_name, __FILE__, __LINE__)
    ^
/home/akolla/R/x86_64-pc-linux-gnu-library/3.6/RcppDeepState/include/DeepState.h:488:27: note: expanded from macro '_DeepState_EntryPoint'
    DEEPSTATE_INITIALIZER(DeepState_Register_ ## test_name) { \
                          ^
<scratch space>:260:1: note: expanded from here
DeepState_Register_QTL
^
/home/akolla/R/x86_64-pc-linux-gnu-library/3.6/RcppDeepState/extdata/compileAttributes/QTL.gCIMapping/inst/testfiles/markerinsert/markerinsert_DeepState_TestHarness.cpp:10:9: error: 
      expected ';' after top level declarator
TEST(QTL.gCIMapping_deepstate_test,markerinsert_test){
        ^
/home/akolla/R/x86_64-pc-linux-gnu-library/3.6/RcppDeepState/extdata/compileAttributes/QTL.gCIMapping/inst/testfiles/markerinsert/markerinsert_DeepState_TestHarness.cpp:10:9: error: 
      cannot use dot operator on a type
/home/akolla/R/x86_64-pc-linux-gnu-library/3.6/RcppDeepState/extdata/compileAttributes/QTL.gCIMapping/inst/testfiles/markerinsert/markerinsert_DeepState_TestHarness.cpp:10:9: error: 
      cannot use dot operator on a type
/home/akolla/R/x86_64-pc-linux-gnu-library/3.6/RcppDeepState/extdata/compileAttributes/QTL.gCIMapping/inst/testfiles/markerinsert/markerinsert_DeepState_TestHarness.cpp:10:1: error: 
      variable has incomplete type 'void'
TEST(QTL.gCIMapping_deepstate_test,markerinsert_test){
^
/home/akolla/R/x86_64-pc-linux-gnu-library/3.6/RcppDeepState/include/DeepState.hpp:679:5: note: expanded from macro 'TEST'
    DeepState_EntryPoint(category ## _ ## name)
    ^
/home/akolla/R/x86_64-pc-linux-gnu-library/3.6/RcppDeepState/include/DeepState.h:446:5: note: expanded from macro 'DeepState_EntryPoint'
    _DeepState_EntryPoint(test_name, __FILE__, __LINE__)
    ^
/home/akolla/R/x86_64-pc-linux-gnu-library/3.6/RcppDeepState/include/DeepState.h:488:27: note: expanded from macro '_DeepState_EntryPoint'
    DEEPSTATE_INITIALIZER(DeepState_Register_ ## test_name) { \
                          ^
<scratch space>:260:1: note: expanded from here
DeepState_Register_QTL
^
/home/akolla/R/x86_64-pc-linux-gnu-library/3.6/RcppDeepState/extdata/compileAttributes/QTL.gCIMapping/inst/testfiles/markerinsert/markerinsert_DeepState_TestHarness.cpp:10:9: error: 
      expected ';' after top level declarator
TEST(QTL.gCIMapping_deepstate_test,markerinsert_test){
        ^
10 errors generated.
make: *** [Makefile:11: /home/akolla/R/x86_64-pc-linux-gnu-library/3.6/RcppDeepState/extdata/compileAttributes/QTL.gCIMapping/inst/testfiles/markerinsert/markerinsert_DeepState_TestHarness.o] Error 1
   8 - /home/akolla/R/x86_64-pc-linux-gnu-library/3.6/RcppDeepState/extdata/packages/QTL.gCIMapping.GUI_2.1.tar.gz
[1] "QTL.gCIMapping.GUI"
Testharness created for 1 functions in the package
[1] "markerinsert_DeepState_TestHarness.cpp"
cd /home/akolla/R/x86_64-pc-linux-gnu-library/3.6/RcppDeepState/extdata/compileAttributes/QTL.gCIMapping.GUI/inst/testfiles/markerinsert && rm -f *.o && make
clang++ -g -I/usr/share/R/include -I/home/akolla/R/x86_64-pc-linux-gnu-library/3.6/Rcpp/include -I/home/akolla/R/x86_64-pc-linux-gnu-library/3.6/RcppArmadillo/include -I/home/akolla/R/x86_64-pc-linux-gnu-library/3.6/qs/include -I/home/akolla/R/x86_64-pc-linux-gnu-library/3.6/RInside/include -I/home/akolla/R/x86_64-pc-linux-gnu-library/3.6/RcppDeepState/include /home/akolla/R/x86_64-pc-linux-gnu-library/3.6/RcppDeepState/extdata/compileAttributes/QTL.gCIMapping.GUI/inst/testfiles/markerinsert/markerinsert_DeepState_TestHarness.cpp -o /home/akolla/R/x86_64-pc-linux-gnu-library/3.6/RcppDeepState/extdata/compileAttributes/QTL.gCIMapping.GUI/inst/testfiles/markerinsert/markerinsert_DeepState_TestHarness.o -c
/home/akolla/R/x86_64-pc-linux-gnu-library/3.6/RcppDeepState/extdata/compileAttributes/QTL.gCIMapping.GUI/inst/testfiles/markerinsert/markerinsert_DeepState_TestHarness.cpp:10:1: error: 
      variable has incomplete type 'void'
TEST(QTL.gCIMapping.GUI_deepstate_test,markerinsert_test){
^
/home/akolla/R/x86_64-pc-linux-gnu-library/3.6/RcppDeepState/include/DeepState.hpp:679:5: note: expanded from macro 'TEST'
    DeepState_EntryPoint(category ## _ ## name)
    ^
/home/akolla/R/x86_64-pc-linux-gnu-library/3.6/RcppDeepState/include/DeepState.h:446:5: note: expanded from macro 'DeepState_EntryPoint'
    _DeepState_EntryPoint(test_name, __FILE__, __LINE__)
    ^
/home/akolla/R/x86_64-pc-linux-gnu-library/3.6/RcppDeepState/include/DeepState.h:476:17: note: expanded from macro '_DeepState_EntryPoint'
    static void DeepState_Test_ ## test_name (void); \
                ^
<scratch space>:254:1: note: expanded from here
DeepState_Test_QTL
^
/home/akolla/R/x86_64-pc-linux-gnu-library/3.6/RcppDeepState/extdata/compileAttributes/QTL.gCIMapping.GUI/inst/testfiles/markerinsert/markerinsert_DeepState_TestHarness.cpp:10:9: error: 
      expected ';' after top level declarator
TEST(QTL.gCIMapping.GUI_deepstate_test,markerinsert_test){
        ^
/home/akolla/R/x86_64-pc-linux-gnu-library/3.6/RcppDeepState/extdata/compileAttributes/QTL.gCIMapping.GUI/inst/testfiles/markerinsert/markerinsert_DeepState_TestHarness.cpp:10:1: error: 
      variable has incomplete type 'void'
TEST(QTL.gCIMapping.GUI_deepstate_test,markerinsert_test){
^
/home/akolla/R/x86_64-pc-linux-gnu-library/3.6/RcppDeepState/include/DeepState.hpp:679:5: note: expanded from macro 'TEST'
    DeepState_EntryPoint(category ## _ ## name)
    ^
/home/akolla/R/x86_64-pc-linux-gnu-library/3.6/RcppDeepState/include/DeepState.h:446:5: note: expanded from macro 'DeepState_EntryPoint'
    _DeepState_EntryPoint(test_name, __FILE__, __LINE__)
    ^
/home/akolla/R/x86_64-pc-linux-gnu-library/3.6/RcppDeepState/include/DeepState.h:477:17: note: expanded from macro '_DeepState_EntryPoint'
    static void DeepState_Run_ ## test_name (void) { \
                ^
<scratch space>:255:1: note: expanded from here
DeepState_Run_QTL
^
/home/akolla/R/x86_64-pc-linux-gnu-library/3.6/RcppDeepState/extdata/compileAttributes/QTL.gCIMapping.GUI/inst/testfiles/markerinsert/markerinsert_DeepState_TestHarness.cpp:10:9: error: 
      expected ';' after top level declarator
TEST(QTL.gCIMapping.GUI_deepstate_test,markerinsert_test){
        ^
/home/akolla/R/x86_64-pc-linux-gnu-library/3.6/RcppDeepState/extdata/compileAttributes/QTL.gCIMapping.GUI/inst/testfiles/markerinsert/markerinsert_DeepState_TestHarness.cpp:10:1: error: 
      variable has incomplete type 'void'
TEST(QTL.gCIMapping.GUI_deepstate_test,markerinsert_test){
^
/home/akolla/R/x86_64-pc-linux-gnu-library/3.6/RcppDeepState/include/DeepState.hpp:679:5: note: expanded from macro 'TEST'
    DeepState_EntryPoint(category ## _ ## name)
    ^
/home/akolla/R/x86_64-pc-linux-gnu-library/3.6/RcppDeepState/include/DeepState.h:446:5: note: expanded from macro 'DeepState_EntryPoint'
    _DeepState_EntryPoint(test_name, __FILE__, __LINE__)
    ^
/home/akolla/R/x86_64-pc-linux-gnu-library/3.6/RcppDeepState/include/DeepState.h:488:27: note: expanded from macro '_DeepState_EntryPoint'
    DEEPSTATE_INITIALIZER(DeepState_Register_ ## test_name) { \
                          ^
<scratch space>:260:1: note: expanded from here
DeepState_Register_QTL
^
/home/akolla/R/x86_64-pc-linux-gnu-library/3.6/RcppDeepState/extdata/compileAttributes/QTL.gCIMapping.GUI/inst/testfiles/markerinsert/markerinsert_DeepState_TestHarness.cpp:10:9: error: 
      expected ';' after top level declarator
TEST(QTL.gCIMapping.GUI_deepstate_test,markerinsert_test){
        ^
/home/akolla/R/x86_64-pc-linux-gnu-library/3.6/RcppDeepState/extdata/compileAttributes/QTL.gCIMapping.GUI/inst/testfiles/markerinsert/markerinsert_DeepState_TestHarness.cpp:10:9: error: 
      cannot use dot operator on a type
/home/akolla/R/x86_64-pc-linux-gnu-library/3.6/RcppDeepState/extdata/compileAttributes/QTL.gCIMapping.GUI/inst/testfiles/markerinsert/markerinsert_DeepState_TestHarness.cpp:10:9: error: 
      cannot use dot operator on a type
/home/akolla/R/x86_64-pc-linux-gnu-library/3.6/RcppDeepState/extdata/compileAttributes/QTL.gCIMapping.GUI/inst/testfiles/markerinsert/markerinsert_DeepState_TestHarness.cpp:10:1: error: 
      variable has incomplete type 'void'
TEST(QTL.gCIMapping.GUI_deepstate_test,markerinsert_test){
^
/home/akolla/R/x86_64-pc-linux-gnu-library/3.6/RcppDeepState/include/DeepState.hpp:679:5: note: expanded from macro 'TEST'
    DeepState_EntryPoint(category ## _ ## name)
    ^
/home/akolla/R/x86_64-pc-linux-gnu-library/3.6/RcppDeepState/include/DeepState.h:446:5: note: expanded from macro 'DeepState_EntryPoint'
    _DeepState_EntryPoint(test_name, __FILE__, __LINE__)
    ^
/home/akolla/R/x86_64-pc-linux-gnu-library/3.6/RcppDeepState/include/DeepState.h:488:27: note: expanded from macro '_DeepState_EntryPoint'
    DEEPSTATE_INITIALIZER(DeepState_Register_ ## test_name) { \
                          ^
<scratch space>:260:1: note: expanded from here
DeepState_Register_QTL
^
/home/akolla/R/x86_64-pc-linux-gnu-library/3.6/RcppDeepState/extdata/compileAttributes/QTL.gCIMapping.GUI/inst/testfiles/markerinsert/markerinsert_DeepState_TestHarness.cpp:10:9: error: 
      expected ';' after top level declarator
TEST(QTL.gCIMapping.GUI_deepstate_test,markerinsert_test){
        ^
10 errors generated.
make: *** [Makefile:11: /home/akolla/R/x86_64-pc-linux-gnu-library/3.6/RcppDeepState/extdata/compileAttributes/QTL.gCIMapping.GUI/inst/testfiles/markerinsert/markerinsert_DeepState_TestHarness.o] Error 1
   9 - /home/akolla/R/x86_64-pc-linux-gnu-library/3.6/RcppDeepState/extdata/packages/Qtools_1.5.2.tar.gz
[1] "Qtools"
Testharness created for 4 functions in the package
[1] "C_midrqLoss_DeepState_TestHarness.cpp"   
[2] "C_midrqLoss_bc_DeepState_TestHarness.cpp"
[3] "C_midrqLoss_ao_DeepState_TestHarness.cpp"
[4] "C_rcTest_DeepState_TestHarness.cpp"      
cd /home/akolla/R/x86_64-pc-linux-gnu-library/3.6/RcppDeepState/extdata/compileAttributes/Qtools/inst/testfiles/C_midrqLoss && rm -f *.o && make
clang++ -g -I/usr/share/R/include -I/home/akolla/R/x86_64-pc-linux-gnu-library/3.6/Rcpp/include -I/home/akolla/R/x86_64-pc-linux-gnu-library/3.6/RcppArmadillo/include -I/home/akolla/R/x86_64-pc-linux-gnu-library/3.6/qs/include -I/home/akolla/R/x86_64-pc-linux-gnu-library/3.6/RInside/include -I/home/akolla/R/x86_64-pc-linux-gnu-library/3.6/RcppDeepState/include /home/akolla/R/x86_64-pc-linux-gnu-library/3.6/RcppDeepState/extdata/compileAttributes/Qtools/inst/testfiles/C_midrqLoss/C_midrqLoss_DeepState_TestHarness.cpp -o /home/akolla/R/x86_64-pc-linux-gnu-library/3.6/RcppDeepState/extdata/compileAttributes/Qtools/inst/testfiles/C_midrqLoss/C_midrqLoss_DeepState_TestHarness.o -c
clang++ -g -o /home/akolla/R/x86_64-pc-linux-gnu-library/3.6/RcppDeepState/extdata/compileAttributes/Qtools/inst/testfiles/C_midrqLoss/C_midrqLoss_DeepState_TestHarness /home/akolla/R/x86_64-pc-linux-gnu-library/3.6/RcppDeepState/extdata/compileAttributes/Qtools/inst/testfiles/C_midrqLoss/C_midrqLoss_DeepState_TestHarness.o -I/home/akolla/R/x86_64-pc-linux-gnu-library/3.6/RcppDeepState/include -I/home/akolla/.RcppDeepState/deepstate-master/build -I/home/akolla/.RcppDeepState/deepstate-master/src/include -L/home/akolla/R/x86_64-pc-linux-gnu-library/3.6/RInside/lib -Wl,-rpath=/home/akolla/R/x86_64-pc-linux-gnu-library/3.6/RInside/lib -L/usr/share/R/lib -Wl,-rpath=/usr/share/R/lib -L/home/akolla/.RcppDeepState/deepstate-master/build -Wl,-rpath=/home/akolla/.RcppDeepState/deepstate-master/build -lR -lRInside -ldeepstate -I/usr/share/R/include -I/home/akolla/R/x86_64-pc-linux-gnu-library/3.6/Rcpp/include -I/home/akolla/R/x86_64-pc-linux-gnu-library/3.6/RcppArmadillo/include -I/home/akolla/.RcppDeepState/deepstate-master/src/include /home/akolla/R/x86_64-pc-linux-gnu-library/3.6/RcppDeepState/extdata/compileAttributes/Qtools/src/*.cpp
cd /home/akolla/R/x86_64-pc-linux-gnu-library/3.6/RcppDeepState/extdata/compileAttributes/Qtools/inst/testfiles/C_midrqLoss && valgrind --xml=yes --xml-file=/home/akolla/R/x86_64-pc-linux-gnu-library/3.6/RcppDeepState/extdata/compileAttributes/Qtools/inst/testfiles/C_midrqLoss/C_midrqLoss_log --tool=memcheck --leak-check=yes --track-origins=yes ./C_midrqLoss_DeepState_TestHarness --fuzz --fuzz_save_passing --output_test_dir /home/akolla/R/x86_64-pc-linux-gnu-library/3.6/RcppDeepState/extdata/compileAttributes/Qtools/inst/testfiles/C_midrqLoss/C_midrqLoss_output > /home/akolla/R/x86_64-pc-linux-gnu-library/3.6/RcppDeepState/extdata/compileAttributes/Qtools/inst/testfiles/C_midrqLoss/C_midrqLoss_log_text 2>&1 ; head /home/akolla/R/x86_64-pc-linux-gnu-library/3.6/RcppDeepState/extdata/compileAttributes/Qtools/inst/testfiles/C_midrqLoss/C_midrqLoss_log_text > /dev/null
cd /home/akolla/R/x86_64-pc-linux-gnu-library/3.6/RcppDeepState/extdata/compileAttributes/Qtools/inst/testfiles/C_midrqLoss_bc && rm -f *.o && make
clang++ -g -I/usr/share/R/include -I/home/akolla/R/x86_64-pc-linux-gnu-library/3.6/Rcpp/include -I/home/akolla/R/x86_64-pc-linux-gnu-library/3.6/RcppArmadillo/include -I/home/akolla/R/x86_64-pc-linux-gnu-library/3.6/qs/include -I/home/akolla/R/x86_64-pc-linux-gnu-library/3.6/RInside/include -I/home/akolla/R/x86_64-pc-linux-gnu-library/3.6/RcppDeepState/include /home/akolla/R/x86_64-pc-linux-gnu-library/3.6/RcppDeepState/extdata/compileAttributes/Qtools/inst/testfiles/C_midrqLoss_bc/C_midrqLoss_bc_DeepState_TestHarness.cpp -o /home/akolla/R/x86_64-pc-linux-gnu-library/3.6/RcppDeepState/extdata/compileAttributes/Qtools/inst/testfiles/C_midrqLoss_bc/C_midrqLoss_bc_DeepState_TestHarness.o -c
clang++ -g -o /home/akolla/R/x86_64-pc-linux-gnu-library/3.6/RcppDeepState/extdata/compileAttributes/Qtools/inst/testfiles/C_midrqLoss_bc/C_midrqLoss_bc_DeepState_TestHarness /home/akolla/R/x86_64-pc-linux-gnu-library/3.6/RcppDeepState/extdata/compileAttributes/Qtools/inst/testfiles/C_midrqLoss_bc/C_midrqLoss_bc_DeepState_TestHarness.o -I/home/akolla/R/x86_64-pc-linux-gnu-library/3.6/RcppDeepState/include -I/home/akolla/.RcppDeepState/deepstate-master/build -I/home/akolla/.RcppDeepState/deepstate-master/src/include -L/home/akolla/R/x86_64-pc-linux-gnu-library/3.6/RInside/lib -Wl,-rpath=/home/akolla/R/x86_64-pc-linux-gnu-library/3.6/RInside/lib -L/usr/share/R/lib -Wl,-rpath=/usr/share/R/lib -L/home/akolla/.RcppDeepState/deepstate-master/build -Wl,-rpath=/home/akolla/.RcppDeepState/deepstate-master/build -lR -lRInside -ldeepstate -I/usr/share/R/include -I/home/akolla/R/x86_64-pc-linux-gnu-library/3.6/Rcpp/include -I/home/akolla/R/x86_64-pc-linux-gnu-library/3.6/RcppArmadillo/include -I/home/akolla/.RcppDeepState/deepstate-master/src/include /home/akolla/R/x86_64-pc-linux-gnu-library/3.6/RcppDeepState/extdata/compileAttributes/Qtools/src/*.cpp
cd /home/akolla/R/x86_64-pc-linux-gnu-library/3.6/RcppDeepState/extdata/compileAttributes/Qtools/inst/testfiles/C_midrqLoss_bc && valgrind --xml=yes --xml-file=/home/akolla/R/x86_64-pc-linux-gnu-library/3.6/RcppDeepState/extdata/compileAttributes/Qtools/inst/testfiles/C_midrqLoss_bc/C_midrqLoss_bc_log --tool=memcheck --leak-check=yes --track-origins=yes ./C_midrqLoss_bc_DeepState_TestHarness --fuzz --fuzz_save_passing --output_test_dir /home/akolla/R/x86_64-pc-linux-gnu-library/3.6/RcppDeepState/extdata/compileAttributes/Qtools/inst/testfiles/C_midrqLoss_bc/C_midrqLoss_bc_output > /home/akolla/R/x86_64-pc-linux-gnu-library/3.6/RcppDeepState/extdata/compileAttributes/Qtools/inst/testfiles/C_midrqLoss_bc/C_midrqLoss_bc_log_text 2>&1 ; head /home/akolla/R/x86_64-pc-linux-gnu-library/3.6/RcppDeepState/extdata/compileAttributes/Qtools/inst/testfiles/C_midrqLoss_bc/C_midrqLoss_bc_log_text > /dev/null
cd /home/akolla/R/x86_64-pc-linux-gnu-library/3.6/RcppDeepState/extdata/compileAttributes/Qtools/inst/testfiles/C_midrqLoss_ao && rm -f *.o && make
clang++ -g -I/usr/share/R/include -I/home/akolla/R/x86_64-pc-linux-gnu-library/3.6/Rcpp/include -I/home/akolla/R/x86_64-pc-linux-gnu-library/3.6/RcppArmadillo/include -I/home/akolla/R/x86_64-pc-linux-gnu-library/3.6/qs/include -I/home/akolla/R/x86_64-pc-linux-gnu-library/3.6/RInside/include -I/home/akolla/R/x86_64-pc-linux-gnu-library/3.6/RcppDeepState/include /home/akolla/R/x86_64-pc-linux-gnu-library/3.6/RcppDeepState/extdata/compileAttributes/Qtools/inst/testfiles/C_midrqLoss_ao/C_midrqLoss_ao_DeepState_TestHarness.cpp -o /home/akolla/R/x86_64-pc-linux-gnu-library/3.6/RcppDeepState/extdata/compileAttributes/Qtools/inst/testfiles/C_midrqLoss_ao/C_midrqLoss_ao_DeepState_TestHarness.o -c
clang++ -g -o /home/akolla/R/x86_64-pc-linux-gnu-library/3.6/RcppDeepState/extdata/compileAttributes/Qtools/inst/testfiles/C_midrqLoss_ao/C_midrqLoss_ao_DeepState_TestHarness /home/akolla/R/x86_64-pc-linux-gnu-library/3.6/RcppDeepState/extdata/compileAttributes/Qtools/inst/testfiles/C_midrqLoss_ao/C_midrqLoss_ao_DeepState_TestHarness.o -I/home/akolla/R/x86_64-pc-linux-gnu-library/3.6/RcppDeepState/include -I/home/akolla/.RcppDeepState/deepstate-master/build -I/home/akolla/.RcppDeepState/deepstate-master/src/include -L/home/akolla/R/x86_64-pc-linux-gnu-library/3.6/RInside/lib -Wl,-rpath=/home/akolla/R/x86_64-pc-linux-gnu-library/3.6/RInside/lib -L/usr/share/R/lib -Wl,-rpath=/usr/share/R/lib -L/home/akolla/.RcppDeepState/deepstate-master/build -Wl,-rpath=/home/akolla/.RcppDeepState/deepstate-master/build -lR -lRInside -ldeepstate -I/usr/share/R/include -I/home/akolla/R/x86_64-pc-linux-gnu-library/3.6/Rcpp/include -I/home/akolla/R/x86_64-pc-linux-gnu-library/3.6/RcppArmadillo/include -I/home/akolla/.RcppDeepState/deepstate-master/src/include /home/akolla/R/x86_64-pc-linux-gnu-library/3.6/RcppDeepState/extdata/compileAttributes/Qtools/src/*.cpp
cd /home/akolla/R/x86_64-pc-linux-gnu-library/3.6/RcppDeepState/extdata/compileAttributes/Qtools/inst/testfiles/C_midrqLoss_ao && valgrind --xml=yes --xml-file=/home/akolla/R/x86_64-pc-linux-gnu-library/3.6/RcppDeepState/extdata/compileAttributes/Qtools/inst/testfiles/C_midrqLoss_ao/C_midrqLoss_ao_log --tool=memcheck --leak-check=yes --track-origins=yes ./C_midrqLoss_ao_DeepState_TestHarness --fuzz --fuzz_save_passing --output_test_dir /home/akolla/R/x86_64-pc-linux-gnu-library/3.6/RcppDeepState/extdata/compileAttributes/Qtools/inst/testfiles/C_midrqLoss_ao/C_midrqLoss_ao_output > /home/akolla/R/x86_64-pc-linux-gnu-library/3.6/RcppDeepState/extdata/compileAttributes/Qtools/inst/testfiles/C_midrqLoss_ao/C_midrqLoss_ao_log_text 2>&1 ; head /home/akolla/R/x86_64-pc-linux-gnu-library/3.6/RcppDeepState/extdata/compileAttributes/Qtools/inst/testfiles/C_midrqLoss_ao/C_midrqLoss_ao_log_text > /dev/null
cd /home/akolla/R/x86_64-pc-linux-gnu-library/3.6/RcppDeepState/extdata/compileAttributes/Qtools/inst/testfiles/C_rcTest && rm -f *.o && make
clang++ -g -I/usr/share/R/include -I/home/akolla/R/x86_64-pc-linux-gnu-library/3.6/Rcpp/include -I/home/akolla/R/x86_64-pc-linux-gnu-library/3.6/RcppArmadillo/include -I/home/akolla/R/x86_64-pc-linux-gnu-library/3.6/qs/include -I/home/akolla/R/x86_64-pc-linux-gnu-library/3.6/RInside/include -I/home/akolla/R/x86_64-pc-linux-gnu-library/3.6/RcppDeepState/include /home/akolla/R/x86_64-pc-linux-gnu-library/3.6/RcppDeepState/extdata/compileAttributes/Qtools/inst/testfiles/C_rcTest/C_rcTest_DeepState_TestHarness.cpp -o /home/akolla/R/x86_64-pc-linux-gnu-library/3.6/RcppDeepState/extdata/compileAttributes/Qtools/inst/testfiles/C_rcTest/C_rcTest_DeepState_TestHarness.o -c
clang++ -g -o /home/akolla/R/x86_64-pc-linux-gnu-library/3.6/RcppDeepState/extdata/compileAttributes/Qtools/inst/testfiles/C_rcTest/C_rcTest_DeepState_TestHarness /home/akolla/R/x86_64-pc-linux-gnu-library/3.6/RcppDeepState/extdata/compileAttributes/Qtools/inst/testfiles/C_rcTest/C_rcTest_DeepState_TestHarness.o -I/home/akolla/R/x86_64-pc-linux-gnu-library/3.6/RcppDeepState/include -I/home/akolla/.RcppDeepState/deepstate-master/build -I/home/akolla/.RcppDeepState/deepstate-master/src/include -L/home/akolla/R/x86_64-pc-linux-gnu-library/3.6/RInside/lib -Wl,-rpath=/home/akolla/R/x86_64-pc-linux-gnu-library/3.6/RInside/lib -L/usr/share/R/lib -Wl,-rpath=/usr/share/R/lib -L/home/akolla/.RcppDeepState/deepstate-master/build -Wl,-rpath=/home/akolla/.RcppDeepState/deepstate-master/build -lR -lRInside -ldeepstate -I/usr/share/R/include -I/home/akolla/R/x86_64-pc-linux-gnu-library/3.6/Rcpp/include -I/home/akolla/R/x86_64-pc-linux-gnu-library/3.6/RcppArmadillo/include -I/home/akolla/.RcppDeepState/deepstate-master/src/include /home/akolla/R/x86_64-pc-linux-gnu-library/3.6/RcppDeepState/extdata/compileAttributes/Qtools/src/*.cpp
cd /home/akolla/R/x86_64-pc-linux-gnu-library/3.6/RcppDeepState/extdata/compileAttributes/Qtools/inst/testfiles/C_rcTest && valgrind --xml=yes --xml-file=/home/akolla/R/x86_64-pc-linux-gnu-library/3.6/RcppDeepState/extdata/compileAttributes/Qtools/inst/testfiles/C_rcTest/C_rcTest_log --tool=memcheck --leak-check=yes --track-origins=yes ./C_rcTest_DeepState_TestHarness --fuzz --fuzz_save_passing --output_test_dir /home/akolla/R/x86_64-pc-linux-gnu-library/3.6/RcppDeepState/extdata/compileAttributes/Qtools/inst/testfiles/C_rcTest/C_rcTest_output > /home/akolla/R/x86_64-pc-linux-gnu-library/3.6/RcppDeepState/extdata/compileAttributes/Qtools/inst/testfiles/C_rcTest/C_rcTest_log_text 2>&1 ; head /home/akolla/R/x86_64-pc-linux-gnu-library/3.6/RcppDeepState/extdata/compileAttributes/Qtools/inst/testfiles/C_rcTest/C_rcTest_log_text > /dev/null

analyzed binary - found no issues

analyzed binary - found no issues

analyzed binary - found no issues
[[1]]
          kind                    msg           errortrace
1: InvalidRead Invalid read of size 8 src/Qtools.cpp : 173
                                                          address trace
1: Address 0x972ffe8 is 0 bytes after a block of size 376 alloc'd    NA

[[2]]
              kind                                                        msg
1: UninitCondition Conditional jump or move depends on uninitialised value(s)
             errortrace                address trace
1: src/Qtools.cpp : 178 No address trace found    NA

[[3]]
              kind                                                        msg
1: UninitCondition Conditional jump or move depends on uninitialised value(s)
             errortrace                address trace
1: src/Qtools.cpp : 179 No address trace found    NA

[[4]]
              kind                                                        msg
1: UninitCondition Conditional jump or move depends on uninitialised value(s)
             errortrace                address trace
1: src/Qtools.cpp : 181 No address trace found    NA

[[5]]
              kind                                                        msg
1: UninitCondition Conditional jump or move depends on uninitialised value(s)
             errortrace                address trace
1: src/Qtools.cpp : 181 No address trace found    NA

[[6]]
              kind                                                        msg
1: UninitCondition Conditional jump or move depends on uninitialised value(s)
             errortrace                address trace
1: src/Qtools.cpp : 181 No address trace found    NA

[[7]]
              kind                                                        msg
1: UninitCondition Conditional jump or move depends on uninitialised value(s)
             errortrace                address trace
1: src/Qtools.cpp : 181 No address trace found    NA

[[8]]
              kind                                                        msg
1: UninitCondition Conditional jump or move depends on uninitialised value(s)
             errortrace                address trace
1: src/Qtools.cpp : 182 No address trace found    NA

[[9]]
              kind                                                        msg
1: UninitCondition Conditional jump or move depends on uninitialised value(s)
             errortrace                address trace
1: src/Qtools.cpp : 182 No address trace found    NA

[[10]]
              kind                                                        msg
1: UninitCondition Conditional jump or move depends on uninitialised value(s)
             errortrace                address trace
1: src/Qtools.cpp : 182 No address trace found    NA

[[11]]
              kind                                                        msg
1: UninitCondition Conditional jump or move depends on uninitialised value(s)
             errortrace                address trace
1: src/Qtools.cpp : 182 No address trace found    NA

[[12]]
              kind                                                        msg
1: UninitCondition Conditional jump or move depends on uninitialised value(s)
             errortrace                address trace
1: src/Qtools.cpp : 181 No address trace found    NA

[[13]]
              kind                                                        msg
1: UninitCondition Conditional jump or move depends on uninitialised value(s)
             errortrace                address trace
1: src/Qtools.cpp : 182 No address trace found    NA

[[14]]
              kind                                                        msg
1: UninitCondition Conditional jump or move depends on uninitialised value(s)
             errortrace                address trace
1: src/Qtools.cpp : 181 No address trace found    NA

[[15]]
              kind                                                        msg
1: UninitCondition Conditional jump or move depends on uninitialised value(s)
             errortrace                address trace
1: src/Qtools.cpp : 181 No address trace found    NA

[[16]]
              kind                                                        msg
1: UninitCondition Conditional jump or move depends on uninitialised value(s)
             errortrace                address trace
1: src/Qtools.cpp : 181 No address trace found    NA

[[17]]
              kind                                                        msg
1: UninitCondition Conditional jump or move depends on uninitialised value(s)
             errortrace                address trace
1: src/Qtools.cpp : 181 No address trace found    NA

[[18]]
              kind                                                        msg
1: UninitCondition Conditional jump or move depends on uninitialised value(s)
             errortrace                address trace
1: src/Qtools.cpp : 182 No address trace found    NA

[[19]]
              kind                                                        msg
1: UninitCondition Conditional jump or move depends on uninitialised value(s)
             errortrace                address trace
1: src/Qtools.cpp : 182 No address trace found    NA

[[20]]
              kind                                                        msg
1: UninitCondition Conditional jump or move depends on uninitialised value(s)
             errortrace                address trace
1: src/Qtools.cpp : 182 No address trace found    NA

[[21]]
              kind                                                        msg
1: UninitCondition Conditional jump or move depends on uninitialised value(s)
             errortrace                address trace
1: src/Qtools.cpp : 182 No address trace found    NA


analyzed binary - found no issues

analyzed binary - found no issues

analyzed binary - found no issues

analyzed binary - found no issues

analyzed binary - found no issues

analyzed binary - found no issues

analyzed binary - found no issues

analyzed binary - found no issues
  10 - /home/akolla/R/x86_64-pc-linux-gnu-library/3.6/RcppDeepState/extdata/packages/quadrupen_0.2-7.tar.gz
[1] "quadrupen"
  11 - /home/akolla/R/x86_64-pc-linux-gnu-library/3.6/RcppDeepState/extdata/packages/qualpalr_0.4.3.tar.gz
[1] "qualpalr"
We can't test the function - farthest_points - due to  datatypes fall out of the specified list
[1] -1
cd /home/akolla/R/x86_64-pc-linux-gnu-library/3.6/RcppDeepState/extdata/compileAttributes/qualpalr/inst/testfiles/edist && rm -f *.o && make
clang++ -g -I/usr/share/R/include -I/home/akolla/R/x86_64-pc-linux-gnu-library/3.6/Rcpp/include -I/home/akolla/R/x86_64-pc-linux-gnu-library/3.6/RcppArmadillo/include -I/home/akolla/R/x86_64-pc-linux-gnu-library/3.6/qs/include -I/home/akolla/R/x86_64-pc-linux-gnu-library/3.6/RInside/include -I/home/akolla/R/x86_64-pc-linux-gnu-library/3.6/RcppDeepState/include /home/akolla/R/x86_64-pc-linux-gnu-library/3.6/RcppDeepState/extdata/compileAttributes/qualpalr/inst/testfiles/edist/edist_DeepState_TestHarness.cpp -o /home/akolla/R/x86_64-pc-linux-gnu-library/3.6/RcppDeepState/extdata/compileAttributes/qualpalr/inst/testfiles/edist/edist_DeepState_TestHarness.o -c
clang++ -g -o /home/akolla/R/x86_64-pc-linux-gnu-library/3.6/RcppDeepState/extdata/compileAttributes/qualpalr/inst/testfiles/edist/edist_DeepState_TestHarness /home/akolla/R/x86_64-pc-linux-gnu-library/3.6/RcppDeepState/extdata/compileAttributes/qualpalr/inst/testfiles/edist/edist_DeepState_TestHarness.o -I/home/akolla/R/x86_64-pc-linux-gnu-library/3.6/RcppDeepState/include -I/home/akolla/.RcppDeepState/deepstate-master/build -I/home/akolla/.RcppDeepState/deepstate-master/src/include -L/home/akolla/R/x86_64-pc-linux-gnu-library/3.6/RInside/lib -Wl,-rpath=/home/akolla/R/x86_64-pc-linux-gnu-library/3.6/RInside/lib -L/usr/share/R/lib -Wl,-rpath=/usr/share/R/lib -L/home/akolla/.RcppDeepState/deepstate-master/build -Wl,-rpath=/home/akolla/.RcppDeepState/deepstate-master/build -lR -lRInside -ldeepstate -I/usr/share/R/include -I/home/akolla/R/x86_64-pc-linux-gnu-library/3.6/Rcpp/include -I/home/akolla/R/x86_64-pc-linux-gnu-library/3.6/RcppArmadillo/include -I/home/akolla/.RcppDeepState/deepstate-master/src/include /home/akolla/R/x86_64-pc-linux-gnu-library/3.6/RcppDeepState/extdata/compileAttributes/qualpalr/src/*.cpp
/home/akolla/R/x86_64-pc-linux-gnu-library/3.6/RcppDeepState/extdata/compileAttributes/qualpalr/src/qualpal.cpp:7:10: fatal error: 
      'RcppParallel.h' file not found
#include <RcppParallel.h>
         ^~~~~~~~~~~~~~~~
1 error generated.
make: *** [Makefile:8: /home/akolla/R/x86_64-pc-linux-gnu-library/3.6/RcppDeepState/extdata/compileAttributes/qualpalr/inst/testfiles/edist/edist_DeepState_TestHarness] Error 1
  12 - /home/akolla/R/x86_64-pc-linux-gnu-library/3.6/RcppDeepState/extdata/packages/quanteda_2.1.1.tar.gz
[1] "quanteda"
We can't test the function - qatd_cpp_collocations - due to  datatypes fall out of the specified list
We can't test the function - qatd_cpp_manhattan - due to  datatypes fall out of the specified list
We can't test the function - qatd_cpp_manhattan2 - due to  datatypes fall out of the specified list
We can't test the function - qatd_cpp_maximum - due to  datatypes fall out of the specified list
We can't test the function - qatd_cpp_maximum2 - due to  datatypes fall out of the specified list
We can't test the function - qatd_cpp_canberra - due to  datatypes fall out of the specified list
We can't test the function - qatd_cpp_canberra2 - due to  datatypes fall out of the specified list
We can't test the function - qatd_cpp_minkowski - due to  datatypes fall out of the specified list
We can't test the function - qatd_cpp_minkowski2 - due to  datatypes fall out of the specified list
We can't test the function - qatd_cpp_fcm - due to  datatypes fall out of the specified list
We can't test the function - qatd_cpp_kwic - due to  datatypes fall out of the specified list
We can't test the function - qatd_cpp_tokens_chunk - due to  datatypes fall out of the specified list
We can't test the function - qatd_cpp_tokens_compound - due to  datatypes fall out of the specified list
We can't test the function - qatd_cpp_tokens_lookup - due to  datatypes fall out of the specified list
We can't test the function - qatd_cpp_tokens_ngrams - due to  datatypes fall out of the specified list
We can't test the function - qatd_cpp_tokens_recompile - due to  datatypes fall out of the specified list
We can't test the function - qatd_cpp_tokens_replace - due to  datatypes fall out of the specified list
We can't test the function - qatd_cpp_tokens_segment - due to  datatypes fall out of the specified list
We can't test the function - qatd_cpp_tokens_select - due to  datatypes fall out of the specified list
We can't test the function - qatd_cpp_set_load_factor - due to  datatypes fall out of the specified list
We can't test the function - qatd_cpp_set_meta - due to  datatypes fall out of the specified list
We can't test the function - qatd_cpp_is_overlap - due to  datatypes fall out of the specified list
Testharness created for 2 functions in the package
[1] "qatd_cpp_is_grouped_numeric_DeepState_TestHarness.cpp"  
[2] "qatd_cpp_is_grouped_character_DeepState_TestHarness.cpp"
cd /home/akolla/R/x86_64-pc-linux-gnu-library/3.6/RcppDeepState/extdata/compileAttributes/quanteda/inst/testfiles/qatd_cpp_is_grouped_numeric && rm -f *.o && make
clang++ -g -I/usr/share/R/include -I/home/akolla/R/x86_64-pc-linux-gnu-library/3.6/Rcpp/include -I/home/akolla/R/x86_64-pc-linux-gnu-library/3.6/RcppArmadillo/include -I/home/akolla/R/x86_64-pc-linux-gnu-library/3.6/qs/include -I/home/akolla/R/x86_64-pc-linux-gnu-library/3.6/RInside/include -I/home/akolla/R/x86_64-pc-linux-gnu-library/3.6/RcppDeepState/include /home/akolla/R/x86_64-pc-linux-gnu-library/3.6/RcppDeepState/extdata/compileAttributes/quanteda/inst/testfiles/qatd_cpp_is_grouped_numeric/qatd_cpp_is_grouped_numeric_DeepState_TestHarness.cpp -o /home/akolla/R/x86_64-pc-linux-gnu-library/3.6/RcppDeepState/extdata/compileAttributes/quanteda/inst/testfiles/qatd_cpp_is_grouped_numeric/qatd_cpp_is_grouped_numeric_DeepState_TestHarness.o -c
clang++ -g -o /home/akolla/R/x86_64-pc-linux-gnu-library/3.6/RcppDeepState/extdata/compileAttributes/quanteda/inst/testfiles/qatd_cpp_is_grouped_numeric/qatd_cpp_is_grouped_numeric_DeepState_TestHarness /home/akolla/R/x86_64-pc-linux-gnu-library/3.6/RcppDeepState/extdata/compileAttributes/quanteda/inst/testfiles/qatd_cpp_is_grouped_numeric/qatd_cpp_is_grouped_numeric_DeepState_TestHarness.o -I/home/akolla/R/x86_64-pc-linux-gnu-library/3.6/RcppDeepState/include -I/home/akolla/.RcppDeepState/deepstate-master/build -I/home/akolla/.RcppDeepState/deepstate-master/src/include -L/home/akolla/R/x86_64-pc-linux-gnu-library/3.6/RInside/lib -Wl,-rpath=/home/akolla/R/x86_64-pc-linux-gnu-library/3.6/RInside/lib -L/usr/share/R/lib -Wl,-rpath=/usr/share/R/lib -L/home/akolla/.RcppDeepState/deepstate-master/build -Wl,-rpath=/home/akolla/.RcppDeepState/deepstate-master/build -lR -lRInside -ldeepstate -I/usr/share/R/include -I/home/akolla/R/x86_64-pc-linux-gnu-library/3.6/Rcpp/include -I/home/akolla/R/x86_64-pc-linux-gnu-library/3.6/RcppArmadillo/include -I/home/akolla/.RcppDeepState/deepstate-master/src/include /home/akolla/R/x86_64-pc-linux-gnu-library/3.6/RcppDeepState/extdata/compileAttributes/quanteda/src/*.cpp
/home/akolla/R/x86_64-pc-linux-gnu-library/3.6/RcppDeepState/extdata/compileAttributes/quanteda/src/collocations_mt_.cpp:1:10: fatal error: 
      'lib.h' file not found
#include "lib.h"
         ^~~~~~~
1 error generated.
/home/akolla/R/x86_64-pc-linux-gnu-library/3.6/RcppDeepState/extdata/compileAttributes/quanteda/src/dist_mt.cpp:1:10: fatal error: 'lib.h'
      file not found
#include "lib.h"
         ^~~~~~~
1 error generated.
/home/akolla/R/x86_64-pc-linux-gnu-library/3.6/RcppDeepState/extdata/compileAttributes/quanteda/src/fcm_mt.cpp:1:10: fatal error: 'lib.h' file
      not found
#include "lib.h"
         ^~~~~~~
1 error generated.
/home/akolla/R/x86_64-pc-linux-gnu-library/3.6/RcppDeepState/extdata/compileAttributes/quanteda/src/kwic_mt.cpp:1:10: fatal error: 'lib.h'
      file not found
#include "lib.h"
         ^~~~~~~
1 error generated.
/home/akolla/R/x86_64-pc-linux-gnu-library/3.6/RcppDeepState/extdata/compileAttributes/quanteda/src/tokens_chunk_mt.cpp:1:10: fatal error: 
      'lib.h' file not found
#include "lib.h"
         ^~~~~~~
1 error generated.
/home/akolla/R/x86_64-pc-linux-gnu-library/3.6/RcppDeepState/extdata/compileAttributes/quanteda/src/tokens_compound_mt.cpp:2:10: fatal error: 
      'lib.h' file not found
#include "lib.h"
         ^~~~~~~
1 error generated.
/home/akolla/R/x86_64-pc-linux-gnu-library/3.6/RcppDeepState/extdata/compileAttributes/quanteda/src/tokens_lookup_mt.cpp:2:10: fatal error: 
      'lib.h' file not found
#include "lib.h"
         ^~~~~~~
1 error generated.
/home/akolla/R/x86_64-pc-linux-gnu-library/3.6/RcppDeepState/extdata/compileAttributes/quanteda/src/tokens_ngrams_mt.cpp:2:10: fatal error: 
      'lib.h' file not found
#include "lib.h"
         ^~~~~~~
1 error generated.
/home/akolla/R/x86_64-pc-linux-gnu-library/3.6/RcppDeepState/extdata/compileAttributes/quanteda/src/tokens_recompile_mt.cpp:2:10: fatal error: 
      'lib.h' file not found
#include "lib.h"
         ^~~~~~~
1 error generated.
/home/akolla/R/x86_64-pc-linux-gnu-library/3.6/RcppDeepState/extdata/compileAttributes/quanteda/src/tokens_replace_mt.cpp:2:10: fatal error: 
      'lib.h' file not found
#include "lib.h"
         ^~~~~~~
1 error generated.
/home/akolla/R/x86_64-pc-linux-gnu-library/3.6/RcppDeepState/extdata/compileAttributes/quanteda/src/tokens_segment_mt.cpp:1:10: fatal error: 
      'lib.h' file not found
#include "lib.h"
         ^~~~~~~
1 error generated.
/home/akolla/R/x86_64-pc-linux-gnu-library/3.6/RcppDeepState/extdata/compileAttributes/quanteda/src/tokens_select_mt.cpp:1:10: fatal error: 
      'lib.h' file not found
#include "lib.h"
         ^~~~~~~
1 error generated.
/home/akolla/R/x86_64-pc-linux-gnu-library/3.6/RcppDeepState/extdata/compileAttributes/quanteda/src/utility.cpp:1:10: fatal error: 'lib.h'
      file not found
#include "lib.h"
         ^~~~~~~
1 error generated.
make: *** [Makefile:8: /home/akolla/R/x86_64-pc-linux-gnu-library/3.6/RcppDeepState/extdata/compileAttributes/quanteda/inst/testfiles/qatd_cpp_is_grouped_numeric/qatd_cpp_is_grouped_numeric_DeepState_TestHarness] Error 1
cd /home/akolla/R/x86_64-pc-linux-gnu-library/3.6/RcppDeepState/extdata/compileAttributes/quanteda/inst/testfiles/qatd_cpp_is_grouped_character && rm -f *.o && make
clang++ -g -I/usr/share/R/include -I/home/akolla/R/x86_64-pc-linux-gnu-library/3.6/Rcpp/include -I/home/akolla/R/x86_64-pc-linux-gnu-library/3.6/RcppArmadillo/include -I/home/akolla/R/x86_64-pc-linux-gnu-library/3.6/qs/include -I/home/akolla/R/x86_64-pc-linux-gnu-library/3.6/RInside/include -I/home/akolla/R/x86_64-pc-linux-gnu-library/3.6/RcppDeepState/include /home/akolla/R/x86_64-pc-linux-gnu-library/3.6/RcppDeepState/extdata/compileAttributes/quanteda/inst/testfiles/qatd_cpp_is_grouped_character/qatd_cpp_is_grouped_character_DeepState_TestHarness.cpp -o /home/akolla/R/x86_64-pc-linux-gnu-library/3.6/RcppDeepState/extdata/compileAttributes/quanteda/inst/testfiles/qatd_cpp_is_grouped_character/qatd_cpp_is_grouped_character_DeepState_TestHarness.o -c
clang++ -g -o /home/akolla/R/x86_64-pc-linux-gnu-library/3.6/RcppDeepState/extdata/compileAttributes/quanteda/inst/testfiles/qatd_cpp_is_grouped_character/qatd_cpp_is_grouped_character_DeepState_TestHarness /home/akolla/R/x86_64-pc-linux-gnu-library/3.6/RcppDeepState/extdata/compileAttributes/quanteda/inst/testfiles/qatd_cpp_is_grouped_character/qatd_cpp_is_grouped_character_DeepState_TestHarness.o -I/home/akolla/R/x86_64-pc-linux-gnu-library/3.6/RcppDeepState/include -I/home/akolla/.RcppDeepState/deepstate-master/build -I/home/akolla/.RcppDeepState/deepstate-master/src/include -L/home/akolla/R/x86_64-pc-linux-gnu-library/3.6/RInside/lib -Wl,-rpath=/home/akolla/R/x86_64-pc-linux-gnu-library/3.6/RInside/lib -L/usr/share/R/lib -Wl,-rpath=/usr/share/R/lib -L/home/akolla/.RcppDeepState/deepstate-master/build -Wl,-rpath=/home/akolla/.RcppDeepState/deepstate-master/build -lR -lRInside -ldeepstate -I/usr/share/R/include -I/home/akolla/R/x86_64-pc-linux-gnu-library/3.6/Rcpp/include -I/home/akolla/R/x86_64-pc-linux-gnu-library/3.6/RcppArmadillo/include -I/home/akolla/.RcppDeepState/deepstate-master/src/include /home/akolla/R/x86_64-pc-linux-gnu-library/3.6/RcppDeepState/extdata/compileAttributes/quanteda/src/*.cpp
/home/akolla/R/x86_64-pc-linux-gnu-library/3.6/RcppDeepState/extdata/compileAttributes/quanteda/src/collocations_mt_.cpp:1:10: fatal error: 
      'lib.h' file not found
#include "lib.h"
         ^~~~~~~
1 error generated.
/home/akolla/R/x86_64-pc-linux-gnu-library/3.6/RcppDeepState/extdata/compileAttributes/quanteda/src/dist_mt.cpp:1:10: fatal error: 'lib.h'
      file not found
#include "lib.h"
         ^~~~~~~
1 error generated.
/home/akolla/R/x86_64-pc-linux-gnu-library/3.6/RcppDeepState/extdata/compileAttributes/quanteda/src/fcm_mt.cpp:1:10: fatal error: 'lib.h' file
      not found
#include "lib.h"
         ^~~~~~~
1 error generated.
/home/akolla/R/x86_64-pc-linux-gnu-library/3.6/RcppDeepState/extdata/compileAttributes/quanteda/src/kwic_mt.cpp:1:10: fatal error: 'lib.h'
      file not found
#include "lib.h"
         ^~~~~~~
1 error generated.
/home/akolla/R/x86_64-pc-linux-gnu-library/3.6/RcppDeepState/extdata/compileAttributes/quanteda/src/tokens_chunk_mt.cpp:1:10: fatal error: 
      'lib.h' file not found
#include "lib.h"
         ^~~~~~~
1 error generated.
/home/akolla/R/x86_64-pc-linux-gnu-library/3.6/RcppDeepState/extdata/compileAttributes/quanteda/src/tokens_compound_mt.cpp:2:10: fatal error: 
      'lib.h' file not found
#include "lib.h"
         ^~~~~~~
1 error generated.
/home/akolla/R/x86_64-pc-linux-gnu-library/3.6/RcppDeepState/extdata/compileAttributes/quanteda/src/tokens_lookup_mt.cpp:2:10: fatal error: 
      'lib.h' file not found
#include "lib.h"
         ^~~~~~~
1 error generated.
/home/akolla/R/x86_64-pc-linux-gnu-library/3.6/RcppDeepState/extdata/compileAttributes/quanteda/src/tokens_ngrams_mt.cpp:2:10: fatal error: 
      'lib.h' file not found
#include "lib.h"
         ^~~~~~~
1 error generated.
/home/akolla/R/x86_64-pc-linux-gnu-library/3.6/RcppDeepState/extdata/compileAttributes/quanteda/src/tokens_recompile_mt.cpp:2:10: fatal error: 
      'lib.h' file not found
#include "lib.h"
         ^~~~~~~
1 error generated.
/home/akolla/R/x86_64-pc-linux-gnu-library/3.6/RcppDeepState/extdata/compileAttributes/quanteda/src/tokens_replace_mt.cpp:2:10: fatal error: 
      'lib.h' file not found
#include "lib.h"
         ^~~~~~~
1 error generated.
/home/akolla/R/x86_64-pc-linux-gnu-library/3.6/RcppDeepState/extdata/compileAttributes/quanteda/src/tokens_segment_mt.cpp:1:10: fatal error: 
      'lib.h' file not found
#include "lib.h"
         ^~~~~~~
1 error generated.
/home/akolla/R/x86_64-pc-linux-gnu-library/3.6/RcppDeepState/extdata/compileAttributes/quanteda/src/tokens_select_mt.cpp:1:10: fatal error: 
      'lib.h' file not found
#include "lib.h"
         ^~~~~~~
1 error generated.
/home/akolla/R/x86_64-pc-linux-gnu-library/3.6/RcppDeepState/extdata/compileAttributes/quanteda/src/utility.cpp:1:10: fatal error: 'lib.h'
      file not found
#include "lib.h"
         ^~~~~~~
1 error generated.
make: *** [Makefile:8: /home/akolla/R/x86_64-pc-linux-gnu-library/3.6/RcppDeepState/extdata/compileAttributes/quanteda/inst/testfiles/qatd_cpp_is_grouped_character/qatd_cpp_is_grouped_character_DeepState_TestHarness] Error 1
  13 - /home/akolla/R/x86_64-pc-linux-gnu-library/3.6/RcppDeepState/extdata/packages/quanteda.textmodels_0.9.1.tar.gz
[1] "quanteda.textmodels"
We can't test the function - qatd_cpp_ca - due to  datatypes fall out of the specified list
We can't test the function - qatd_cpp_wordfish_dense - due to  datatypes fall out of the specified list
We can't test the function - qatd_cpp_wordfish - due to  datatypes fall out of the specified list
Testharness created for 0 functions in the package
character(0)
[1] "Package cannot be tested using RcppDeepState!!"
  14 - /home/akolla/R/x86_64-pc-linux-gnu-library/3.6/RcppDeepState/extdata/packages/quantities_0.1.5.tar.gz
[1] "quantities"
We can't test the function - parse_vector_ - due to  datatypes fall out of the specified list
Testharness cannot be created for the package!!
[1] 0
  15 - /home/akolla/R/x86_64-pc-linux-gnu-library/3.6/RcppDeepState/extdata/packages/quantregRanger_1.0.tar.gz
[1] "quantregRanger"
Testharness created for 5 functions in the package
[1] "Findweights_DeepState_TestHarness.cpp"            
[2] "Findweightsfast_DeepState_TestHarness.cpp"        
[3] "Findweightsinbag_DeepState_TestHarness.cpp"       
[4] "Findweightsinbagfast_DeepState_TestHarness.cpp"   
[5] "Findweightsinbagfastimp_DeepState_TestHarness.cpp"
cd /home/akolla/R/x86_64-pc-linux-gnu-library/3.6/RcppDeepState/extdata/compileAttributes/quantregRanger/inst/testfiles/Findweights && rm -f *.o && make
clang++ -g -I/usr/share/R/include -I/home/akolla/R/x86_64-pc-linux-gnu-library/3.6/Rcpp/include -I/home/akolla/R/x86_64-pc-linux-gnu-library/3.6/RcppArmadillo/include -I/home/akolla/R/x86_64-pc-linux-gnu-library/3.6/qs/include -I/home/akolla/R/x86_64-pc-linux-gnu-library/3.6/RInside/include -I/home/akolla/R/x86_64-pc-linux-gnu-library/3.6/RcppDeepState/include /home/akolla/R/x86_64-pc-linux-gnu-library/3.6/RcppDeepState/extdata/compileAttributes/quantregRanger/inst/testfiles/Findweights/Findweights_DeepState_TestHarness.cpp -o /home/akolla/R/x86_64-pc-linux-gnu-library/3.6/RcppDeepState/extdata/compileAttributes/quantregRanger/inst/testfiles/Findweights/Findweights_DeepState_TestHarness.o -c
clang++ -g -o /home/akolla/R/x86_64-pc-linux-gnu-library/3.6/RcppDeepState/extdata/compileAttributes/quantregRanger/inst/testfiles/Findweights/Findweights_DeepState_TestHarness /home/akolla/R/x86_64-pc-linux-gnu-library/3.6/RcppDeepState/extdata/compileAttributes/quantregRanger/inst/testfiles/Findweights/Findweights_DeepState_TestHarness.o -I/home/akolla/R/x86_64-pc-linux-gnu-library/3.6/RcppDeepState/include -I/home/akolla/.RcppDeepState/deepstate-master/build -I/home/akolla/.RcppDeepState/deepstate-master/src/include -L/home/akolla/R/x86_64-pc-linux-gnu-library/3.6/RInside/lib -Wl,-rpath=/home/akolla/R/x86_64-pc-linux-gnu-library/3.6/RInside/lib -L/usr/share/R/lib -Wl,-rpath=/usr/share/R/lib -L/home/akolla/.RcppDeepState/deepstate-master/build -Wl,-rpath=/home/akolla/.RcppDeepState/deepstate-master/build -lR -lRInside -ldeepstate -I/usr/share/R/include -I/home/akolla/R/x86_64-pc-linux-gnu-library/3.6/Rcpp/include -I/home/akolla/R/x86_64-pc-linux-gnu-library/3.6/RcppArmadillo/include -I/home/akolla/.RcppDeepState/deepstate-master/src/include /home/akolla/R/x86_64-pc-linux-gnu-library/3.6/RcppDeepState/extdata/compileAttributes/quantregRanger/src/*.cpp
cd /home/akolla/R/x86_64-pc-linux-gnu-library/3.6/RcppDeepState/extdata/compileAttributes/quantregRanger/inst/testfiles/Findweights && valgrind --xml=yes --xml-file=/home/akolla/R/x86_64-pc-linux-gnu-library/3.6/RcppDeepState/extdata/compileAttributes/quantregRanger/inst/testfiles/Findweights/Findweights_log --tool=memcheck --leak-check=yes --track-origins=yes ./Findweights_DeepState_TestHarness --fuzz --fuzz_save_passing --output_test_dir /home/akolla/R/x86_64-pc-linux-gnu-library/3.6/RcppDeepState/extdata/compileAttributes/quantregRanger/inst/testfiles/Findweights/Findweights_output > /home/akolla/R/x86_64-pc-linux-gnu-library/3.6/RcppDeepState/extdata/compileAttributes/quantregRanger/inst/testfiles/Findweights/Findweights_log_text 2>&1 ; head /home/akolla/R/x86_64-pc-linux-gnu-library/3.6/RcppDeepState/extdata/compileAttributes/quantregRanger/inst/testfiles/Findweights/Findweights_log_text > /dev/null
cd /home/akolla/R/x86_64-pc-linux-gnu-library/3.6/RcppDeepState/extdata/compileAttributes/quantregRanger/inst/testfiles/Findweightsfast && rm -f *.o && make
clang++ -g -I/usr/share/R/include -I/home/akolla/R/x86_64-pc-linux-gnu-library/3.6/Rcpp/include -I/home/akolla/R/x86_64-pc-linux-gnu-library/3.6/RcppArmadillo/include -I/home/akolla/R/x86_64-pc-linux-gnu-library/3.6/qs/include -I/home/akolla/R/x86_64-pc-linux-gnu-library/3.6/RInside/include -I/home/akolla/R/x86_64-pc-linux-gnu-library/3.6/RcppDeepState/include /home/akolla/R/x86_64-pc-linux-gnu-library/3.6/RcppDeepState/extdata/compileAttributes/quantregRanger/inst/testfiles/Findweightsfast/Findweightsfast_DeepState_TestHarness.cpp -o /home/akolla/R/x86_64-pc-linux-gnu-library/3.6/RcppDeepState/extdata/compileAttributes/quantregRanger/inst/testfiles/Findweightsfast/Findweightsfast_DeepState_TestHarness.o -c
clang++ -g -o /home/akolla/R/x86_64-pc-linux-gnu-library/3.6/RcppDeepState/extdata/compileAttributes/quantregRanger/inst/testfiles/Findweightsfast/Findweightsfast_DeepState_TestHarness /home/akolla/R/x86_64-pc-linux-gnu-library/3.6/RcppDeepState/extdata/compileAttributes/quantregRanger/inst/testfiles/Findweightsfast/Findweightsfast_DeepState_TestHarness.o -I/home/akolla/R/x86_64-pc-linux-gnu-library/3.6/RcppDeepState/include -I/home/akolla/.RcppDeepState/deepstate-master/build -I/home/akolla/.RcppDeepState/deepstate-master/src/include -L/home/akolla/R/x86_64-pc-linux-gnu-library/3.6/RInside/lib -Wl,-rpath=/home/akolla/R/x86_64-pc-linux-gnu-library/3.6/RInside/lib -L/usr/share/R/lib -Wl,-rpath=/usr/share/R/lib -L/home/akolla/.RcppDeepState/deepstate-master/build -Wl,-rpath=/home/akolla/.RcppDeepState/deepstate-master/build -lR -lRInside -ldeepstate -I/usr/share/R/include -I/home/akolla/R/x86_64-pc-linux-gnu-library/3.6/Rcpp/include -I/home/akolla/R/x86_64-pc-linux-gnu-library/3.6/RcppArmadillo/include -I/home/akolla/.RcppDeepState/deepstate-master/src/include /home/akolla/R/x86_64-pc-linux-gnu-library/3.6/RcppDeepState/extdata/compileAttributes/quantregRanger/src/*.cpp
cd /home/akolla/R/x86_64-pc-linux-gnu-library/3.6/RcppDeepState/extdata/compileAttributes/quantregRanger/inst/testfiles/Findweightsfast && valgrind --xml=yes --xml-file=/home/akolla/R/x86_64-pc-linux-gnu-library/3.6/RcppDeepState/extdata/compileAttributes/quantregRanger/inst/testfiles/Findweightsfast/Findweightsfast_log --tool=memcheck --leak-check=yes --track-origins=yes ./Findweightsfast_DeepState_TestHarness --fuzz --fuzz_save_passing --output_test_dir /home/akolla/R/x86_64-pc-linux-gnu-library/3.6/RcppDeepState/extdata/compileAttributes/quantregRanger/inst/testfiles/Findweightsfast/Findweightsfast_output > /home/akolla/R/x86_64-pc-linux-gnu-library/3.6/RcppDeepState/extdata/compileAttributes/quantregRanger/inst/testfiles/Findweightsfast/Findweightsfast_log_text 2>&1 ; head /home/akolla/R/x86_64-pc-linux-gnu-library/3.6/RcppDeepState/extdata/compileAttributes/quantregRanger/inst/testfiles/Findweightsfast/Findweightsfast_log_text > /dev/null
cd /home/akolla/R/x86_64-pc-linux-gnu-library/3.6/RcppDeepState/extdata/compileAttributes/quantregRanger/inst/testfiles/Findweightsinbag && rm -f *.o && make
clang++ -g -I/usr/share/R/include -I/home/akolla/R/x86_64-pc-linux-gnu-library/3.6/Rcpp/include -I/home/akolla/R/x86_64-pc-linux-gnu-library/3.6/RcppArmadillo/include -I/home/akolla/R/x86_64-pc-linux-gnu-library/3.6/qs/include -I/home/akolla/R/x86_64-pc-linux-gnu-library/3.6/RInside/include -I/home/akolla/R/x86_64-pc-linux-gnu-library/3.6/RcppDeepState/include /home/akolla/R/x86_64-pc-linux-gnu-library/3.6/RcppDeepState/extdata/compileAttributes/quantregRanger/inst/testfiles/Findweightsinbag/Findweightsinbag_DeepState_TestHarness.cpp -o /home/akolla/R/x86_64-pc-linux-gnu-library/3.6/RcppDeepState/extdata/compileAttributes/quantregRanger/inst/testfiles/Findweightsinbag/Findweightsinbag_DeepState_TestHarness.o -c
clang++ -g -o /home/akolla/R/x86_64-pc-linux-gnu-library/3.6/RcppDeepState/extdata/compileAttributes/quantregRanger/inst/testfiles/Findweightsinbag/Findweightsinbag_DeepState_TestHarness /home/akolla/R/x86_64-pc-linux-gnu-library/3.6/RcppDeepState/extdata/compileAttributes/quantregRanger/inst/testfiles/Findweightsinbag/Findweightsinbag_DeepState_TestHarness.o -I/home/akolla/R/x86_64-pc-linux-gnu-library/3.6/RcppDeepState/include -I/home/akolla/.RcppDeepState/deepstate-master/build -I/home/akolla/.RcppDeepState/deepstate-master/src/include -L/home/akolla/R/x86_64-pc-linux-gnu-library/3.6/RInside/lib -Wl,-rpath=/home/akolla/R/x86_64-pc-linux-gnu-library/3.6/RInside/lib -L/usr/share/R/lib -Wl,-rpath=/usr/share/R/lib -L/home/akolla/.RcppDeepState/deepstate-master/build -Wl,-rpath=/home/akolla/.RcppDeepState/deepstate-master/build -lR -lRInside -ldeepstate -I/usr/share/R/include -I/home/akolla/R/x86_64-pc-linux-gnu-library/3.6/Rcpp/include -I/home/akolla/R/x86_64-pc-linux-gnu-library/3.6/RcppArmadillo/include -I/home/akolla/.RcppDeepState/deepstate-master/src/include /home/akolla/R/x86_64-pc-linux-gnu-library/3.6/RcppDeepState/extdata/compileAttributes/quantregRanger/src/*.cpp
cd /home/akolla/R/x86_64-pc-linux-gnu-library/3.6/RcppDeepState/extdata/compileAttributes/quantregRanger/inst/testfiles/Findweightsinbag && valgrind --xml=yes --xml-file=/home/akolla/R/x86_64-pc-linux-gnu-library/3.6/RcppDeepState/extdata/compileAttributes/quantregRanger/inst/testfiles/Findweightsinbag/Findweightsinbag_log --tool=memcheck --leak-check=yes --track-origins=yes ./Findweightsinbag_DeepState_TestHarness --fuzz --fuzz_save_passing --output_test_dir /home/akolla/R/x86_64-pc-linux-gnu-library/3.6/RcppDeepState/extdata/compileAttributes/quantregRanger/inst/testfiles/Findweightsinbag/Findweightsinbag_output > /home/akolla/R/x86_64-pc-linux-gnu-library/3.6/RcppDeepState/extdata/compileAttributes/quantregRanger/inst/testfiles/Findweightsinbag/Findweightsinbag_log_text 2>&1 ; head /home/akolla/R/x86_64-pc-linux-gnu-library/3.6/RcppDeepState/extdata/compileAttributes/quantregRanger/inst/testfiles/Findweightsinbag/Findweightsinbag_log_text > /dev/null
cd /home/akolla/R/x86_64-pc-linux-gnu-library/3.6/RcppDeepState/extdata/compileAttributes/quantregRanger/inst/testfiles/Findweightsinbagfast && rm -f *.o && make
clang++ -g -I/usr/share/R/include -I/home/akolla/R/x86_64-pc-linux-gnu-library/3.6/Rcpp/include -I/home/akolla/R/x86_64-pc-linux-gnu-library/3.6/RcppArmadillo/include -I/home/akolla/R/x86_64-pc-linux-gnu-library/3.6/qs/include -I/home/akolla/R/x86_64-pc-linux-gnu-library/3.6/RInside/include -I/home/akolla/R/x86_64-pc-linux-gnu-library/3.6/RcppDeepState/include /home/akolla/R/x86_64-pc-linux-gnu-library/3.6/RcppDeepState/extdata/compileAttributes/quantregRanger/inst/testfiles/Findweightsinbagfast/Findweightsinbagfast_DeepState_TestHarness.cpp -o /home/akolla/R/x86_64-pc-linux-gnu-library/3.6/RcppDeepState/extdata/compileAttributes/quantregRanger/inst/testfiles/Findweightsinbagfast/Findweightsinbagfast_DeepState_TestHarness.o -c
clang++ -g -o /home/akolla/R/x86_64-pc-linux-gnu-library/3.6/RcppDeepState/extdata/compileAttributes/quantregRanger/inst/testfiles/Findweightsinbagfast/Findweightsinbagfast_DeepState_TestHarness /home/akolla/R/x86_64-pc-linux-gnu-library/3.6/RcppDeepState/extdata/compileAttributes/quantregRanger/inst/testfiles/Findweightsinbagfast/Findweightsinbagfast_DeepState_TestHarness.o -I/home/akolla/R/x86_64-pc-linux-gnu-library/3.6/RcppDeepState/include -I/home/akolla/.RcppDeepState/deepstate-master/build -I/home/akolla/.RcppDeepState/deepstate-master/src/include -L/home/akolla/R/x86_64-pc-linux-gnu-library/3.6/RInside/lib -Wl,-rpath=/home/akolla/R/x86_64-pc-linux-gnu-library/3.6/RInside/lib -L/usr/share/R/lib -Wl,-rpath=/usr/share/R/lib -L/home/akolla/.RcppDeepState/deepstate-master/build -Wl,-rpath=/home/akolla/.RcppDeepState/deepstate-master/build -lR -lRInside -ldeepstate -I/usr/share/R/include -I/home/akolla/R/x86_64-pc-linux-gnu-library/3.6/Rcpp/include -I/home/akolla/R/x86_64-pc-linux-gnu-library/3.6/RcppArmadillo/include -I/home/akolla/.RcppDeepState/deepstate-master/src/include /home/akolla/R/x86_64-pc-linux-gnu-library/3.6/RcppDeepState/extdata/compileAttributes/quantregRanger/src/*.cpp
cd /home/akolla/R/x86_64-pc-linux-gnu-library/3.6/RcppDeepState/extdata/compileAttributes/quantregRanger/inst/testfiles/Findweightsinbagfast && valgrind --xml=yes --xml-file=/home/akolla/R/x86_64-pc-linux-gnu-library/3.6/RcppDeepState/extdata/compileAttributes/quantregRanger/inst/testfiles/Findweightsinbagfast/Findweightsinbagfast_log --tool=memcheck --leak-check=yes --track-origins=yes ./Findweightsinbagfast_DeepState_TestHarness --fuzz --fuzz_save_passing --output_test_dir /home/akolla/R/x86_64-pc-linux-gnu-library/3.6/RcppDeepState/extdata/compileAttributes/quantregRanger/inst/testfiles/Findweightsinbagfast/Findweightsinbagfast_output > /home/akolla/R/x86_64-pc-linux-gnu-library/3.6/RcppDeepState/extdata/compileAttributes/quantregRanger/inst/testfiles/Findweightsinbagfast/Findweightsinbagfast_log_text 2>&1 ; head /home/akolla/R/x86_64-pc-linux-gnu-library/3.6/RcppDeepState/extdata/compileAttributes/quantregRanger/inst/testfiles/Findweightsinbagfast/Findweightsinbagfast_log_text > /dev/null
cd /home/akolla/R/x86_64-pc-linux-gnu-library/3.6/RcppDeepState/extdata/compileAttributes/quantregRanger/inst/testfiles/Findweightsinbagfastimp && rm -f *.o && make
clang++ -g -I/usr/share/R/include -I/home/akolla/R/x86_64-pc-linux-gnu-library/3.6/Rcpp/include -I/home/akolla/R/x86_64-pc-linux-gnu-library/3.6/RcppArmadillo/include -I/home/akolla/R/x86_64-pc-linux-gnu-library/3.6/qs/include -I/home/akolla/R/x86_64-pc-linux-gnu-library/3.6/RInside/include -I/home/akolla/R/x86_64-pc-linux-gnu-library/3.6/RcppDeepState/include /home/akolla/R/x86_64-pc-linux-gnu-library/3.6/RcppDeepState/extdata/compileAttributes/quantregRanger/inst/testfiles/Findweightsinbagfastimp/Findweightsinbagfastimp_DeepState_TestHarness.cpp -o /home/akolla/R/x86_64-pc-linux-gnu-library/3.6/RcppDeepState/extdata/compileAttributes/quantregRanger/inst/testfiles/Findweightsinbagfastimp/Findweightsinbagfastimp_DeepState_TestHarness.o -c
clang++ -g -o /home/akolla/R/x86_64-pc-linux-gnu-library/3.6/RcppDeepState/extdata/compileAttributes/quantregRanger/inst/testfiles/Findweightsinbagfastimp/Findweightsinbagfastimp_DeepState_TestHarness /home/akolla/R/x86_64-pc-linux-gnu-library/3.6/RcppDeepState/extdata/compileAttributes/quantregRanger/inst/testfiles/Findweightsinbagfastimp/Findweightsinbagfastimp_DeepState_TestHarness.o -I/home/akolla/R/x86_64-pc-linux-gnu-library/3.6/RcppDeepState/include -I/home/akolla/.RcppDeepState/deepstate-master/build -I/home/akolla/.RcppDeepState/deepstate-master/src/include -L/home/akolla/R/x86_64-pc-linux-gnu-library/3.6/RInside/lib -Wl,-rpath=/home/akolla/R/x86_64-pc-linux-gnu-library/3.6/RInside/lib -L/usr/share/R/lib -Wl,-rpath=/usr/share/R/lib -L/home/akolla/.RcppDeepState/deepstate-master/build -Wl,-rpath=/home/akolla/.RcppDeepState/deepstate-master/build -lR -lRInside -ldeepstate -I/usr/share/R/include -I/home/akolla/R/x86_64-pc-linux-gnu-library/3.6/Rcpp/include -I/home/akolla/R/x86_64-pc-linux-gnu-library/3.6/RcppArmadillo/include -I/home/akolla/.RcppDeepState/deepstate-master/src/include /home/akolla/R/x86_64-pc-linux-gnu-library/3.6/RcppDeepState/extdata/compileAttributes/quantregRanger/src/*.cpp
cd /home/akolla/R/x86_64-pc-linux-gnu-library/3.6/RcppDeepState/extdata/compileAttributes/quantregRanger/inst/testfiles/Findweightsinbagfastimp && valgrind --xml=yes --xml-file=/home/akolla/R/x86_64-pc-linux-gnu-library/3.6/RcppDeepState/extdata/compileAttributes/quantregRanger/inst/testfiles/Findweightsinbagfastimp/Findweightsinbagfastimp_log --tool=memcheck --leak-check=yes --track-origins=yes ./Findweightsinbagfastimp_DeepState_TestHarness --fuzz --fuzz_save_passing --output_test_dir /home/akolla/R/x86_64-pc-linux-gnu-library/3.6/RcppDeepState/extdata/compileAttributes/quantregRanger/inst/testfiles/Findweightsinbagfastimp/Findweightsinbagfastimp_output > /home/akolla/R/x86_64-pc-linux-gnu-library/3.6/RcppDeepState/extdata/compileAttributes/quantregRanger/inst/testfiles/Findweightsinbagfastimp/Findweightsinbagfastimp_log_text 2>&1 ; head /home/akolla/R/x86_64-pc-linux-gnu-library/3.6/RcppDeepState/extdata/compileAttributes/quantregRanger/inst/testfiles/Findweightsinbagfastimp/Findweightsinbagfastimp_log_text > /dev/null

analyzed binary - found no issues

analyzed binary - found no issues

analyzed binary - found no issues

analyzed binary - found no issues

analyzed binary - found no issues

analyzed binary - found no issues
[[1]]
              kind                                                        msg
1: UninitCondition Conditional jump or move depends on uninitialised value(s)
                      errortrace                address trace
1: src/Findweightsinbag.cpp : 15 No address trace found    NA

[[2]]
          kind                    msg                    errortrace
1: InvalidRead Invalid read of size 4 src/Findweightsinbag.cpp : 15
                                                          address trace
1: Address 0xaa7b170 is 0 bytes after a block of size 272 alloc'd    NA


analyzed binary - found no issues

analyzed binary - found no issues

analyzed binary - found no issues

analyzed binary - found no issues

analyzed binary - found no issues

analyzed binary - found no issues

analyzed binary - found no issues

analyzed binary - found no issues
  16 - /home/akolla/R/x86_64-pc-linux-gnu-library/3.6/RcppDeepState/extdata/packages/quantspec_1.2-3.tar.gz
[1] "quantspec"
We can't test the function - computeCoherency - due to  datatypes fall out of the specified list
We can't test the function - computeSdNaive - due to  datatypes fall out of the specified list
Testharness created for 0 functions in the package
character(0)
[1] "Package cannot be tested using RcppDeepState!!"
  17 - /home/akolla/R/x86_64-pc-linux-gnu-library/3.6/RcppDeepState/extdata/packages/QuantTools_0.5.7.tar.gz
[1] "QuantTools"
We can't test the function - back_test - due to  datatypes fall out of the specified list
We can't test the function - bbands - due to  datatypes fall out of the specified list
We can't test the function - ema - due to  datatypes fall out of the specified list
We can't test the function - roll_lm - due to  datatypes fall out of the specified list
We can't test the function - roll_correlation - due to  datatypes fall out of the specified list
We can't test the function - roll_percent_rank - due to  datatypes fall out of the specified list
We can't test the function - roll_range - due to  datatypes fall out of the specified list
We can't test the function - roll_quantile - due to  datatypes fall out of the specified list
We can't test the function - roll_min - due to  datatypes fall out of the specified list
We can't test the function - roll_max - due to  datatypes fall out of the specified list
We can't test the function - roll_sd - due to  datatypes fall out of the specified list
We can't test the function - roll_volume_profile - due to  datatypes fall out of the specified list
We can't test the function - rsi - due to  datatypes fall out of the specified list
We can't test the function - stochastic - due to  datatypes fall out of the specified list
We can't test the function - to_candles - due to  datatypes fall out of the specified list
Testharness created for 4 functions in the package
[1] "crossover_DeepState_TestHarness.cpp"      
[2] "na_locf_numeric_DeepState_TestHarness.cpp"
[3] "roll_sd_filter_DeepState_TestHarness.cpp" 
[4] "sma_DeepState_TestHarness.cpp"            
cd /home/akolla/R/x86_64-pc-linux-gnu-library/3.6/RcppDeepState/extdata/compileAttributes/QuantTools/inst/testfiles/crossover && rm -f *.o && make
clang++ -g -I/usr/share/R/include -I/home/akolla/R/x86_64-pc-linux-gnu-library/3.6/Rcpp/include -I/home/akolla/R/x86_64-pc-linux-gnu-library/3.6/RcppArmadillo/include -I/home/akolla/R/x86_64-pc-linux-gnu-library/3.6/qs/include -I/home/akolla/R/x86_64-pc-linux-gnu-library/3.6/RInside/include -I/home/akolla/R/x86_64-pc-linux-gnu-library/3.6/RcppDeepState/include /home/akolla/R/x86_64-pc-linux-gnu-library/3.6/RcppDeepState/extdata/compileAttributes/QuantTools/inst/testfiles/crossover/crossover_DeepState_TestHarness.cpp -o /home/akolla/R/x86_64-pc-linux-gnu-library/3.6/RcppDeepState/extdata/compileAttributes/QuantTools/inst/testfiles/crossover/crossover_DeepState_TestHarness.o -c
clang++ -g -o /home/akolla/R/x86_64-pc-linux-gnu-library/3.6/RcppDeepState/extdata/compileAttributes/QuantTools/inst/testfiles/crossover/crossover_DeepState_TestHarness /home/akolla/R/x86_64-pc-linux-gnu-library/3.6/RcppDeepState/extdata/compileAttributes/QuantTools/inst/testfiles/crossover/crossover_DeepState_TestHarness.o -I/home/akolla/R/x86_64-pc-linux-gnu-library/3.6/RcppDeepState/include -I/home/akolla/.RcppDeepState/deepstate-master/build -I/home/akolla/.RcppDeepState/deepstate-master/src/include -L/home/akolla/R/x86_64-pc-linux-gnu-library/3.6/RInside/lib -Wl,-rpath=/home/akolla/R/x86_64-pc-linux-gnu-library/3.6/RInside/lib -L/usr/share/R/lib -Wl,-rpath=/usr/share/R/lib -L/home/akolla/.RcppDeepState/deepstate-master/build -Wl,-rpath=/home/akolla/.RcppDeepState/deepstate-master/build -lR -lRInside -ldeepstate -I/usr/share/R/include -I/home/akolla/R/x86_64-pc-linux-gnu-library/3.6/Rcpp/include -I/home/akolla/R/x86_64-pc-linux-gnu-library/3.6/RcppArmadillo/include -I/home/akolla/.RcppDeepState/deepstate-master/src/include /home/akolla/R/x86_64-pc-linux-gnu-library/3.6/RcppDeepState/extdata/compileAttributes/QuantTools/src/*.cpp
cd /home/akolla/R/x86_64-pc-linux-gnu-library/3.6/RcppDeepState/extdata/compileAttributes/QuantTools/inst/testfiles/crossover && valgrind --xml=yes --xml-file=/home/akolla/R/x86_64-pc-linux-gnu-library/3.6/RcppDeepState/extdata/compileAttributes/QuantTools/inst/testfiles/crossover/crossover_log --tool=memcheck --leak-check=yes --track-origins=yes ./crossover_DeepState_TestHarness --fuzz --fuzz_save_passing --output_test_dir /home/akolla/R/x86_64-pc-linux-gnu-library/3.6/RcppDeepState/extdata/compileAttributes/QuantTools/inst/testfiles/crossover/crossover_output > /home/akolla/R/x86_64-pc-linux-gnu-library/3.6/RcppDeepState/extdata/compileAttributes/QuantTools/inst/testfiles/crossover/crossover_log_text 2>&1 ; head /home/akolla/R/x86_64-pc-linux-gnu-library/3.6/RcppDeepState/extdata/compileAttributes/QuantTools/inst/testfiles/crossover/crossover_log_text > /dev/null
cd /home/akolla/R/x86_64-pc-linux-gnu-library/3.6/RcppDeepState/extdata/compileAttributes/QuantTools/inst/testfiles/na_locf_numeric && rm -f *.o && make
clang++ -g -I/usr/share/R/include -I/home/akolla/R/x86_64-pc-linux-gnu-library/3.6/Rcpp/include -I/home/akolla/R/x86_64-pc-linux-gnu-library/3.6/RcppArmadillo/include -I/home/akolla/R/x86_64-pc-linux-gnu-library/3.6/qs/include -I/home/akolla/R/x86_64-pc-linux-gnu-library/3.6/RInside/include -I/home/akolla/R/x86_64-pc-linux-gnu-library/3.6/RcppDeepState/include /home/akolla/R/x86_64-pc-linux-gnu-library/3.6/RcppDeepState/extdata/compileAttributes/QuantTools/inst/testfiles/na_locf_numeric/na_locf_numeric_DeepState_TestHarness.cpp -o /home/akolla/R/x86_64-pc-linux-gnu-library/3.6/RcppDeepState/extdata/compileAttributes/QuantTools/inst/testfiles/na_locf_numeric/na_locf_numeric_DeepState_TestHarness.o -c
clang++ -g -o /home/akolla/R/x86_64-pc-linux-gnu-library/3.6/RcppDeepState/extdata/compileAttributes/QuantTools/inst/testfiles/na_locf_numeric/na_locf_numeric_DeepState_TestHarness /home/akolla/R/x86_64-pc-linux-gnu-library/3.6/RcppDeepState/extdata/compileAttributes/QuantTools/inst/testfiles/na_locf_numeric/na_locf_numeric_DeepState_TestHarness.o -I/home/akolla/R/x86_64-pc-linux-gnu-library/3.6/RcppDeepState/include -I/home/akolla/.RcppDeepState/deepstate-master/build -I/home/akolla/.RcppDeepState/deepstate-master/src/include -L/home/akolla/R/x86_64-pc-linux-gnu-library/3.6/RInside/lib -Wl,-rpath=/home/akolla/R/x86_64-pc-linux-gnu-library/3.6/RInside/lib -L/usr/share/R/lib -Wl,-rpath=/usr/share/R/lib -L/home/akolla/.RcppDeepState/deepstate-master/build -Wl,-rpath=/home/akolla/.RcppDeepState/deepstate-master/build -lR -lRInside -ldeepstate -I/usr/share/R/include -I/home/akolla/R/x86_64-pc-linux-gnu-library/3.6/Rcpp/include -I/home/akolla/R/x86_64-pc-linux-gnu-library/3.6/RcppArmadillo/include -I/home/akolla/.RcppDeepState/deepstate-master/src/include /home/akolla/R/x86_64-pc-linux-gnu-library/3.6/RcppDeepState/extdata/compileAttributes/QuantTools/src/*.cpp
cd /home/akolla/R/x86_64-pc-linux-gnu-library/3.6/RcppDeepState/extdata/compileAttributes/QuantTools/inst/testfiles/na_locf_numeric && valgrind --xml=yes --xml-file=/home/akolla/R/x86_64-pc-linux-gnu-library/3.6/RcppDeepState/extdata/compileAttributes/QuantTools/inst/testfiles/na_locf_numeric/na_locf_numeric_log --tool=memcheck --leak-check=yes --track-origins=yes ./na_locf_numeric_DeepState_TestHarness --fuzz --fuzz_save_passing --output_test_dir /home/akolla/R/x86_64-pc-linux-gnu-library/3.6/RcppDeepState/extdata/compileAttributes/QuantTools/inst/testfiles/na_locf_numeric/na_locf_numeric_output > /home/akolla/R/x86_64-pc-linux-gnu-library/3.6/RcppDeepState/extdata/compileAttributes/QuantTools/inst/testfiles/na_locf_numeric/na_locf_numeric_log_text 2>&1 ; head /home/akolla/R/x86_64-pc-linux-gnu-library/3.6/RcppDeepState/extdata/compileAttributes/QuantTools/inst/testfiles/na_locf_numeric/na_locf_numeric_log_text > /dev/null
cd /home/akolla/R/x86_64-pc-linux-gnu-library/3.6/RcppDeepState/extdata/compileAttributes/QuantTools/inst/testfiles/roll_sd_filter && rm -f *.o && make
clang++ -g -I/usr/share/R/include -I/home/akolla/R/x86_64-pc-linux-gnu-library/3.6/Rcpp/include -I/home/akolla/R/x86_64-pc-linux-gnu-library/3.6/RcppArmadillo/include -I/home/akolla/R/x86_64-pc-linux-gnu-library/3.6/qs/include -I/home/akolla/R/x86_64-pc-linux-gnu-library/3.6/RInside/include -I/home/akolla/R/x86_64-pc-linux-gnu-library/3.6/RcppDeepState/include /home/akolla/R/x86_64-pc-linux-gnu-library/3.6/RcppDeepState/extdata/compileAttributes/QuantTools/inst/testfiles/roll_sd_filter/roll_sd_filter_DeepState_TestHarness.cpp -o /home/akolla/R/x86_64-pc-linux-gnu-library/3.6/RcppDeepState/extdata/compileAttributes/QuantTools/inst/testfiles/roll_sd_filter/roll_sd_filter_DeepState_TestHarness.o -c
clang++ -g -o /home/akolla/R/x86_64-pc-linux-gnu-library/3.6/RcppDeepState/extdata/compileAttributes/QuantTools/inst/testfiles/roll_sd_filter/roll_sd_filter_DeepState_TestHarness /home/akolla/R/x86_64-pc-linux-gnu-library/3.6/RcppDeepState/extdata/compileAttributes/QuantTools/inst/testfiles/roll_sd_filter/roll_sd_filter_DeepState_TestHarness.o -I/home/akolla/R/x86_64-pc-linux-gnu-library/3.6/RcppDeepState/include -I/home/akolla/.RcppDeepState/deepstate-master/build -I/home/akolla/.RcppDeepState/deepstate-master/src/include -L/home/akolla/R/x86_64-pc-linux-gnu-library/3.6/RInside/lib -Wl,-rpath=/home/akolla/R/x86_64-pc-linux-gnu-library/3.6/RInside/lib -L/usr/share/R/lib -Wl,-rpath=/usr/share/R/lib -L/home/akolla/.RcppDeepState/deepstate-master/build -Wl,-rpath=/home/akolla/.RcppDeepState/deepstate-master/build -lR -lRInside -ldeepstate -I/usr/share/R/include -I/home/akolla/R/x86_64-pc-linux-gnu-library/3.6/Rcpp/include -I/home/akolla/R/x86_64-pc-linux-gnu-library/3.6/RcppArmadillo/include -I/home/akolla/.RcppDeepState/deepstate-master/src/include /home/akolla/R/x86_64-pc-linux-gnu-library/3.6/RcppDeepState/extdata/compileAttributes/QuantTools/src/*.cpp
cd /home/akolla/R/x86_64-pc-linux-gnu-library/3.6/RcppDeepState/extdata/compileAttributes/QuantTools/inst/testfiles/roll_sd_filter && valgrind --xml=yes --xml-file=/home/akolla/R/x86_64-pc-linux-gnu-library/3.6/RcppDeepState/extdata/compileAttributes/QuantTools/inst/testfiles/roll_sd_filter/roll_sd_filter_log --tool=memcheck --leak-check=yes --track-origins=yes ./roll_sd_filter_DeepState_TestHarness --fuzz --fuzz_save_passing --output_test_dir /home/akolla/R/x86_64-pc-linux-gnu-library/3.6/RcppDeepState/extdata/compileAttributes/QuantTools/inst/testfiles/roll_sd_filter/roll_sd_filter_output > /home/akolla/R/x86_64-pc-linux-gnu-library/3.6/RcppDeepState/extdata/compileAttributes/QuantTools/inst/testfiles/roll_sd_filter/roll_sd_filter_log_text 2>&1 ; head /home/akolla/R/x86_64-pc-linux-gnu-library/3.6/RcppDeepState/extdata/compileAttributes/QuantTools/inst/testfiles/roll_sd_filter/roll_sd_filter_log_text > /dev/null
cd /home/akolla/R/x86_64-pc-linux-gnu-library/3.6/RcppDeepState/extdata/compileAttributes/QuantTools/inst/testfiles/sma && rm -f *.o && make
clang++ -g -I/usr/share/R/include -I/home/akolla/R/x86_64-pc-linux-gnu-library/3.6/Rcpp/include -I/home/akolla/R/x86_64-pc-linux-gnu-library/3.6/RcppArmadillo/include -I/home/akolla/R/x86_64-pc-linux-gnu-library/3.6/qs/include -I/home/akolla/R/x86_64-pc-linux-gnu-library/3.6/RInside/include -I/home/akolla/R/x86_64-pc-linux-gnu-library/3.6/RcppDeepState/include /home/akolla/R/x86_64-pc-linux-gnu-library/3.6/RcppDeepState/extdata/compileAttributes/QuantTools/inst/testfiles/sma/sma_DeepState_TestHarness.cpp -o /home/akolla/R/x86_64-pc-linux-gnu-library/3.6/RcppDeepState/extdata/compileAttributes/QuantTools/inst/testfiles/sma/sma_DeepState_TestHarness.o -c
clang++ -g -o /home/akolla/R/x86_64-pc-linux-gnu-library/3.6/RcppDeepState/extdata/compileAttributes/QuantTools/inst/testfiles/sma/sma_DeepState_TestHarness /home/akolla/R/x86_64-pc-linux-gnu-library/3.6/RcppDeepState/extdata/compileAttributes/QuantTools/inst/testfiles/sma/sma_DeepState_TestHarness.o -I/home/akolla/R/x86_64-pc-linux-gnu-library/3.6/RcppDeepState/include -I/home/akolla/.RcppDeepState/deepstate-master/build -I/home/akolla/.RcppDeepState/deepstate-master/src/include -L/home/akolla/R/x86_64-pc-linux-gnu-library/3.6/RInside/lib -Wl,-rpath=/home/akolla/R/x86_64-pc-linux-gnu-library/3.6/RInside/lib -L/usr/share/R/lib -Wl,-rpath=/usr/share/R/lib -L/home/akolla/.RcppDeepState/deepstate-master/build -Wl,-rpath=/home/akolla/.RcppDeepState/deepstate-master/build -lR -lRInside -ldeepstate -I/usr/share/R/include -I/home/akolla/R/x86_64-pc-linux-gnu-library/3.6/Rcpp/include -I/home/akolla/R/x86_64-pc-linux-gnu-library/3.6/RcppArmadillo/include -I/home/akolla/.RcppDeepState/deepstate-master/src/include /home/akolla/R/x86_64-pc-linux-gnu-library/3.6/RcppDeepState/extdata/compileAttributes/QuantTools/src/*.cpp
cd /home/akolla/R/x86_64-pc-linux-gnu-library/3.6/RcppDeepState/extdata/compileAttributes/QuantTools/inst/testfiles/sma && valgrind --xml=yes --xml-file=/home/akolla/R/x86_64-pc-linux-gnu-library/3.6/RcppDeepState/extdata/compileAttributes/QuantTools/inst/testfiles/sma/sma_log --tool=memcheck --leak-check=yes --track-origins=yes ./sma_DeepState_TestHarness --fuzz --fuzz_save_passing --output_test_dir /home/akolla/R/x86_64-pc-linux-gnu-library/3.6/RcppDeepState/extdata/compileAttributes/QuantTools/inst/testfiles/sma/sma_output > /home/akolla/R/x86_64-pc-linux-gnu-library/3.6/RcppDeepState/extdata/compileAttributes/QuantTools/inst/testfiles/sma/sma_log_text 2>&1 ; head /home/akolla/R/x86_64-pc-linux-gnu-library/3.6/RcppDeepState/extdata/compileAttributes/QuantTools/inst/testfiles/sma/sma_log_text > /dev/null
[[1]]
                  kind
1: Leak_DefinitelyLost
                                                                 msg errortrace
1: 8 bytes in 1 blocks are definitely lost in loss record 9 of 1,354         : 
                  address trace
1: No address trace found    NA

[[2]]
                kind
1: Leak_PossiblyLost
                                                                 msg
1: 54 bytes in 1 blocks are possibly lost in loss record 26 of 1,354
               errortrace                address trace
1: src/crossover.cpp : 31 No address trace found    NA

[[3]]
                kind
1: Leak_PossiblyLost
                                                                  msg
1: 144 bytes in 1 blocks are possibly lost in loss record 54 of 1,354
               errortrace                address trace
1: src/crossover.cpp : 31 No address trace found    NA

[[4]]
                  kind
1: Leak_DefinitelyLost
                                                                       msg
1: 1,025 bytes in 1 blocks are definitely lost in loss record 181 of 1,354
   errortrace                address trace
1:         :  No address trace found    NA


Input parameter from qs - x
 [1] -1.510251e+170  2.496442e-272  -2.110105e+10  2.668382e-278 -1.355254e-195
 [6]   2.564888e+26 -6.972030e-220 -4.567783e-306  -7.534255e-56  -1.220593e+35
[11]  -4.802702e+61  7.526291e-268 -5.106814e+130   8.254437e-89  -8.669821e+36
[16]   1.580286e-53   1.168265e-54   2.077505e-45   2.552146e+22   3.785049e+84
[21] -6.750436e-277   6.722276e-62  2.203325e+183  8.940976e+244  3.027533e+166
[26]  -1.507931e+66             NA   9.639200e+55 -2.278657e+201             NA
[31]  2.304798e-264             NA  2.299374e-232  4.183780e-292 -4.350122e+148
[36]  -1.668372e+20  2.553141e-217 -3.209841e-183  3.398796e+132 -1.136429e+287
[41] -6.841327e-293 -1.244346e-279 -7.307483e-134  3.022297e-269   8.754786e-66
[46]   7.232071e-51 -2.199447e-288  -5.232851e-61  -3.447135e+05  1.528852e+158
[51]  -1.221633e+85   3.706761e-58             NA  2.053530e-209  3.137628e+270
[56]  6.553726e-104 -1.223295e-107 -7.137135e+182 -1.454681e+165   7.525785e-65
[61] -1.190297e-237   4.790556e-83  -1.816830e+82   1.664316e-57  8.726981e+161
[66] -7.759107e-280   4.963978e-28             NA -3.224774e+272   9.364119e-79
[71] -3.170901e+202   2.304984e-85 -3.159132e+256  3.143370e+187  -4.968142e+73
[76]  1.973777e+303  -7.093978e-40  1.080384e-125   0.000000e+00

Input parameter from qs - y
 [1] -2.941128e+239  6.074157e+189  1.407197e-276  5.198425e-281  2.304634e-120
 [6]   1.471949e-04  5.089200e+134 -1.947492e+260 -4.125946e-160  1.839806e-194
[11]  -3.450294e-98  6.479153e+105 -2.137008e-148 -5.811611e-242             NA
[16]  -9.614734e-16  1.005181e+136   3.455055e+91   3.214411e+38  5.709489e-302
[21]  -4.294584e-51             NA             NA   7.037873e+56 -3.469875e+258
[26] -3.658883e-196 -2.328441e+187   2.855023e+86 -9.011650e-123  3.289806e-208
[31] -1.140809e+101 -9.434098e-230 -2.832698e+262             NA -3.190879e+225
[36]  7.391577e-216 -3.661808e-167             NA   1.188204e-79 -9.292881e+206
[41]  2.864331e+190 -3.388956e-200   0.000000e+00
[[1]]
                  kind
1: Leak_DefinitelyLost
                                                                 msg errortrace
1: 8 bytes in 1 blocks are definitely lost in loss record 9 of 1,355         : 
                  address trace
1: No address trace found    NA

[[2]]
                kind
1: Leak_PossiblyLost
                                                                 msg
1: 54 bytes in 1 blocks are possibly lost in loss record 26 of 1,355
               errortrace                address trace
1: src/crossover.cpp : 31 No address trace found    NA

[[3]]
                kind
1: Leak_PossiblyLost
                                                                  msg
1: 144 bytes in 1 blocks are possibly lost in loss record 54 of 1,355
               errortrace                address trace
1: src/crossover.cpp : 31 No address trace found    NA

[[4]]
                  kind
1: Leak_DefinitelyLost
                                                                       msg
1: 1,025 bytes in 1 blocks are definitely lost in loss record 182 of 1,355
   errortrace                address trace
1:         :  No address trace found    NA


Input parameter from qs - x
 [1] -1.391126e+134 -2.914377e+298  1.344820e+200 -6.161799e-248             NA
 [6]  -1.175110e+10 -2.105434e-190  -1.168920e-55 -2.274522e+241  -3.113802e+60
[11]  1.880708e+101  2.032597e-142   1.003861e-14             NA -1.873373e-121
[16]  3.243491e-113  6.092332e+152 -1.134147e-188  1.156892e-178 -6.487222e+266
[21]             NA  6.979658e-177 -1.331995e-105  1.871810e-225  2.271987e+138
[26] -6.115746e-307  5.061881e-149 -4.869987e+160  7.507387e+276  1.095286e-289
[31]             NA  -2.806766e+27   1.323046e+76  1.338218e+221 -2.434046e-236
[36]  3.735377e+292 -5.502391e-234  1.983234e-140             NA  3.076824e+110
[41]  2.499881e-211  2.866021e+151 -1.964502e+116  8.362914e-256   0.000000e+00

Input parameter from qs - y
 [1]  1.210959e+209   3.643349e+39 -2.409926e+300  1.468566e-142  -2.770156e+29
 [6]  5.711280e-118   1.682911e-85 -4.646911e+279             NA  9.190601e+186
[11] -5.965843e+285             NA -5.743835e-159 -8.424871e+160  -4.436590e+99
[16]  -2.226604e+77  3.431865e+251  -5.178832e-75  2.689220e-189  -2.449792e-84
[21]  -6.484374e+29  1.333204e-208 -5.797344e-303 -1.605619e-282  -3.632345e+07
[26]   7.897768e-43  6.547510e+208  -8.460119e-56             NA  4.725054e-102
[31]  4.260615e+206 -8.703875e+100  1.557699e-171 -5.045969e+296  8.495235e+298
[36] -1.736881e+167  -6.918008e-33 -1.474139e-154 -2.687470e+141  1.534773e+211
[41] -1.280081e-151  4.630454e+203   2.560456e-12 -2.495540e-152  -1.705632e-72
[46]   3.899818e+89  -1.826270e+28  2.099541e-275   1.687209e+81 -4.985546e-281
[51] -9.839282e+239  9.610696e-190  -2.722789e-61             NA -4.611935e+297
[56] -1.108936e-165 -1.802021e+283   5.533500e+43  7.706396e+232  -3.955805e+02
[61] -5.420714e+262  1.260288e-176  7.628394e-212  1.650619e+273  2.179370e+191
[66]  -1.373835e-64  2.259890e+158  -3.122015e-68 -7.072546e+220  -9.038268e-94
[71]  5.503808e-278 -5.809051e+278  9.897517e+262  3.221922e+228 -8.808138e+276
[76] -3.731876e-241 -3.880472e+283   3.321406e-90             NA -1.150711e+240
[81]  2.443777e+149 -9.269787e-243   4.770943e-29  -2.993359e-92 -1.244243e-129
[86] -5.525051e-263   0.000000e+00
[[1]]
                  kind
1: Leak_DefinitelyLost
                                                                 msg errortrace
1: 8 bytes in 1 blocks are definitely lost in loss record 9 of 1,355         : 
                  address trace
1: No address trace found    NA

[[2]]
                kind
1: Leak_PossiblyLost
                                                                 msg
1: 54 bytes in 1 blocks are possibly lost in loss record 26 of 1,355
               errortrace                address trace
1: src/crossover.cpp : 31 No address trace found    NA

[[3]]
                kind
1: Leak_PossiblyLost
                                                                  msg
1: 144 bytes in 1 blocks are possibly lost in loss record 54 of 1,355
               errortrace                address trace
1: src/crossover.cpp : 31 No address trace found    NA

[[4]]
                  kind
1: Leak_DefinitelyLost
                                                                       msg
1: 1,025 bytes in 1 blocks are definitely lost in loss record 182 of 1,355
   errortrace                address trace
1:         :  No address trace found    NA


analyzed binary - found no issues

analyzed binary - found no issues

analyzed binary - found no issues

analyzed binary - found no issues

Input parameter - k
Read 1 item
[1] -454.151

Input parameter - m
Read 1 item
[1] -1446651879

Input parameter - n
Read 1 item
[1] -570500322

Input parameter from qs - x
 [1]  4.886792e-281  7.814509e-124  -7.615060e+12             NA  -4.318135e+64
 [6]  3.475091e+306 -5.294001e+118 -2.706277e+188  9.236546e+170  1.653854e+171
[11]   8.080490e+92  -3.413576e-71 -1.390413e-111  2.740331e-132  -1.552333e-52
[16]  7.425557e-124  1.003387e-261  3.843379e+306  2.277389e+294 -2.387865e-268
[21] -1.894412e+278 -2.468360e-189  4.924941e+228  1.263363e+117  1.267267e-295
[26]   2.075099e-57   3.854614e-28  1.260589e-286  1.859177e-297  -1.317955e+96
[31] -8.529926e-101  5.112796e+138             NA -9.028515e-241  2.662771e+170
[36]  -2.927669e+21  -4.921438e-93  3.450015e-141 -4.529025e-146  1.210777e-285
[41] -4.620467e+259             NA  4.784811e+138 -6.984154e-264 -2.719782e-176
[46]  -5.112447e+61  7.680661e-308  -3.972459e+14 -1.170229e-234 -8.607726e-199
[51]   1.241548e+85 -5.666944e-176  1.217653e-288 -5.255386e-279   7.945567e-43
[56]  3.619504e-286 -8.095291e-304  6.258501e+238 -1.826668e+251  1.583896e-245
[61]  1.307300e-154  1.134742e-253  -5.804470e-70             NA  3.514347e-293
[66]   6.229900e-64 -7.037263e+178  1.749326e+131 -1.037622e-205 -1.803474e+174
[71]             NA   4.403315e-23  1.852169e+149   0.000000e+00
[[1]]
                  kind
1: Leak_DefinitelyLost
                                                                 msg errortrace
1: 8 bytes in 1 blocks are definitely lost in loss record 9 of 1,357         : 
                  address trace
1: No address trace found    NA

[[2]]
                  kind
1: Leak_DefinitelyLost
                                                                  msg
1: 8 bytes in 1 blocks are definitely lost in loss record 10 of 1,357
                    errortrace                address trace
1: src/roll_sd_filter.cpp : 33 No address trace found    NA

[[3]]
                kind
1: Leak_PossiblyLost
2: Leak_PossiblyLost
                                                                 msg
1: 49 bytes in 1 blocks are possibly lost in loss record 26 of 1,357
2: 49 bytes in 1 blocks are possibly lost in loss record 26 of 1,357
                                     errortrace                address trace
1: src/../inst/include/Indicators/RollSd.h : 48 No address trace found    NA
2:                  src/roll_sd_filter.cpp : 35 No address trace found    NA

[[4]]
                kind
1: Leak_PossiblyLost
2: Leak_PossiblyLost
                                                                  msg
1: 144 bytes in 1 blocks are possibly lost in loss record 55 of 1,357
2: 144 bytes in 1 blocks are possibly lost in loss record 55 of 1,357
                                     errortrace                address trace
1: src/../inst/include/Indicators/RollSd.h : 48 No address trace found    NA
2:                  src/roll_sd_filter.cpp : 35 No address trace found    NA

[[5]]
                  kind
1: Leak_DefinitelyLost
2: Leak_DefinitelyLost
                                                                                               msg
1: 576 (64 direct, 512 indirect) bytes in 1 blocks are definitely lost in loss record 147 of 1,357
2: 576 (64 direct, 512 indirect) bytes in 1 blocks are definitely lost in loss record 147 of 1,357
                                     errortrace                address trace
1: src/../inst/include/Indicators/RollSd.h : 45 No address trace found    NA
2:                  src/roll_sd_filter.cpp : 35 No address trace found    NA

[[6]]
                  kind
1: Leak_DefinitelyLost
                                                                       msg
1: 1,025 bytes in 1 blocks are definitely lost in loss record 184 of 1,357
   errortrace                address trace
1:         :  No address trace found    NA


Input parameter - k
Read 1 item
[1] -3.59452e-304

Input parameter - m
Read 1 item
[1] -409290546

Input parameter - n
Read 1 item
[1] -741210833

Input parameter from qs - x
 [1]   8.350328e-14   8.914987e-32 -2.409709e-271   2.576894e-96  1.634944e+192
 [6]  9.887408e+173 -1.685537e+199  -7.981619e-97   4.546685e-70   6.098577e+57
[11]  4.356054e-237   1.214736e+40             NA -1.589531e+146   8.680490e-90
[16]  -1.530402e-56  -1.836670e-86 -2.163562e+241   3.463474e+20 -1.631878e-294
[21]  -3.173647e+23  -7.350555e+02  -1.031274e-40  1.334251e-229  1.174931e+109
[26]   7.433981e+75  4.396967e+128   2.057284e-58 -3.107466e-116 -1.457719e-193
[31]  7.705844e-157   1.197256e-94             NA -2.610652e-253 -1.812739e+208
[36]   5.148987e+17  -1.217426e-18  -7.652446e+01   2.057850e+30 -7.081175e+296
[41] -1.211059e-257  3.301041e+301             NA -9.878196e+290 -9.325035e+185
[46]   2.042617e-65  -5.751924e-23 -1.840033e+157             NA -5.858860e+144
[51] -1.281174e+137  -8.450627e+40  6.137938e-271  -2.464749e-48 -1.324103e+209
[56]   1.324078e+82 -2.524862e+207 -6.221024e-184   2.329751e+80   4.562034e-08
[61]             NA -3.117550e+189  9.702580e-251  -1.046467e+85  5.423143e-249
[66] -1.220066e+213   4.625751e+97   0.000000e+00
[[1]]
                  kind
1: Leak_DefinitelyLost
                                                                 msg errortrace
1: 8 bytes in 1 blocks are definitely lost in loss record 9 of 1,357         : 
                  address trace
1: No address trace found    NA

[[2]]
                  kind
1: Leak_DefinitelyLost
                                                                  msg
1: 8 bytes in 1 blocks are definitely lost in loss record 10 of 1,357
                    errortrace                address trace
1: src/roll_sd_filter.cpp : 33 No address trace found    NA

[[3]]
                kind
1: Leak_PossiblyLost
2: Leak_PossiblyLost
                                                                 msg
1: 49 bytes in 1 blocks are possibly lost in loss record 26 of 1,357
2: 49 bytes in 1 blocks are possibly lost in loss record 26 of 1,357
                                     errortrace                address trace
1: src/../inst/include/Indicators/RollSd.h : 48 No address trace found    NA
2:                  src/roll_sd_filter.cpp : 35 No address trace found    NA

[[4]]
                kind
1: Leak_PossiblyLost
2: Leak_PossiblyLost
                                                                  msg
1: 144 bytes in 1 blocks are possibly lost in loss record 55 of 1,357
2: 144 bytes in 1 blocks are possibly lost in loss record 55 of 1,357
                                     errortrace                address trace
1: src/../inst/include/Indicators/RollSd.h : 48 No address trace found    NA
2:                  src/roll_sd_filter.cpp : 35 No address trace found    NA

[[5]]
                  kind
1: Leak_DefinitelyLost
2: Leak_DefinitelyLost
                                                                                               msg
1: 576 (64 direct, 512 indirect) bytes in 1 blocks are definitely lost in loss record 147 of 1,357
2: 576 (64 direct, 512 indirect) bytes in 1 blocks are definitely lost in loss record 147 of 1,357
                                     errortrace                address trace
1: src/../inst/include/Indicators/RollSd.h : 45 No address trace found    NA
2:                  src/roll_sd_filter.cpp : 35 No address trace found    NA

[[6]]
                  kind
1: Leak_DefinitelyLost
                                                                       msg
1: 1,025 bytes in 1 blocks are definitely lost in loss record 184 of 1,357
   errortrace                address trace
1:         :  No address trace found    NA

[[1]]
                  kind
1: Leak_DefinitelyLost
                                                                 msg errortrace
1: 8 bytes in 1 blocks are definitely lost in loss record 9 of 1,356         : 
                  address trace
1: No address trace found    NA

[[2]]
                kind
1: Leak_PossiblyLost
2: Leak_PossiblyLost
                                                                 msg
1: 49 bytes in 1 blocks are possibly lost in loss record 25 of 1,356
2: 49 bytes in 1 blocks are possibly lost in loss record 25 of 1,356
                                  errortrace                address trace
1: src/../inst/include/Indicators/Sma.h : 40 No address trace found    NA
2:                          src/sma.cpp : 30 No address trace found    NA

[[3]]
                kind
1: Leak_PossiblyLost
2: Leak_PossiblyLost
                                                                  msg
1: 144 bytes in 1 blocks are possibly lost in loss record 54 of 1,356
2: 144 bytes in 1 blocks are possibly lost in loss record 54 of 1,356
                                  errortrace                address trace
1: src/../inst/include/Indicators/Sma.h : 40 No address trace found    NA
2:                          src/sma.cpp : 30 No address trace found    NA

[[4]]
                  kind
1: Leak_DefinitelyLost
2: Leak_DefinitelyLost
                                                                                               msg
1: 576 (64 direct, 512 indirect) bytes in 1 blocks are definitely lost in loss record 147 of 1,356
2: 576 (64 direct, 512 indirect) bytes in 1 blocks are definitely lost in loss record 147 of 1,356
                                  errortrace                address trace
1: src/../inst/include/Indicators/Sma.h : 37 No address trace found    NA
2:                          src/sma.cpp : 30 No address trace found    NA

[[5]]
                  kind
1: Leak_DefinitelyLost
                                                                       msg
1: 1,025 bytes in 1 blocks are definitely lost in loss record 183 of 1,356
   errortrace                address trace
1:         :  No address trace found    NA


analyzed binary - found no issues

analyzed binary - found no issues
  18 - /home/akolla/R/x86_64-pc-linux-gnu-library/3.6/RcppDeepState/extdata/packages/Quartet_1.1.0.tar.gz
[1] "Quartet"
We can't test the function - tqdist_QuartetAgreementEdge - due to  datatypes fall out of the specified list
We can't test the function - tqdist_OneToManyQuartetAgreementEdge - due to  datatypes fall out of the specified list
We can't test the function - tqdist_AllPairsQuartetDistanceEdge - due to  datatypes fall out of the specified list
We can't test the function - tqdist_AllPairsQuartetAgreementEdge - due to  datatypes fall out of the specified list
Testharness created for 13 functions in the package
 [1] "tqdist_QuartetDistance_DeepState_TestHarness.cpp"              
 [2] "tqdist_QuartetAgreement_DeepState_TestHarness.cpp"             
 [3] "tqdist_QuartetAgreementChar_DeepState_TestHarness.cpp"         
 [4] "tqdist_PairsQuartetDistance_DeepState_TestHarness.cpp"         
 [5] "tqdist_OneToManyQuartetAgreement_DeepState_TestHarness.cpp"    
 [6] "tqdist_OneToManyQuartetAgreementChar_DeepState_TestHarness.cpp"
 [7] "tqdist_AllPairsQuartetDistance_DeepState_TestHarness.cpp"      
 [8] "tqdist_AllPairsQuartetDistanceChar_DeepState_TestHarness.cpp"  
 [9] "tqdist_AllPairsQuartetAgreement_DeepState_TestHarness.cpp"     
[10] "tqdist_AllPairsQuartetAgreementChar_DeepState_TestHarness.cpp" 
[11] "tqdist_TripletDistance_DeepState_TestHarness.cpp"              
[12] "tqdist_PairsTripletDistance_DeepState_TestHarness.cpp"         
[13] "tqdist_AllPairsTripletDistance_DeepState_TestHarness.cpp"      
cd /home/akolla/R/x86_64-pc-linux-gnu-library/3.6/RcppDeepState/extdata/compileAttributes/Quartet/inst/testfiles/tqdist_QuartetDistance && rm -f *.o && make
clang++ -g -I/usr/share/R/include -I/home/akolla/R/x86_64-pc-linux-gnu-library/3.6/Rcpp/include -I/home/akolla/R/x86_64-pc-linux-gnu-library/3.6/RcppArmadillo/include -I/home/akolla/R/x86_64-pc-linux-gnu-library/3.6/qs/include -I/home/akolla/R/x86_64-pc-linux-gnu-library/3.6/RInside/include -I/home/akolla/R/x86_64-pc-linux-gnu-library/3.6/RcppDeepState/include /home/akolla/R/x86_64-pc-linux-gnu-library/3.6/RcppDeepState/extdata/compileAttributes/Quartet/inst/testfiles/tqdist_QuartetDistance/tqdist_QuartetDistance_DeepState_TestHarness.cpp -o /home/akolla/R/x86_64-pc-linux-gnu-library/3.6/RcppDeepState/extdata/compileAttributes/Quartet/inst/testfiles/tqdist_QuartetDistance/tqdist_QuartetDistance_DeepState_TestHarness.o -c
clang++ -g -o /home/akolla/R/x86_64-pc-linux-gnu-library/3.6/RcppDeepState/extdata/compileAttributes/Quartet/inst/testfiles/tqdist_QuartetDistance/tqdist_QuartetDistance_DeepState_TestHarness /home/akolla/R/x86_64-pc-linux-gnu-library/3.6/RcppDeepState/extdata/compileAttributes/Quartet/inst/testfiles/tqdist_QuartetDistance/tqdist_QuartetDistance_DeepState_TestHarness.o -I/home/akolla/R/x86_64-pc-linux-gnu-library/3.6/RcppDeepState/include -I/home/akolla/.RcppDeepState/deepstate-master/build -I/home/akolla/.RcppDeepState/deepstate-master/src/include -L/home/akolla/R/x86_64-pc-linux-gnu-library/3.6/RInside/lib -Wl,-rpath=/home/akolla/R/x86_64-pc-linux-gnu-library/3.6/RInside/lib -L/usr/share/R/lib -Wl,-rpath=/usr/share/R/lib -L/home/akolla/.RcppDeepState/deepstate-master/build -Wl,-rpath=/home/akolla/.RcppDeepState/deepstate-master/build -lR -lRInside -ldeepstate -I/usr/share/R/include -I/home/akolla/R/x86_64-pc-linux-gnu-library/3.6/Rcpp/include -I/home/akolla/R/x86_64-pc-linux-gnu-library/3.6/RcppArmadillo/include -I/home/akolla/.RcppDeepState/deepstate-master/src/include /home/akolla/R/x86_64-pc-linux-gnu-library/3.6/RcppDeepState/extdata/compileAttributes/Quartet/src/*.cpp
cd /home/akolla/R/x86_64-pc-linux-gnu-library/3.6/RcppDeepState/extdata/compileAttributes/Quartet/inst/testfiles/tqdist_QuartetDistance && valgrind --xml=yes --xml-file=/home/akolla/R/x86_64-pc-linux-gnu-library/3.6/RcppDeepState/extdata/compileAttributes/Quartet/inst/testfiles/tqdist_QuartetDistance/tqdist_QuartetDistance_log --tool=memcheck --leak-check=yes --track-origins=yes ./tqdist_QuartetDistance_DeepState_TestHarness --fuzz --fuzz_save_passing --output_test_dir /home/akolla/R/x86_64-pc-linux-gnu-library/3.6/RcppDeepState/extdata/compileAttributes/Quartet/inst/testfiles/tqdist_QuartetDistance/tqdist_QuartetDistance_output > /home/akolla/R/x86_64-pc-linux-gnu-library/3.6/RcppDeepState/extdata/compileAttributes/Quartet/inst/testfiles/tqdist_QuartetDistance/tqdist_QuartetDistance_log_text 2>&1 ; head /home/akolla/R/x86_64-pc-linux-gnu-library/3.6/RcppDeepState/extdata/compileAttributes/Quartet/inst/testfiles/tqdist_QuartetDistance/tqdist_QuartetDistance_log_text > /dev/null
cd /home/akolla/R/x86_64-pc-linux-gnu-library/3.6/RcppDeepState/extdata/compileAttributes/Quartet/inst/testfiles/tqdist_QuartetAgreement && rm -f *.o && make
clang++ -g -I/usr/share/R/include -I/home/akolla/R/x86_64-pc-linux-gnu-library/3.6/Rcpp/include -I/home/akolla/R/x86_64-pc-linux-gnu-library/3.6/RcppArmadillo/include -I/home/akolla/R/x86_64-pc-linux-gnu-library/3.6/qs/include -I/home/akolla/R/x86_64-pc-linux-gnu-library/3.6/RInside/include -I/home/akolla/R/x86_64-pc-linux-gnu-library/3.6/RcppDeepState/include /home/akolla/R/x86_64-pc-linux-gnu-library/3.6/RcppDeepState/extdata/compileAttributes/Quartet/inst/testfiles/tqdist_QuartetAgreement/tqdist_QuartetAgreement_DeepState_TestHarness.cpp -o /home/akolla/R/x86_64-pc-linux-gnu-library/3.6/RcppDeepState/extdata/compileAttributes/Quartet/inst/testfiles/tqdist_QuartetAgreement/tqdist_QuartetAgreement_DeepState_TestHarness.o -c
clang++ -g -o /home/akolla/R/x86_64-pc-linux-gnu-library/3.6/RcppDeepState/extdata/compileAttributes/Quartet/inst/testfiles/tqdist_QuartetAgreement/tqdist_QuartetAgreement_DeepState_TestHarness /home/akolla/R/x86_64-pc-linux-gnu-library/3.6/RcppDeepState/extdata/compileAttributes/Quartet/inst/testfiles/tqdist_QuartetAgreement/tqdist_QuartetAgreement_DeepState_TestHarness.o -I/home/akolla/R/x86_64-pc-linux-gnu-library/3.6/RcppDeepState/include -I/home/akolla/.RcppDeepState/deepstate-master/build -I/home/akolla/.RcppDeepState/deepstate-master/src/include -L/home/akolla/R/x86_64-pc-linux-gnu-library/3.6/RInside/lib -Wl,-rpath=/home/akolla/R/x86_64-pc-linux-gnu-library/3.6/RInside/lib -L/usr/share/R/lib -Wl,-rpath=/usr/share/R/lib -L/home/akolla/.RcppDeepState/deepstate-master/build -Wl,-rpath=/home/akolla/.RcppDeepState/deepstate-master/build -lR -lRInside -ldeepstate -I/usr/share/R/include -I/home/akolla/R/x86_64-pc-linux-gnu-library/3.6/Rcpp/include -I/home/akolla/R/x86_64-pc-linux-gnu-library/3.6/RcppArmadillo/include -I/home/akolla/.RcppDeepState/deepstate-master/src/include /home/akolla/R/x86_64-pc-linux-gnu-library/3.6/RcppDeepState/extdata/compileAttributes/Quartet/src/*.cpp
cd /home/akolla/R/x86_64-pc-linux-gnu-library/3.6/RcppDeepState/extdata/compileAttributes/Quartet/inst/testfiles/tqdist_QuartetAgreement && valgrind --xml=yes --xml-file=/home/akolla/R/x86_64-pc-linux-gnu-library/3.6/RcppDeepState/extdata/compileAttributes/Quartet/inst/testfiles/tqdist_QuartetAgreement/tqdist_QuartetAgreement_log --tool=memcheck --leak-check=yes --track-origins=yes ./tqdist_QuartetAgreement_DeepState_TestHarness --fuzz --fuzz_save_passing --output_test_dir /home/akolla/R/x86_64-pc-linux-gnu-library/3.6/RcppDeepState/extdata/compileAttributes/Quartet/inst/testfiles/tqdist_QuartetAgreement/tqdist_QuartetAgreement_output > /home/akolla/R/x86_64-pc-linux-gnu-library/3.6/RcppDeepState/extdata/compileAttributes/Quartet/inst/testfiles/tqdist_QuartetAgreement/tqdist_QuartetAgreement_log_text 2>&1 ; head /home/akolla/R/x86_64-pc-linux-gnu-library/3.6/RcppDeepState/extdata/compileAttributes/Quartet/inst/testfiles/tqdist_QuartetAgreement/tqdist_QuartetAgreement_log_text > /dev/null

