<?xml version="1.0"?>

<valgrindoutput>

<protocolversion>4</protocolversion>
<protocoltool>memcheck</protocoltool>

<preamble>
  <line>Memcheck, a memory error detector</line>
  <line>Copyright (C) 2002-2017, and GNU GPL'd, by Julian Seward et al.</line>
  <line>Using Valgrind-3.15.0 and LibVEX; rerun with -h for copyright info</line>
  <line>Command: ./calculate_test_error__DeepState_TestHarness --input_test_file /home/akhila/R/x86_64-pc-linux-gnu-library/3.6/RcppDeepState/extdata/issuestests/fastAdaboost/inst/testfiles/calculate_test_error_/calculate_test_error__output/54c6a9648f184068fe85b221a38d00d54ace322b.pass</line>
</preamble>

<pid>1840236</pid>
<ppid>1840235</ppid>
<tool>memcheck</tool>

<args>
  <vargv>
    <exe>/usr/bin/valgrind.bin</exe>
    <arg>--xml=yes</arg>
    <arg>--xml-file=/home/akhila/R/x86_64-pc-linux-gnu-library/3.6/RcppDeepState/extdata/issuestests/fastAdaboost/inst/testfiles/calculate_test_error_/calculate_test_error__output/log_54c6a9648f184068fe85b221a38d00d54ace322b/valgrind_log</arg>
    <arg>--tool=memcheck</arg>
    <arg>--leak-check=yes</arg>
  </vargv>
  <argv>
    <exe>./calculate_test_error__DeepState_TestHarness</exe>
    <arg>--input_test_file</arg>
    <arg>/home/akhila/R/x86_64-pc-linux-gnu-library/3.6/RcppDeepState/extdata/issuestests/fastAdaboost/inst/testfiles/calculate_test_error_/calculate_test_error__output/54c6a9648f184068fe85b221a38d00d54ace322b.pass</arg>
  </argv>
</args>

<status>
  <state>RUNNING</state>
  <time>00:00:00:00.040 </time>
</status>

<error>
  <unique>0x0</unique>
  <tid>1</tid>
  <kind>UninitCondition</kind>
  <what>Conditional jump or move depends on uninitialised value(s)</what>
  <stack>
    <frame>
      <ip>0x42C90B</ip>
      <obj>/home/akhila/R/x86_64-pc-linux-gnu-library/3.6/RcppDeepState/extdata/issuestests/fastAdaboost/inst/testfiles/calculate_test_error_/calculate_test_error__DeepState_TestHarness</obj>
      <fn>calculate_test_error_(Rcpp::Vector&lt;13, Rcpp::PreserveStorage&gt;, Rcpp::Vector&lt;13, Rcpp::PreserveStorage&gt;)</fn>
      <dir>/home/akhila/R/x86_64-pc-linux-gnu-library/3.6/RcppDeepState/extdata/issuestests/fastAdaboost/src</dir>
      <file>calculate_test_error.cpp</file>
      <line>12</line>
    </frame>
    <frame>
      <ip>0x40E7D5</ip>
      <obj>/home/akhila/R/x86_64-pc-linux-gnu-library/3.6/RcppDeepState/extdata/issuestests/fastAdaboost/inst/testfiles/calculate_test_error_/calculate_test_error__DeepState_TestHarness</obj>
      <fn>DeepState_Test_fastAdaboost_deepstate_test_calculate_test_error__test()</fn>
      <dir>/home/akhila/R/x86_64-pc-linux-gnu-library/3.6/RcppDeepState/extdata/issuestests/fastAdaboost/inst/testfiles/calculate_test_error_</dir>
      <file>calculate_test_error__DeepState_TestHarness.cpp</file>
      <line>23</line>
    </frame>
    <frame>
      <ip>0x40E3F8</ip>
      <obj>/home/akhila/R/x86_64-pc-linux-gnu-library/3.6/RcppDeepState/extdata/issuestests/fastAdaboost/inst/testfiles/calculate_test_error_/calculate_test_error__DeepState_TestHarness</obj>
      <fn>DeepState_Run_fastAdaboost_deepstate_test_calculate_test_error__test()</fn>
      <dir>/home/akhila/R/x86_64-pc-linux-gnu-library/3.6/RcppDeepState/extdata/issuestests/fastAdaboost/inst/testfiles/calculate_test_error_</dir>
      <file>calculate_test_error__DeepState_TestHarness.cpp</file>
      <line>10</line>
    </frame>
    <frame>
      <ip>0x41E1B8</ip>
      <obj>/home/akhila/R/x86_64-pc-linux-gnu-library/3.6/RcppDeepState/extdata/issuestests/fastAdaboost/inst/testfiles/calculate_test_error_/calculate_test_error__DeepState_TestHarness</obj>
      <fn>DeepState_RunTest.isra.0</fn>
    </frame>
    <frame>
      <ip>0x41E459</ip>
      <obj>/home/akhila/R/x86_64-pc-linux-gnu-library/3.6/RcppDeepState/extdata/issuestests/fastAdaboost/inst/testfiles/calculate_test_error_/calculate_test_error__DeepState_TestHarness</obj>
      <fn>DeepState_ForkAndRunTest</fn>
    </frame>
    <frame>
      <ip>0x41E534</ip>
      <obj>/home/akhila/R/x86_64-pc-linux-gnu-library/3.6/RcppDeepState/extdata/issuestests/fastAdaboost/inst/testfiles/calculate_test_error_/calculate_test_error__DeepState_TestHarness</obj>
      <fn>DeepState_RunSavedTestCase</fn>
    </frame>
    <frame>
      <ip>0x40C1A5</ip>
      <obj>/home/akhila/R/x86_64-pc-linux-gnu-library/3.6/RcppDeepState/extdata/issuestests/fastAdaboost/inst/testfiles/calculate_test_error_/calculate_test_error__DeepState_TestHarness</obj>
      <fn>main</fn>
    </frame>
  </stack>
</error>


<status>
  <state>FINISHED</state>
  <time>00:00:00:07.602 </time>
</status>

<errorcounts>
  <pair>
    <count>5</count>
    <unique>0x0</unique>
  </pair>
</errorcounts>

<suppcounts>
</suppcounts>

</valgrindoutput>


<status>
  <state>FINISHED</state>
  <time>00:00:00:08.099 </time>
</status>

<errorcounts>
</errorcounts>

<suppcounts>
</suppcounts>

</valgrindoutput>

